Release 12.4 - xst M.81d (nt64)
Copyright (c) 1995-2010 Xilinx, Inc.  All rights reserved.
--> Parameter TMPDIR set to xst/projnav.tmp


Total REAL time to Xst completion: 0.00 secs
Total CPU time to Xst completion: 0.09 secs
 
--> Parameter xsthdpdir set to xst


Total REAL time to Xst completion: 0.00 secs
Total CPU time to Xst completion: 0.09 secs
 
--> Reading design: controlpath.prj

TABLE OF CONTENTS
  1) Synthesis Options Summary
  2) HDL Parsing
  3) HDL Elaboration
  4) HDL Synthesis
       4.1) HDL Synthesis Report
  5) Advanced HDL Synthesis
       5.1) Advanced HDL Synthesis Report
  6) Low Level Synthesis
  7) Partition Report
  8) Design Summary
       8.1) Primitive and Black Box Usage
       8.2) Device utilization summary
       8.3) Partition Resource Summary
       8.4) Timing Report
            8.4.1) Clock Information
            8.4.2) Asynchronous Control Signals Information
            8.4.3) Timing Summary
            8.4.4) Timing Details
            8.4.5) Cross Clock Domains Report


=========================================================================
*                      Synthesis Options Summary                        *
=========================================================================
---- Source Parameters
Input File Name                    : "controlpath.prj"
Input Format                       : mixed
Ignore Synthesis Constraint File   : NO

---- Target Parameters
Output File Name                   : "controlpath"
Output Format                      : NGC
Target Device                      : xc6slx16-3-csg324

---- Source Options
Top Module Name                    : controlpath
Automatic FSM Extraction           : YES
FSM Encoding Algorithm             : Auto
Safe Implementation                : No
FSM Style                          : LUT
RAM Extraction                     : Yes
RAM Style                          : Auto
ROM Extraction                     : Yes
Shift Register Extraction          : YES
ROM Style                          : Auto
Resource Sharing                   : YES
Asynchronous To Synchronous        : NO
Shift Register Minimum Size        : 2
Use DSP Block                      : Auto
Automatic Register Balancing       : No

---- Target Options
LUT Combining                      : Auto
Reduce Control Sets                : Auto
Add IO Buffers                     : YES
Global Maximum Fanout              : 100000
Add Generic Clock Buffer(BUFG)     : 16
Register Duplication               : YES
Optimize Instantiated Primitives   : NO
Use Clock Enable                   : Auto
Use Synchronous Set                : Auto
Use Synchronous Reset              : Auto
Pack IO Registers into IOBs        : Auto
Equivalent register Removal        : YES

---- General Options
Optimization Goal                  : Speed
Optimization Effort                : 1
Power Reduction                    : NO
Keep Hierarchy                     : No
Netlist Hierarchy                  : As_Optimized
RTL Output                         : Yes
Global Optimization                : AllClockNets
Read Cores                         : YES
Write Timing Constraints           : NO
Cross Clock Analysis               : NO
Hierarchy Separator                : /
Bus Delimiter                      : <>
Case Specifier                     : Maintain
Slice Utilization Ratio            : 100
BRAM Utilization Ratio             : 100
DSP48 Utilization Ratio            : 100
Auto BRAM Packing                  : NO
Slice Utilization Ratio Delta      : 5

=========================================================================


=========================================================================
*                          HDL Parsing                                  *
=========================================================================
Parsing VHDL file "\Users\eiriklf\exersise1\../Documents/supportFiles_13/hardware/full_adder.vhd" into library work
Parsing entity <full_adder>.
Parsing architecture <Behavioral> of entity <full_adder>.
Parsing VHDL file "\Users\eiriklf\exersise1\mux.vhd" into library work
Parsing entity <simple_multiplexer>.
Parsing architecture <Behavioral> of entity <simple_multiplexer>.
Parsing VHDL file "\Users\eiriklf\exersise1\../Documents/supportFiles_13/hardware/mips_constant_pkg.vhd" into library work
Parsing package <MIPS_CONSTANT_PKG>.
Parsing VHDL file "\Users\eiriklf\exersise1\../Documents/supportFiles_13/hardware/adder.vhd" into library work
Parsing entity <adder>.
Parsing architecture <Behavioral> of entity <adder>.
Parsing VHDL file "\Users\eiriklf\exersise1\controlpath.vhd" into library work
Parsing entity <controlpath>.
Parsing architecture <Behavioral> of entity <controlpath>.

=========================================================================
*                            HDL Elaboration                            *
=========================================================================

Elaborating entity <controlpath> (architecture <Behavioral>) from library <work>.

Elaborating entity <adder> (architecture <Behavioral>) with generics from library <work>.

Elaborating entity <full_adder> (architecture <Behavioral>) from library <work>.

Elaborating entity <simple_multiplexer> (architecture <Behavioral>) with generics from library <work>.

=========================================================================
*                           HDL Synthesis                               *
=========================================================================

Synthesizing Unit <controlpath>.
    Related source file is "/users/eiriklf/exersise1/controlpath.vhd".
INFO:Xst:3010 - "/users/eiriklf/exersise1/controlpath.vhd" line 75: Output port <COUT> of the instance <ADDRESSADDER> is unconnected or connected to loadless signal.
    Summary:
	no macro.
Unit <controlpath> synthesized.

Synthesizing Unit <adder>.
    Related source file is "/users/eiriklf/documents/supportfiles_13/hardware/adder.vhd".
        N = 32
    Summary:
	no macro.
Unit <adder> synthesized.

Synthesizing Unit <full_adder>.
    Related source file is "/users/eiriklf/documents/supportfiles_13/hardware/full_adder.vhd".
    Summary:
Unit <full_adder> synthesized.

Synthesizing Unit <simple_multiplexer>.
    Related source file is "/users/eiriklf/exersise1/mux.vhd".
        N = 32
    Summary:
	inferred   1 Multiplexer(s).
Unit <simple_multiplexer> synthesized.

=========================================================================
HDL Synthesis Report

Macro Statistics
# Multiplexers                                         : 1
 32-bit 2-to-1 multiplexer                             : 1
# Xors                                                 : 64
 1-bit xor2                                            : 64

=========================================================================

=========================================================================
*                       Advanced HDL Synthesis                          *
=========================================================================


=========================================================================
Advanced HDL Synthesis Report

Macro Statistics
# Multiplexers                                         : 1
 32-bit 2-to-1 multiplexer                             : 1
# Xors                                                 : 64
 1-bit xor2                                            : 64

=========================================================================

=========================================================================
*                         Low Level Synthesis                           *
=========================================================================

Optimizing unit <controlpath> ...

Optimizing unit <adder> ...

Mapping all equations...
Building and optimizing final netlist ...
Found area constraint ratio of 100 (+ 5) on block controlpath, actual ratio is 0.

Final Macro Processing ...

=========================================================================
Final Register Report

Found no macro
=========================================================================

=========================================================================
*                           Partition Report                            *
=========================================================================

Partition Implementation Status
-------------------------------

  No Partitions were found in this design.

-------------------------------

=========================================================================
*                            Design Summary                             *
=========================================================================

Top Level Output File Name         : controlpath.ngc

Primitive and Black Box Usage:
------------------------------
# BELS                             : 46
#      LUT2                        : 6
#      LUT3                        : 18
#      LUT4                        : 2
#      LUT5                        : 13
#      LUT6                        : 7
# IO Buffers                       : 107
#      IBUF                        : 75
#      OBUF                        : 32

Device utilization summary:
---------------------------

Selected Device : 6slx16csg324-3 


Slice Logic Utilization: 
 Number of Slice LUTs:                   46  out of   9112     0%  
    Number used as Logic:                46  out of   9112     0%  

Slice Logic Distribution: 
 Number of LUT Flip Flop pairs used:     46
   Number with an unused Flip Flop:      46  out of     46   100%  
   Number with an unused LUT:             0  out of     46     0%  
   Number of fully used LUT-FF pairs:     0  out of     46     0%  
   Number of unique control sets:         0

IO Utilization: 
 Number of IOs:                         107
 Number of bonded IOBs:                 107  out of    232    46%  

Specific Feature Utilization:

---------------------------
Partition Resource Summary:
---------------------------

  No Partitions were found in this design.

---------------------------


=========================================================================
Timing Report

NOTE: THESE TIMING NUMBERS ARE ONLY A SYNTHESIS ESTIMATE.
      FOR ACCURATE TIMING INFORMATION PLEASE REFER TO THE TRACE REPORT
      GENERATED AFTER PLACE-and-ROUTE.

Clock Information:
------------------
No clock signals found in this design

Asynchronous Control Signals Information:
----------------------------------------
No asynchronous control signals found in this design

Timing Summary:
---------------
Speed Grade: -3

   Minimum period: No path found
   Minimum input arrival time before clock: No path found
   Maximum output required time after clock: No path found
   Maximum combinational path delay: 12.449ns

Timing Details:
---------------
All values displayed in nanoseconds (ns)

=========================================================================
Timing constraint: Default path analysis
  Total number of paths / destination ports: 352 / 32
-------------------------------------------------------------------------
Delay:               12.449ns (Levels of Logic = 11)
  Source:            PC_OUTPUT<16> (PAD)
  Destination:       FinalPCAddress<31> (PAD)

  Data Path: PC_OUTPUT<16> to FinalPCAddress<31>
                                Gate     Net
    Cell:in->out      fanout   Delay   Delay  Logical Name (Net Name)
    ----------------------------------------  ------------
     IBUF:I->O             3   1.222   0.879  PC_OUTPUT_16_IBUF (PC_OUTPUT_16_IBUF)
     LUT4:I1->O            3   0.205   0.651  ADDRESSADDER/CAUX<31>141 (ADDRESSADDER/CAUX<31>_bdd26)
     LUT5:I4->O            2   0.205   0.617  ADDRESSADDER/CAUX<31>121 (ADDRESSADDER/CAUX<31>_bdd22)
     LUT3:I2->O            3   0.205   0.651  ADDRESSADDER/CAUX<31>111 (ADDRESSADDER/CAUX<31>_bdd20)
     LUT5:I4->O            2   0.205   0.617  ADDRESSADDER/CAUX<31>91 (ADDRESSADDER/CAUX<31>_bdd16)
     LUT3:I2->O            3   0.205   0.651  ADDRESSADDER/CAUX<31>81 (ADDRESSADDER/CAUX<31>_bdd14)
     LUT5:I4->O            3   0.205   0.651  ADDRESSADDER/CAUX<31>61 (ADDRESSADDER/CAUX<31>_bdd10)
     LUT5:I4->O            3   0.205   0.651  ADDRESSADDER/CAUX<31>41 (ADDRESSADDER/CAUX<31>_bdd6)
     LUT5:I4->O            2   0.205   0.864  ADDRESSADDER/CAUX<31>21 (ADDRESSADDER/CAUX<31>_bdd2)
     LUT6:I2->O            1   0.203   0.579  MUX5/Mmux_output25 (FinalPCAddress_31_OBUF)
     OBUF:I->O                 2.571          FinalPCAddress_31_OBUF (FinalPCAddress<31>)
    ----------------------------------------
    Total                     12.449ns (5.636ns logic, 6.813ns route)
                                       (45.3% logic, 54.7% route)

=========================================================================

Cross Clock Domains Report:
--------------------------

=========================================================================


Total REAL time to Xst completion: 5.00 secs
Total CPU time to Xst completion: 4.88 secs
 
--> 

Total memory usage is 264200 kilobytes

Number of errors   :    0 (   0 filtered)
Number of warnings :    0 (   0 filtered)
Number of infos    :    1 (   0 filtered)

