Release 12.4 - xst M.81d (nt64)
Copyright (c) 1995-2010 Xilinx, Inc.  All rights reserved.
--> Parameter TMPDIR set to xst/projnav.tmp


Total REAL time to Xst completion: 0.00 secs
Total CPU time to Xst completion: 0.11 secs
 
--> Parameter xsthdpdir set to xst


Total REAL time to Xst completion: 0.00 secs
Total CPU time to Xst completion: 0.11 secs
 
--> Reading design: PC.prj

TABLE OF CONTENTS
  1) Synthesis Options Summary
  2) HDL Parsing
  3) HDL Elaboration
  4) HDL Synthesis
       4.1) HDL Synthesis Report
  5) Advanced HDL Synthesis
       5.1) Advanced HDL Synthesis Report
  6) Low Level Synthesis
  7) Partition Report
  8) Design Summary
       8.1) Primitive and Black Box Usage
       8.2) Device utilization summary
       8.3) Partition Resource Summary
       8.4) Timing Report
            8.4.1) Clock Information
            8.4.2) Asynchronous Control Signals Information
            8.4.3) Timing Summary
            8.4.4) Timing Details
            8.4.5) Cross Clock Domains Report


=========================================================================
*                      Synthesis Options Summary                        *
=========================================================================
---- Source Parameters
Input File Name                    : "PC.prj"
Input Format                       : mixed
Ignore Synthesis Constraint File   : NO

---- Target Parameters
Output File Name                   : "PC"
Output Format                      : NGC
Target Device                      : xc6slx16-3-csg324

---- Source Options
Top Module Name                    : PC
Automatic FSM Extraction           : YES
FSM Encoding Algorithm             : Auto
Safe Implementation                : No
FSM Style                          : LUT
RAM Extraction                     : Yes
RAM Style                          : Auto
ROM Extraction                     : Yes
Shift Register Extraction          : YES
ROM Style                          : Auto
Resource Sharing                   : YES
Asynchronous To Synchronous        : NO
Shift Register Minimum Size        : 2
Use DSP Block                      : Auto
Automatic Register Balancing       : No

---- Target Options
LUT Combining                      : Auto
Reduce Control Sets                : Auto
Add IO Buffers                     : YES
Global Maximum Fanout              : 100000
Add Generic Clock Buffer(BUFG)     : 16
Register Duplication               : YES
Optimize Instantiated Primitives   : NO
Use Clock Enable                   : Auto
Use Synchronous Set                : Auto
Use Synchronous Reset              : Auto
Pack IO Registers into IOBs        : Auto
Equivalent register Removal        : YES

---- General Options
Optimization Goal                  : Speed
Optimization Effort                : 1
Power Reduction                    : NO
Keep Hierarchy                     : No
Netlist Hierarchy                  : As_Optimized
RTL Output                         : Yes
Global Optimization                : AllClockNets
Read Cores                         : YES
Write Timing Constraints           : NO
Cross Clock Analysis               : NO
Hierarchy Separator                : /
Bus Delimiter                      : <>
Case Specifier                     : Maintain
Slice Utilization Ratio            : 100
BRAM Utilization Ratio             : 100
DSP48 Utilization Ratio            : 100
Auto BRAM Packing                  : NO
Slice Utilization Ratio Delta      : 5

=========================================================================


=========================================================================
*                          HDL Parsing                                  *
=========================================================================
Parsing VHDL file "\Users\eiriklf\exersise1\PC.vhd" into library work
Parsing entity <PC>.
Parsing architecture <Behavioral> of entity <pc>.

=========================================================================
*                            HDL Elaboration                            *
=========================================================================

Elaborating entity <PC> (architecture <Behavioral>) from library <work>.

=========================================================================
*                           HDL Synthesis                               *
=========================================================================

Synthesizing Unit <PC>.
    Related source file is "/users/eiriklf/exersise1/pc.vhd".
    Found 32-bit register for signal <data_out>.
    Found 32-bit adder for signal <data[31]_GND_5_o_add_0_OUT> created at line 56.
    Summary:
	inferred   1 Adder/Subtractor(s).
	inferred  32 D-type flip-flop(s).
	inferred   1 Multiplexer(s).
Unit <PC> synthesized.

=========================================================================
HDL Synthesis Report

Macro Statistics
# Adders/Subtractors                                   : 1
 32-bit adder                                          : 1
# Registers                                            : 1
 32-bit register                                       : 1
# Multiplexers                                         : 1
 32-bit 2-to-1 multiplexer                             : 1

=========================================================================

=========================================================================
*                       Advanced HDL Synthesis                          *
=========================================================================


=========================================================================
Advanced HDL Synthesis Report

Macro Statistics
# Adders/Subtractors                                   : 1
 32-bit adder                                          : 1
# Registers                                            : 32
 Flip-Flops                                            : 32
# Multiplexers                                         : 1
 32-bit 2-to-1 multiplexer                             : 1

=========================================================================

=========================================================================
*                         Low Level Synthesis                           *
=========================================================================

Optimizing unit <PC> ...

Mapping all equations...
Building and optimizing final netlist ...
Found area constraint ratio of 100 (+ 5) on block PC, actual ratio is 0.

Final Macro Processing ...

=========================================================================
Final Register Report

Macro Statistics
# Registers                                            : 32
 Flip-Flops                                            : 32

=========================================================================

=========================================================================
*                           Partition Report                            *
=========================================================================

Partition Implementation Status
-------------------------------

  No Partitions were found in this design.

-------------------------------

=========================================================================
*                            Design Summary                             *
=========================================================================

Top Level Output File Name         : PC.ngc

Primitive and Black Box Usage:
------------------------------
# BELS                             : 115
#      GND                         : 1
#      INV                         : 1
#      LUT1                        : 26
#      LUT2                        : 1
#      LUT3                        : 32
#      MUXCY                       : 26
#      VCC                         : 1
#      XORCY                       : 27
# FlipFlops/Latches                : 32
#      FDRE                        : 32
# Clock Buffers                    : 1
#      BUFGP                       : 1
# IO Buffers                       : 67
#      IBUF                        : 35
#      OBUF                        : 32

Device utilization summary:
---------------------------

Selected Device : 6slx16csg324-3 


Slice Logic Utilization: 
 Number of Slice Registers:              32  out of  18224     0%  
 Number of Slice LUTs:                   60  out of   9112     0%  
    Number used as Logic:                60  out of   9112     0%  

Slice Logic Distribution: 
 Number of LUT Flip Flop pairs used:     60
   Number with an unused Flip Flop:      28  out of     60    46%  
   Number with an unused LUT:             0  out of     60     0%  
   Number of fully used LUT-FF pairs:    32  out of     60    53%  
   Number of unique control sets:         1

IO Utilization: 
 Number of IOs:                          68
 Number of bonded IOBs:                  68  out of    232    29%  

Specific Feature Utilization:
 Number of BUFG/BUFGCTRLs:                1  out of     16     6%  

---------------------------
Partition Resource Summary:
---------------------------

  No Partitions were found in this design.

---------------------------


=========================================================================
Timing Report

NOTE: THESE TIMING NUMBERS ARE ONLY A SYNTHESIS ESTIMATE.
      FOR ACCURATE TIMING INFORMATION PLEASE REFER TO THE TRACE REPORT
      GENERATED AFTER PLACE-and-ROUTE.

Clock Information:
------------------
-----------------------------------+------------------------+-------+
Clock Signal                       | Clock buffer(FF name)  | Load  |
-----------------------------------+------------------------+-------+
clock                              | BUFGP                  | 32    |
-----------------------------------+------------------------+-------+

Asynchronous Control Signals Information:
----------------------------------------
No asynchronous control signals found in this design

Timing Summary:
---------------
Speed Grade: -3

   Minimum period: 2.983ns (Maximum Frequency: 335.222MHz)
   Minimum input arrival time before clock: 4.449ns
   Maximum output required time after clock: 3.634ns
   Maximum combinational path delay: No path found

Timing Details:
---------------
All values displayed in nanoseconds (ns)

=========================================================================
Timing constraint: Default period analysis for Clock 'clock'
  Clock period: 2.983ns (frequency: 335.222MHz)
  Total number of paths / destination ports: 383 / 32
-------------------------------------------------------------------------
Delay:               2.983ns (Levels of Logic = 29)
  Source:            data_5 (FF)
  Destination:       data_31 (FF)
  Source Clock:      clock rising
  Destination Clock: clock rising

  Data Path: data_5 to data_31
                                Gate     Net
    Cell:in->out      fanout   Delay   Delay  Logical Name (Net Name)
    ----------------------------------------  ------------
     FDRE:C->Q             2   0.447   0.616  data_5 (data_5)
     INV:I->O              1   0.206   0.000  Madd_data[31]_GND_5_o_add_0_OUT_lut<5>_INV_0 (Madd_data[31]_GND_5_o_add_0_OUT_lut<5>)
     MUXCY:S->O            1   0.172   0.000  Madd_data[31]_GND_5_o_add_0_OUT_cy<5> (Madd_data[31]_GND_5_o_add_0_OUT_cy<5>)
     MUXCY:CI->O           1   0.019   0.000  Madd_data[31]_GND_5_o_add_0_OUT_cy<6> (Madd_data[31]_GND_5_o_add_0_OUT_cy<6>)
     MUXCY:CI->O           1   0.019   0.000  Madd_data[31]_GND_5_o_add_0_OUT_cy<7> (Madd_data[31]_GND_5_o_add_0_OUT_cy<7>)
     MUXCY:CI->O           1   0.019   0.000  Madd_data[31]_GND_5_o_add_0_OUT_cy<8> (Madd_data[31]_GND_5_o_add_0_OUT_cy<8>)
     MUXCY:CI->O           1   0.019   0.000  Madd_data[31]_GND_5_o_add_0_OUT_cy<9> (Madd_data[31]_GND_5_o_add_0_OUT_cy<9>)
     MUXCY:CI->O           1   0.019   0.000  Madd_data[31]_GND_5_o_add_0_OUT_cy<10> (Madd_data[31]_GND_5_o_add_0_OUT_cy<10>)
     MUXCY:CI->O           1   0.019   0.000  Madd_data[31]_GND_5_o_add_0_OUT_cy<11> (Madd_data[31]_GND_5_o_add_0_OUT_cy<11>)
     MUXCY:CI->O           1   0.019   0.000  Madd_data[31]_GND_5_o_add_0_OUT_cy<12> (Madd_data[31]_GND_5_o_add_0_OUT_cy<12>)
     MUXCY:CI->O           1   0.019   0.000  Madd_data[31]_GND_5_o_add_0_OUT_cy<13> (Madd_data[31]_GND_5_o_add_0_OUT_cy<13>)
     MUXCY:CI->O           1   0.019   0.000  Madd_data[31]_GND_5_o_add_0_OUT_cy<14> (Madd_data[31]_GND_5_o_add_0_OUT_cy<14>)
     MUXCY:CI->O           1   0.019   0.000  Madd_data[31]_GND_5_o_add_0_OUT_cy<15> (Madd_data[31]_GND_5_o_add_0_OUT_cy<15>)
     MUXCY:CI->O           1   0.019   0.000  Madd_data[31]_GND_5_o_add_0_OUT_cy<16> (Madd_data[31]_GND_5_o_add_0_OUT_cy<16>)
     MUXCY:CI->O           1   0.019   0.000  Madd_data[31]_GND_5_o_add_0_OUT_cy<17> (Madd_data[31]_GND_5_o_add_0_OUT_cy<17>)
     MUXCY:CI->O           1   0.019   0.000  Madd_data[31]_GND_5_o_add_0_OUT_cy<18> (Madd_data[31]_GND_5_o_add_0_OUT_cy<18>)
     MUXCY:CI->O           1   0.019   0.000  Madd_data[31]_GND_5_o_add_0_OUT_cy<19> (Madd_data[31]_GND_5_o_add_0_OUT_cy<19>)
     MUXCY:CI->O           1   0.019   0.000  Madd_data[31]_GND_5_o_add_0_OUT_cy<20> (Madd_data[31]_GND_5_o_add_0_OUT_cy<20>)
     MUXCY:CI->O           1   0.019   0.000  Madd_data[31]_GND_5_o_add_0_OUT_cy<21> (Madd_data[31]_GND_5_o_add_0_OUT_cy<21>)
     MUXCY:CI->O           1   0.019   0.000  Madd_data[31]_GND_5_o_add_0_OUT_cy<22> (Madd_data[31]_GND_5_o_add_0_OUT_cy<22>)
     MUXCY:CI->O           1   0.019   0.000  Madd_data[31]_GND_5_o_add_0_OUT_cy<23> (Madd_data[31]_GND_5_o_add_0_OUT_cy<23>)
     MUXCY:CI->O           1   0.019   0.000  Madd_data[31]_GND_5_o_add_0_OUT_cy<24> (Madd_data[31]_GND_5_o_add_0_OUT_cy<24>)
     MUXCY:CI->O           1   0.019   0.000  Madd_data[31]_GND_5_o_add_0_OUT_cy<25> (Madd_data[31]_GND_5_o_add_0_OUT_cy<25>)
     MUXCY:CI->O           1   0.019   0.000  Madd_data[31]_GND_5_o_add_0_OUT_cy<26> (Madd_data[31]_GND_5_o_add_0_OUT_cy<26>)
     MUXCY:CI->O           1   0.019   0.000  Madd_data[31]_GND_5_o_add_0_OUT_cy<27> (Madd_data[31]_GND_5_o_add_0_OUT_cy<27>)
     MUXCY:CI->O           1   0.019   0.000  Madd_data[31]_GND_5_o_add_0_OUT_cy<28> (Madd_data[31]_GND_5_o_add_0_OUT_cy<28>)
     MUXCY:CI->O           1   0.019   0.000  Madd_data[31]_GND_5_o_add_0_OUT_cy<29> (Madd_data[31]_GND_5_o_add_0_OUT_cy<29>)
     MUXCY:CI->O           0   0.019   0.000  Madd_data[31]_GND_5_o_add_0_OUT_cy<30> (Madd_data[31]_GND_5_o_add_0_OUT_cy<30>)
     XORCY:CI->O           1   0.180   0.580  Madd_data[31]_GND_5_o_add_0_OUT_xor<31> (data[31]_GND_5_o_add_0_OUT<31>)
     LUT3:I2->O            1   0.205   0.000  Mmux_data[31]_Data_in[31]_mux_2_OUT251 (data[31]_Data_in[31]_mux_2_OUT<31>)
     FDRE:D                    0.102          data_31
    ----------------------------------------
    Total                      2.983ns (1.787ns logic, 1.196ns route)
                                       (59.9% logic, 40.1% route)

=========================================================================
Timing constraint: Default OFFSET IN BEFORE for Clock 'clock'
  Total number of paths / destination ports: 160 / 96
-------------------------------------------------------------------------
Offset:              4.449ns (Levels of Logic = 2)
  Source:            write_enable (PAD)
  Destination:       data_0 (FF)
  Destination Clock: clock rising

  Data Path: write_enable to data_0
                                Gate     Net
    Cell:in->out      fanout   Delay   Delay  Logical Name (Net Name)
    ----------------------------------------  ------------
     IBUF:I->O            33   1.222   1.410  write_enable_IBUF (write_enable_IBUF)
     LUT2:I0->O           32   0.203   1.291  _n0017_inv1 (_n0017_inv)
     FDRE:CE                   0.322          data_0
    ----------------------------------------
    Total                      4.449ns (1.747ns logic, 2.702ns route)
                                       (39.3% logic, 60.7% route)

=========================================================================
Timing constraint: Default OFFSET OUT AFTER for Clock 'clock'
  Total number of paths / destination ports: 32 / 32
-------------------------------------------------------------------------
Offset:              3.634ns (Levels of Logic = 1)
  Source:            data_31 (FF)
  Destination:       data_out<31> (PAD)
  Source Clock:      clock rising

  Data Path: data_31 to data_out<31>
                                Gate     Net
    Cell:in->out      fanout   Delay   Delay  Logical Name (Net Name)
    ----------------------------------------  ------------
     FDRE:C->Q             2   0.447   0.616  data_31 (data_31)
     OBUF:I->O                 2.571          data_out_31_OBUF (data_out<31>)
    ----------------------------------------
    Total                      3.634ns (3.018ns logic, 0.616ns route)
                                       (83.0% logic, 17.0% route)

=========================================================================

Cross Clock Domains Report:
--------------------------

Clock to Setup on destination clock clock
---------------+---------+---------+---------+---------+
               | Src:Rise| Src:Fall| Src:Rise| Src:Fall|
Source Clock   |Dest:Rise|Dest:Rise|Dest:Fall|Dest:Fall|
---------------+---------+---------+---------+---------+
clock          |    2.983|         |         |         |
---------------+---------+---------+---------+---------+

=========================================================================


Total REAL time to Xst completion: 5.00 secs
Total CPU time to Xst completion: 4.80 secs
 
--> 

Total memory usage is 262672 kilobytes

Number of errors   :    0 (   0 filtered)
Number of warnings :    0 (   0 filtered)
Number of infos    :    0 (   0 filtered)

