Release 12.4 - xst M.81d (nt64)
Copyright (c) 1995-2010 Xilinx, Inc.  All rights reserved.
--> Parameter TMPDIR set to xst/projnav.tmp


Total REAL time to Xst completion: 0.00 secs
Total CPU time to Xst completion: 0.11 secs
 
--> Parameter xsthdpdir set to xst


Total REAL time to Xst completion: 0.00 secs
Total CPU time to Xst completion: 0.11 secs
 
--> Reading design: toplevel.prj

TABLE OF CONTENTS
  1) Synthesis Options Summary
  2) HDL Parsing
  3) HDL Elaboration
  4) HDL Synthesis
       4.1) HDL Synthesis Report
  5) Advanced HDL Synthesis
       5.1) Advanced HDL Synthesis Report
  6) Low Level Synthesis
  7) Partition Report
  8) Design Summary
       8.1) Primitive and Black Box Usage
       8.2) Device utilization summary
       8.3) Partition Resource Summary
       8.4) Timing Report
            8.4.1) Clock Information
            8.4.2) Asynchronous Control Signals Information
            8.4.3) Timing Summary
            8.4.4) Timing Details
            8.4.5) Cross Clock Domains Report


=========================================================================
*                      Synthesis Options Summary                        *
=========================================================================
---- Source Parameters
Input File Name                    : "toplevel.prj"
Input Format                       : mixed
Ignore Synthesis Constraint File   : NO

---- Target Parameters
Output File Name                   : "toplevel"
Output Format                      : NGC
Target Device                      : xc6slx16-2-csg324

---- Source Options
Top Module Name                    : toplevel
Automatic FSM Extraction           : YES
FSM Encoding Algorithm             : Auto
Safe Implementation                : No
FSM Style                          : LUT
RAM Extraction                     : Yes
RAM Style                          : Auto
ROM Extraction                     : Yes
Shift Register Extraction          : YES
ROM Style                          : Auto
Resource Sharing                   : YES
Asynchronous To Synchronous        : NO
Shift Register Minimum Size        : 2
Use DSP Block                      : Auto
Automatic Register Balancing       : No

---- Target Options
LUT Combining                      : Auto
Reduce Control Sets                : Auto
Add IO Buffers                     : YES
Global Maximum Fanout              : 100000
Add Generic Clock Buffer(BUFG)     : 16
Register Duplication               : YES
Optimize Instantiated Primitives   : NO
Use Clock Enable                   : Auto
Use Synchronous Set                : Auto
Use Synchronous Reset              : Auto
Pack IO Registers into IOBs        : Auto
Equivalent register Removal        : YES

---- General Options
Optimization Goal                  : Speed
Optimization Effort                : 1
Power Reduction                    : NO
Keep Hierarchy                     : No
Netlist Hierarchy                  : As_Optimized
RTL Output                         : Yes
Global Optimization                : AllClockNets
Read Cores                         : YES
Write Timing Constraints           : NO
Cross Clock Analysis               : NO
Hierarchy Separator                : /
Bus Delimiter                      : <>
Case Specifier                     : Maintain
Slice Utilization Ratio            : 100
BRAM Utilization Ratio             : 100
DSP48 Utilization Ratio            : 100
Auto BRAM Packing                  : NO
Slice Utilization Ratio Delta      : 5

=========================================================================


=========================================================================
*                          HDL Parsing                                  *
=========================================================================
Parsing VHDL file "\Users\eiriklf\exersise2\file/lookahead.vhd" into library work
Parsing entity <alu_full_adder>.
Parsing architecture <Behavioral> of entity <alu_full_adder>.
Parsing VHDL file "\Users\eiriklf\exersise2\file/mips_constant_pkg.vhd" into library work
Parsing package <MIPS_CONSTANT_PKG>.
Parsing VHDL file "\Users\eiriklf\exersise2\file/full_adder.vhd" into library work
Parsing entity <full_adder>.
Parsing architecture <Behavioral> of entity <full_adder>.
Parsing VHDL file "\Users\eiriklf\exersise2\file/alu_1bit.vhd" into library work
Parsing entity <alu_1bit>.
Parsing architecture <Behavioral> of entity <alu_1bit>.
Parsing VHDL file "\Users\eiriklf\exersise2\Regi.vhd" into library work
Parsing entity <regi>.
Parsing architecture <Behavioral> of entity <regi>.
Parsing VHDL file "\Users\eiriklf\exersise2\file/register_file.vhd" into library work
Parsing entity <register_file>.
Parsing architecture <Behavioral> of entity <register_file>.
Parsing VHDL file "\Users\eiriklf\exersise2\file/PC.vhd" into library work
Parsing entity <PC>.
Parsing architecture <Behavioral> of entity <pc>.
Parsing VHDL file "\Users\eiriklf\exersise2\file/mux.vhd" into library work
Parsing entity <simple_multiplexer>.
Parsing architecture <Behavioral> of entity <simple_multiplexer>.
Parsing VHDL file "\Users\eiriklf\exersise2\file/control.vhd" into library work
Parsing entity <control>.
Parsing architecture <Behavioral> of entity <control>.
Parsing VHDL file "\Users\eiriklf\exersise2\file/ALUop.vhd" into library work
Parsing entity <ALUoperation>.
Parsing architecture <Behavioral> of entity <aluoperation>.
Parsing VHDL file "\Users\eiriklf\exersise2\file/alu.vhd" into library work
Parsing entity <alu>.
Parsing architecture <Behavioral> of entity <alu>.
Parsing VHDL file "\Users\eiriklf\exersise2\file/adder.vhd" into library work
Parsing entity <adder>.
Parsing architecture <Behavioral> of entity <adder>.
Parsing VHDL file "\Users\eiriklf\exersise2\file/processor.vhd" into library work
Parsing entity <PROCESSOR>.
Parsing architecture <Behavioral> of entity <processor>.
WARNING:HDLCompiler:946 - "\Users\eiriklf\exersise2\file/processor.vhd" Line 267: Actual for formal port data_in is neither a static name nor a globally static expression
WARNING:HDLCompiler:946 - "\Users\eiriklf\exersise2\file/processor.vhd" Line 274: Actual for formal port data_in is neither a static name nor a globally static expression
WARNING:HDLCompiler:946 - "\Users\eiriklf\exersise2\file/processor.vhd" Line 281: Actual for formal port data_in is neither a static name nor a globally static expression
WARNING:HDLCompiler:946 - "\Users\eiriklf\exersise2\file/processor.vhd" Line 288: Actual for formal port data_in is neither a static name nor a globally static expression
Parsing VHDL file "\Users\eiriklf\exersise2\file/memory.vhd" into library work
Parsing entity <memory>.
Parsing architecture <Behavioral> of entity <memory>.
Parsing VHDL file "\Users\eiriklf\exersise2\file/com.vhd" into library work
Parsing entity <com>.
Parsing architecture <Behavioral> of entity <com>.
Parsing VHDL file "\Users\eiriklf\exersise2\file/toplevel.vhd" into library work
Parsing entity <toplevel>.
Parsing architecture <Behavioral> of entity <toplevel>.

=========================================================================
*                            HDL Elaboration                            *
=========================================================================

Elaborating entity <toplevel> (architecture <Behavioral>) with generics from library <work>.

Elaborating entity <com> (architecture <Behavioral>) with generics from library <work>.
INFO:HDLCompiler:679 - "\Users\eiriklf\exersise2\file/com.vhd" Line 231. Case statement is complete. others clause is never selected

Elaborating entity <memory> (architecture <Behavioral>) with generics from library <work>.

Elaborating entity <PROCESSOR> (architecture <Behavioral>) with generics from library <work>.

Elaborating entity <ALUoperation> (architecture <Behavioral>) from library <work>.

Elaborating entity <alu> (architecture <Behavioral>) with generics from library <work>.

Elaborating entity <alu_1bit> (architecture <Behavioral>) from library <work>.

Elaborating entity <alu_full_adder> (architecture <Behavioral>) from library <work>.

Elaborating entity <register_file> (architecture <Behavioral>) from library <work>.

Elaborating entity <PC> (architecture <Behavioral>) from library <work>.

Elaborating entity <regi> (architecture <Behavioral>) with generics from library <work>.

Elaborating entity <regi> (architecture <Behavioral>) with generics from library <work>.

Elaborating entity <regi> (architecture <Behavioral>) with generics from library <work>.

Elaborating entity <regi> (architecture <Behavioral>) with generics from library <work>.

Elaborating entity <control> (architecture <Behavioral>) from library <work>.

Elaborating entity <adder> (architecture <Behavioral>) with generics from library <work>.

Elaborating entity <full_adder> (architecture <Behavioral>) from library <work>.

Elaborating entity <simple_multiplexer> (architecture <Behavioral>) with generics from library <work>.

Elaborating entity <simple_multiplexer> (architecture <Behavioral>) with generics from library <work>.

=========================================================================
*                           HDL Synthesis                               *
=========================================================================

Synthesizing Unit <toplevel>.
    Related source file is "/users/eiriklf/exersise2/file/toplevel.vhd".
        MEM_ADDR_BUS = 32
        MEM_DATA_BUS = 32
    Summary:
	inferred   6 Multiplexer(s).
Unit <toplevel> synthesized.

Synthesizing Unit <com>.
    Related source file is "/users/eiriklf/exersise2/file/com.vhd".
        MEM_ADDR_BUS = 32
        MEM_DATA_BUS = 32
        INPUT_BUS_WIDTH = 32
    Found 32-bit register for signal <status>.
    Found 32-bit register for signal <bus_data_out>.
    Found 32-bit register for signal <read_addr>.
    Found 32-bit register for signal <write_addr>.
    Found 32-bit register for signal <write_data>.
    Found 1-bit register for signal <write_enable>.
    Found 1-bit register for signal <processor_enable>.
    Found 1-bit register for signal <write_imem>.
    Found 32-bit register for signal <internal_data_out>.
    Found 3-bit register for signal <state>.
    Found finite state machine <FSM_0> for signal <state>.
    -----------------------------------------------------------------------
    | States             | 8                                              |
    | Transitions        | 16                                             |
    | Inputs             | 5                                              |
    | Outputs            | 8                                              |
    | Clock              | clk (rising_edge)                              |
    | Reset              | reset (positive)                               |
    | Reset type         | synchronous                                    |
    | Reset State        | 000                                            |
    | Encoding           | auto                                           |
    | Implementation     | LUT                                            |
    -----------------------------------------------------------------------
    Summary:
	inferred 195 D-type flip-flop(s).
	inferred   3 Multiplexer(s).
	inferred   1 Finite State Machine(s).
Unit <com> synthesized.

Synthesizing Unit <memory>.
    Related source file is "/users/eiriklf/exersise2/file/memory.vhd".
        N = 32
        M = 8
WARNING:Xst:647 - Input <W_ADDR<31:8>> is never used. This port will be preserved and left unconnected if it belongs to a top-level block or it belongs to a sub-block and the hierarchy of this sub-block is preserved.
WARNING:Xst:647 - Input <ADDR<31:8>> is never used. This port will be preserved and left unconnected if it belongs to a top-level block or it belongs to a sub-block and the hierarchy of this sub-block is preserved.
WARNING:Xst:647 - Input <RESET> is never used. This port will be preserved and left unconnected if it belongs to a top-level block or it belongs to a sub-block and the hierarchy of this sub-block is preserved.
    Found 256x32-bit dual-port RAM <Mram_MEM> for signal <MEM>.
    Found 8-bit register for signal <address_reg<7:0>>.
    Summary:
	inferred   1 RAM(s).
	inferred   8 D-type flip-flop(s).
Unit <memory> synthesized.

Synthesizing Unit <PROCESSOR>.
    Related source file is "/users/eiriklf/exersise2/file/processor.vhd".
        MEM_ADDR_BUS = 32
        MEM_DATA_BUS = 32
INFO:Xst:3010 - "/users/eiriklf/exersise2/file/processor.vhd" line 239: Output port <FLAGS_Carry> of the instance <ALUTD> is unconnected or connected to loadless signal.
INFO:Xst:3010 - "/users/eiriklf/exersise2/file/processor.vhd" line 239: Output port <FLAGS_Overflow> of the instance <ALUTD> is unconnected or connected to loadless signal.
INFO:Xst:3010 - "/users/eiriklf/exersise2/file/processor.vhd" line 239: Output port <FLAGS_Negative> of the instance <ALUTD> is unconnected or connected to loadless signal.
INFO:Xst:3010 - "/users/eiriklf/exersise2/file/processor.vhd" line 295: Output port <write_enable> of the instance <CONTROL_UNIT> is unconnected or connected to loadless signal.
INFO:Xst:3010 - "/users/eiriklf/exersise2/file/processor.vhd" line 308: Output port <COUT> of the instance <Addressincrementer> is unconnected or connected to loadless signal.
INFO:Xst:3010 - "/users/eiriklf/exersise2/file/processor.vhd" line 315: Output port <COUT> of the instance <ADDRESSADDER> is unconnected or connected to loadless signal.
    Summary:
	no macro.
Unit <PROCESSOR> synthesized.

Synthesizing Unit <ALUoperation>.
    Related source file is "/users/eiriklf/exersise2/file/aluop.vhd".
    Summary:
	inferred   5 Multiplexer(s).
Unit <ALUoperation> synthesized.

Synthesizing Unit <alu>.
    Related source file is "/users/eiriklf/exersise2/file/alu.vhd".
        N = 32
INFO:Xst:3010 - "/users/eiriklf/exersise2/file/alu.vhd" line 77: Output port <COUT> of the instance <BEGIN_ALU1B> is unconnected or connected to loadless signal.
INFO:Xst:3010 - "/users/eiriklf/exersise2/file/alu.vhd" line 77: Output port <SET> of the instance <BEGIN_ALU1B> is unconnected or connected to loadless signal.
INFO:Xst:3010 - "/users/eiriklf/exersise2/file/alu.vhd" line 95: Output port <COUT> of the instance <GEN_ALU[2].NEXT_ALU1B> is unconnected or connected to loadless signal.
INFO:Xst:3010 - "/users/eiriklf/exersise2/file/alu.vhd" line 95: Output port <SET> of the instance <GEN_ALU[2].NEXT_ALU1B> is unconnected or connected to loadless signal.
INFO:Xst:3010 - "/users/eiriklf/exersise2/file/alu.vhd" line 95: Output port <COUT> of the instance <GEN_ALU[3].NEXT_ALU1B> is unconnected or connected to loadless signal.
INFO:Xst:3010 - "/users/eiriklf/exersise2/file/alu.vhd" line 95: Output port <SET> of the instance <GEN_ALU[3].NEXT_ALU1B> is unconnected or connected to loadless signal.
INFO:Xst:3010 - "/users/eiriklf/exersise2/file/alu.vhd" line 95: Output port <COUT> of the instance <GEN_ALU[4].NEXT_ALU1B> is unconnected or connected to loadless signal.
INFO:Xst:3010 - "/users/eiriklf/exersise2/file/alu.vhd" line 95: Output port <SET> of the instance <GEN_ALU[4].NEXT_ALU1B> is unconnected or connected to loadless signal.
INFO:Xst:3010 - "/users/eiriklf/exersise2/file/alu.vhd" line 95: Output port <COUT> of the instance <GEN_ALU[5].NEXT_ALU1B> is unconnected or connected to loadless signal.
INFO:Xst:3010 - "/users/eiriklf/exersise2/file/alu.vhd" line 95: Output port <SET> of the instance <GEN_ALU[5].NEXT_ALU1B> is unconnected or connected to loadless signal.
INFO:Xst:3010 - "/users/eiriklf/exersise2/file/alu.vhd" line 95: Output port <COUT> of the instance <GEN_ALU[6].NEXT_ALU1B> is unconnected or connected to loadless signal.
INFO:Xst:3010 - "/users/eiriklf/exersise2/file/alu.vhd" line 95: Output port <SET> of the instance <GEN_ALU[6].NEXT_ALU1B> is unconnected or connected to loadless signal.
INFO:Xst:3010 - "/users/eiriklf/exersise2/file/alu.vhd" line 95: Output port <COUT> of the instance <GEN_ALU[7].NEXT_ALU1B> is unconnected or connected to loadless signal.
INFO:Xst:3010 - "/users/eiriklf/exersise2/file/alu.vhd" line 95: Output port <SET> of the instance <GEN_ALU[7].NEXT_ALU1B> is unconnected or connected to loadless signal.
    Summary:
	inferred   1 Multiplexer(s).
Unit <alu> synthesized.

Synthesizing Unit <alu_1bit>.
    Related source file is "/users/eiriklf/exersise2/file/alu_1bit.vhd".
    Summary:
	inferred   5 Multiplexer(s).
Unit <alu_1bit> synthesized.

Synthesizing Unit <alu_full_adder>.
    Related source file is "/users/eiriklf/exersise2/file/lookahead.vhd".
    Summary:
Unit <alu_full_adder> synthesized.

Synthesizing Unit <register_file>.
    Related source file is "/users/eiriklf/exersise2/file/register_file.vhd".
WARNING:Xst:647 - Input <RESET> is never used. This port will be preserved and left unconnected if it belongs to a top-level block or it belongs to a sub-block and the hierarchy of this sub-block is preserved.
    Found 32x32-bit dual-port RAM <Mram_REGS> for signal <REGS>.
    Summary:
	inferred   2 RAM(s).
	inferred   2 Multiplexer(s).
Unit <register_file> synthesized.

Synthesizing Unit <PC>.
    Related source file is "/users/eiriklf/exersise2/file/pc.vhd".
WARNING:Xst:647 - Input <write_enable> is never used. This port will be preserved and left unconnected if it belongs to a top-level block or it belongs to a sub-block and the hierarchy of this sub-block is preserved.
    Found 32-bit register for signal <data>.
    Summary:
	inferred  32 D-type flip-flop(s).
Unit <PC> synthesized.

Synthesizing Unit <regi_1>.
    Related source file is "/users/eiriklf/exersise2/regi.vhd".
        N = 64
WARNING:Xst:647 - Input <reset> is never used. This port will be preserved and left unconnected if it belongs to a top-level block or it belongs to a sub-block and the hierarchy of this sub-block is preserved.
WARNING:Xst:647 - Input <write_enable> is never used. This port will be preserved and left unconnected if it belongs to a top-level block or it belongs to a sub-block and the hierarchy of this sub-block is preserved.
    Found 64-bit register for signal <data>.
    Summary:
	inferred  64 D-type flip-flop(s).
Unit <regi_1> synthesized.

Synthesizing Unit <regi_2>.
    Related source file is "/users/eiriklf/exersise2/regi.vhd".
        N = 179
WARNING:Xst:647 - Input <reset> is never used. This port will be preserved and left unconnected if it belongs to a top-level block or it belongs to a sub-block and the hierarchy of this sub-block is preserved.
WARNING:Xst:647 - Input <write_enable> is never used. This port will be preserved and left unconnected if it belongs to a top-level block or it belongs to a sub-block and the hierarchy of this sub-block is preserved.
    Found 179-bit register for signal <data>.
    Summary:
	inferred 179 D-type flip-flop(s).
Unit <regi_2> synthesized.

Synthesizing Unit <regi_3>.
    Related source file is "/users/eiriklf/exersise2/regi.vhd".
        N = 139
WARNING:Xst:647 - Input <reset> is never used. This port will be preserved and left unconnected if it belongs to a top-level block or it belongs to a sub-block and the hierarchy of this sub-block is preserved.
WARNING:Xst:647 - Input <write_enable> is never used. This port will be preserved and left unconnected if it belongs to a top-level block or it belongs to a sub-block and the hierarchy of this sub-block is preserved.
    Found 139-bit register for signal <data>.
    Summary:
	inferred 139 D-type flip-flop(s).
Unit <regi_3> synthesized.

Synthesizing Unit <regi_4>.
    Related source file is "/users/eiriklf/exersise2/regi.vhd".
        N = 71
WARNING:Xst:647 - Input <reset> is never used. This port will be preserved and left unconnected if it belongs to a top-level block or it belongs to a sub-block and the hierarchy of this sub-block is preserved.
WARNING:Xst:647 - Input <write_enable> is never used. This port will be preserved and left unconnected if it belongs to a top-level block or it belongs to a sub-block and the hierarchy of this sub-block is preserved.
    Found 71-bit register for signal <data>.
    Summary:
	inferred  71 D-type flip-flop(s).
Unit <regi_4> synthesized.

Synthesizing Unit <control>.
    Related source file is "/users/eiriklf/exersise2/file/control.vhd".
WARNING:Xst:647 - Input <clk> is never used. This port will be preserved and left unconnected if it belongs to a top-level block or it belongs to a sub-block and the hierarchy of this sub-block is preserved.
WARNING:Xst:647 - Input <reset> is never used. This port will be preserved and left unconnected if it belongs to a top-level block or it belongs to a sub-block and the hierarchy of this sub-block is preserved.
WARNING:Xst:653 - Signal <write_enable> is used but never assigned. This sourceless signal will be automatically connected to value GND.
    Summary:
	inferred  24 Multiplexer(s).
Unit <control> synthesized.

Synthesizing Unit <adder>.
    Related source file is "/users/eiriklf/exersise2/file/adder.vhd".
        N = 32
    Summary:
	no macro.
Unit <adder> synthesized.

Synthesizing Unit <full_adder>.
    Related source file is "/users/eiriklf/exersise2/file/full_adder.vhd".
    Summary:
Unit <full_adder> synthesized.

Synthesizing Unit <simple_multiplexer_1>.
    Related source file is "/users/eiriklf/exersise2/file/mux.vhd".
        N = 5
    Summary:
	inferred   1 Multiplexer(s).
Unit <simple_multiplexer_1> synthesized.

Synthesizing Unit <simple_multiplexer_2>.
    Related source file is "/users/eiriklf/exersise2/file/mux.vhd".
        N = 32
    Summary:
	inferred   1 Multiplexer(s).
Unit <simple_multiplexer_2> synthesized.

=========================================================================
HDL Synthesis Report

Macro Statistics
# RAMs                                                 : 4
 256x32-bit dual-port RAM                              : 2
 32x32-bit dual-port RAM                               : 2
# Registers                                            : 16
 1-bit register                                        : 3
 139-bit register                                      : 1
 179-bit register                                      : 1
 32-bit register                                       : 7
 64-bit register                                       : 1
 71-bit register                                       : 1
 8-bit register                                        : 2
# Multiplexers                                         : 86
 1-bit 2-to-1 multiplexer                              : 27
 32-bit 2-to-1 multiplexer                             : 13
 4-bit 2-to-1 multiplexer                              : 45
 5-bit 2-to-1 multiplexer                              : 1
# FSMs                                                 : 1
# Xors                                                 : 193
 1-bit xor2                                            : 193

=========================================================================

=========================================================================
*                       Advanced HDL Synthesis                          *
=========================================================================

INFO:Xst:2261 - The FF/Latch <status_29> in Unit <TDT4255_COM> is equivalent to the following 29 FFs/Latches, which will be removed : <status_28> <status_27> <status_26> <status_25> <status_24> <status_23> <status_22> <status_21> <status_20> <status_19> <status_18> <status_17> <status_16> <status_15> <status_14> <status_13> <status_12> <status_11> <status_10> <status_9> <status_8> <status_7> <status_6> <status_5> <status_4> <status_3> <status_2> <status_1> <status_0> 
WARNING:Xst:1710 - FF/Latch <status_29> (without init value) has a constant value of 0 in block <TDT4255_COM>. This FF/Latch will be trimmed during the optimization process.
WARNING:Xst:2404 -  FFs/Latches <status<0:1>> (without init value) have a constant value of 0 in block <com>.

Synthesizing (advanced) Unit <toplevel>.
INFO:Xst:3040 - The RAM <DATA_MEM/Mram_MEM> will be implemented as a BLOCK RAM, absorbing the following register(s): <DATA_MEM/address_reg>
    -----------------------------------------------------------------------
    | ram_type           | Block                               |          |
    -----------------------------------------------------------------------
    | Port A                                                              |
    |     aspect ratio   | 256-word x 32-bit                   |          |
    |     mode           | write-first                         |          |
    |     clkA           | connected to signal <clk>           | rise     |
    |     weA            | connected to signal <dmem_write_enable> | high     |
    |     addrA          | connected to signal <dmem_address_wr> |          |
    |     diA            | connected to signal <dmem_write_data> |          |
    -----------------------------------------------------------------------
    | optimization       | speed                               |          |
    -----------------------------------------------------------------------
    | Port B                                                              |
    |     aspect ratio   | 256-word x 32-bit                   |          |
    |     mode           | write-first                         |          |
    |     clkB           | connected to signal <clk>           | rise     |
    |     addrB          | connected to signal <dmem_address>  |          |
    |     doB            | connected to signal <dmem_data_in>  |          |
    -----------------------------------------------------------------------
    | optimization       | speed                               |          |
    -----------------------------------------------------------------------
INFO:Xst:3040 - The RAM <MIPS_SC_PROCESSOR/REGISTER_F/Mram_REGS1> will be implemented as a BLOCK RAM, absorbing the following register(s): <MIPS_SC_PROCESSOR/IFID/data>
    -----------------------------------------------------------------------
    | ram_type           | Block                               |          |
    -----------------------------------------------------------------------
    | Port A                                                              |
    |     aspect ratio   | 32-word x 32-bit                    |          |
    |     mode           | write-first                         |          |
    |     clkA           | connected to signal <clk>           | rise     |
    |     weA            | connected to signal <MIPS_SC_PROCESSOR/MEMWBs<69>> | high     |
    |     addrA          | connected to signal <MIPS_SC_PROCESSOR/MEMWBs<4:0>> |          |
    |     diA            | connected to signal <MIPS_SC_PROCESSOR/ChosenWriteData> |          |
    -----------------------------------------------------------------------
    | optimization       | speed                               |          |
    -----------------------------------------------------------------------
    | Port B                                                              |
    |     aspect ratio   | 32-word x 32-bit                    |          |
    |     mode           | write-first                         |          |
    |     clkB           | connected to signal <clk>           | rise     |
    |     addrB          | connected to signal <instr_data<20:16>> |          |
    |     doB            | connected to internal node          |          |
    -----------------------------------------------------------------------
    | optimization       | speed                               |          |
    -----------------------------------------------------------------------
INFO:Xst:3040 - The RAM <MIPS_SC_PROCESSOR/REGISTER_F/Mram_REGS> will be implemented as a BLOCK RAM, absorbing the following register(s): <MIPS_SC_PROCESSOR/IDEX/data>
    -----------------------------------------------------------------------
    | ram_type           | Block                               |          |
    -----------------------------------------------------------------------
    | Port A                                                              |
    |     aspect ratio   | 32-word x 32-bit                    |          |
    |     mode           | read-first                          |          |
    |     clkA           | connected to signal <clk>           | rise     |
    |     weA            | connected to signal <MIPS_SC_PROCESSOR/MEMWBs<69>> | high     |
    |     addrA          | connected to signal <MIPS_SC_PROCESSOR/MEMWBs<4:0>> |          |
    |     diA            | connected to signal <MIPS_SC_PROCESSOR/ChosenWriteData> |          |
    -----------------------------------------------------------------------
    | optimization       | speed                               |          |
    -----------------------------------------------------------------------
    | Port B                                                              |
    |     aspect ratio   | 32-word x 32-bit                    |          |
    |     mode           | write-first                         |          |
    |     clkB           | connected to signal <clk>           | rise     |
    |     addrB          | connected to signal <MIPS_SC_PROCESSOR/IFIDs<25:21>> |          |
    |     doB            | connected to signal <MIPS_SC_PROCESSOR/IDEXs> |          |
    -----------------------------------------------------------------------
    | optimization       | speed                               |          |
    -----------------------------------------------------------------------
INFO:Xst:3040 - The RAM <INST_MEM/Mram_MEM> will be implemented as a BLOCK RAM, absorbing the following register(s): <INST_MEM/address_reg>
    -----------------------------------------------------------------------
    | ram_type           | Block                               |          |
    -----------------------------------------------------------------------
    | Port A                                                              |
    |     aspect ratio   | 256-word x 32-bit                   |          |
    |     mode           | write-first                         |          |
    |     clkA           | connected to signal <clk>           | rise     |
    |     weA            | connected to signal <imem_write_enable_com> | high     |
    |     addrA          | connected to signal <dmem_address_wr_com<7:0>> |          |
    |     diA            | connected to signal <dmem_write_data_com> |          |
    -----------------------------------------------------------------------
    | optimization       | speed                               |          |
    -----------------------------------------------------------------------
    | Port B                                                              |
    |     aspect ratio   | 256-word x 32-bit                   |          |
    |     mode           | write-first                         |          |
    |     clkB           | connected to signal <clk>           | rise     |
    |     addrB          | connected to signal <instr_addr<7:0>> |          |
    |     doB            | connected to signal <instr_data>    |          |
    -----------------------------------------------------------------------
    | optimization       | speed                               |          |
    -----------------------------------------------------------------------
Unit <toplevel> synthesized (advanced).
WARNING:Xst:2677 - Node <MIPS_SC_PROCESSOR/IFID/data_32> of sequential type is unconnected in block <toplevel>.
WARNING:Xst:2677 - Node <MIPS_SC_PROCESSOR/IFID/data_33> of sequential type is unconnected in block <toplevel>.
WARNING:Xst:2677 - Node <MIPS_SC_PROCESSOR/IFID/data_34> of sequential type is unconnected in block <toplevel>.
WARNING:Xst:2677 - Node <MIPS_SC_PROCESSOR/IFID/data_35> of sequential type is unconnected in block <toplevel>.
WARNING:Xst:2677 - Node <MIPS_SC_PROCESSOR/IFID/data_36> of sequential type is unconnected in block <toplevel>.
WARNING:Xst:2677 - Node <MIPS_SC_PROCESSOR/IFID/data_37> of sequential type is unconnected in block <toplevel>.
WARNING:Xst:2677 - Node <MIPS_SC_PROCESSOR/IFID/data_38> of sequential type is unconnected in block <toplevel>.
WARNING:Xst:2677 - Node <MIPS_SC_PROCESSOR/IFID/data_39> of sequential type is unconnected in block <toplevel>.
WARNING:Xst:2677 - Node <MIPS_SC_PROCESSOR/IFID/data_40> of sequential type is unconnected in block <toplevel>.
WARNING:Xst:2677 - Node <MIPS_SC_PROCESSOR/IFID/data_41> of sequential type is unconnected in block <toplevel>.
WARNING:Xst:2677 - Node <MIPS_SC_PROCESSOR/IFID/data_42> of sequential type is unconnected in block <toplevel>.
WARNING:Xst:2677 - Node <MIPS_SC_PROCESSOR/IFID/data_43> of sequential type is unconnected in block <toplevel>.
WARNING:Xst:2677 - Node <MIPS_SC_PROCESSOR/IFID/data_44> of sequential type is unconnected in block <toplevel>.
WARNING:Xst:2677 - Node <MIPS_SC_PROCESSOR/IFID/data_45> of sequential type is unconnected in block <toplevel>.
WARNING:Xst:2677 - Node <MIPS_SC_PROCESSOR/IFID/data_46> of sequential type is unconnected in block <toplevel>.
WARNING:Xst:2677 - Node <MIPS_SC_PROCESSOR/IFID/data_47> of sequential type is unconnected in block <toplevel>.
WARNING:Xst:2677 - Node <MIPS_SC_PROCESSOR/IFID/data_48> of sequential type is unconnected in block <toplevel>.
WARNING:Xst:2677 - Node <MIPS_SC_PROCESSOR/IFID/data_49> of sequential type is unconnected in block <toplevel>.
WARNING:Xst:2677 - Node <MIPS_SC_PROCESSOR/IFID/data_50> of sequential type is unconnected in block <toplevel>.
WARNING:Xst:2677 - Node <MIPS_SC_PROCESSOR/IFID/data_51> of sequential type is unconnected in block <toplevel>.
WARNING:Xst:2677 - Node <MIPS_SC_PROCESSOR/IFID/data_52> of sequential type is unconnected in block <toplevel>.
WARNING:Xst:2677 - Node <MIPS_SC_PROCESSOR/IFID/data_53> of sequential type is unconnected in block <toplevel>.
WARNING:Xst:2677 - Node <MIPS_SC_PROCESSOR/IFID/data_54> of sequential type is unconnected in block <toplevel>.
WARNING:Xst:2677 - Node <MIPS_SC_PROCESSOR/IFID/data_55> of sequential type is unconnected in block <toplevel>.
WARNING:Xst:2677 - Node <MIPS_SC_PROCESSOR/IFID/data_56> of sequential type is unconnected in block <toplevel>.
WARNING:Xst:2677 - Node <MIPS_SC_PROCESSOR/IFID/data_57> of sequential type is unconnected in block <toplevel>.
WARNING:Xst:2677 - Node <MIPS_SC_PROCESSOR/IFID/data_58> of sequential type is unconnected in block <toplevel>.
WARNING:Xst:2677 - Node <MIPS_SC_PROCESSOR/IFID/data_59> of sequential type is unconnected in block <toplevel>.
WARNING:Xst:2677 - Node <MIPS_SC_PROCESSOR/IFID/data_60> of sequential type is unconnected in block <toplevel>.
WARNING:Xst:2677 - Node <MIPS_SC_PROCESSOR/IFID/data_61> of sequential type is unconnected in block <toplevel>.
WARNING:Xst:2677 - Node <MIPS_SC_PROCESSOR/IFID/data_62> of sequential type is unconnected in block <toplevel>.
WARNING:Xst:2677 - Node <MIPS_SC_PROCESSOR/IFID/data_63> of sequential type is unconnected in block <toplevel>.

=========================================================================
Advanced HDL Synthesis Report

Macro Statistics
# RAMs                                                 : 4
 256x32-bit dual-port block RAM                        : 2
 32x32-bit dual-port block RAM                         : 2
# Registers                                            : 618
 Flip-Flops                                            : 618
# Multiplexers                                         : 116
 1-bit 2-to-1 multiplexer                              : 59
 32-bit 2-to-1 multiplexer                             : 11
 4-bit 2-to-1 multiplexer                              : 45
 5-bit 2-to-1 multiplexer                              : 1
# FSMs                                                 : 1
# Xors                                                 : 193
 1-bit xor2                                            : 193

=========================================================================

=========================================================================
*                         Low Level Synthesis                           *
=========================================================================
INFO:Xst:2261 - The FF/Latch <MIPS_SC_PROCESSOR/IDEX/data_sliced_136> in Unit <toplevel> is equivalent to the following FF/Latch, which will be removed : <MIPS_SC_PROCESSOR/IDEX/data_sliced_40> 
INFO:Xst:2261 - The FF/Latch <MIPS_SC_PROCESSOR/IDEX/data_sliced_135> in Unit <toplevel> is equivalent to the following FF/Latch, which will be removed : <MIPS_SC_PROCESSOR/IDEX/data_sliced_39> 
INFO:Xst:2261 - The FF/Latch <MIPS_SC_PROCESSOR/IDEX/data_sliced_134> in Unit <toplevel> is equivalent to the following FF/Latch, which will be removed : <MIPS_SC_PROCESSOR/IDEX/data_sliced_38> 
INFO:Xst:2261 - The FF/Latch <MIPS_SC_PROCESSOR/IDEX/data_sliced_133> in Unit <toplevel> is equivalent to the following FF/Latch, which will be removed : <MIPS_SC_PROCESSOR/IDEX/data_sliced_37> 
INFO:Xst:2261 - The FF/Latch <MIPS_SC_PROCESSOR/IDEX/data_sliced_132> in Unit <toplevel> is equivalent to the following FF/Latch, which will be removed : <MIPS_SC_PROCESSOR/IDEX/data_sliced_36> 
INFO:Xst:2261 - The FF/Latch <MIPS_SC_PROCESSOR/IDEX/data_sliced_126> in Unit <toplevel> is equivalent to the following FF/Latch, which will be removed : <MIPS_SC_PROCESSOR/IDEX/data_sliced_30> 
INFO:Xst:2261 - The FF/Latch <MIPS_SC_PROCESSOR/IDEX/data_sliced_146> in Unit <toplevel> is equivalent to the following 2 FFs/Latches, which will be removed : <MIPS_SC_PROCESSOR/IDEX/data_sliced_125> <MIPS_SC_PROCESSOR/IDEX/data_sliced_29> 
INFO:Xst:2261 - The FF/Latch <MIPS_SC_PROCESSOR/IDEX/data_sliced_131> in Unit <toplevel> is equivalent to the following FF/Latch, which will be removed : <MIPS_SC_PROCESSOR/IDEX/data_sliced_35> 
INFO:Xst:2261 - The FF/Latch <MIPS_SC_PROCESSOR/IDEX/data_sliced_145> in Unit <toplevel> is equivalent to the following 2 FFs/Latches, which will be removed : <MIPS_SC_PROCESSOR/IDEX/data_sliced_124> <MIPS_SC_PROCESSOR/IDEX/data_sliced_28> 
INFO:Xst:2261 - The FF/Latch <MIPS_SC_PROCESSOR/IDEX/data_sliced_130> in Unit <toplevel> is equivalent to the following FF/Latch, which will be removed : <MIPS_SC_PROCESSOR/IDEX/data_sliced_34> 
INFO:Xst:2261 - The FF/Latch <MIPS_SC_PROCESSOR/IDEX/data_sliced_144> in Unit <toplevel> is equivalent to the following 2 FFs/Latches, which will be removed : <MIPS_SC_PROCESSOR/IDEX/data_sliced_123> <MIPS_SC_PROCESSOR/IDEX/data_sliced_27> 
INFO:Xst:2261 - The FF/Latch <MIPS_SC_PROCESSOR/IDEX/data_sliced_129> in Unit <toplevel> is equivalent to the following FF/Latch, which will be removed : <MIPS_SC_PROCESSOR/IDEX/data_sliced_33> 
INFO:Xst:2261 - The FF/Latch <MIPS_SC_PROCESSOR/IDEX/data_sliced_143> in Unit <toplevel> is equivalent to the following 2 FFs/Latches, which will be removed : <MIPS_SC_PROCESSOR/IDEX/data_sliced_122> <MIPS_SC_PROCESSOR/IDEX/data_sliced_26> 
INFO:Xst:2261 - The FF/Latch <MIPS_SC_PROCESSOR/IDEX/data_sliced_128> in Unit <toplevel> is equivalent to the following FF/Latch, which will be removed : <MIPS_SC_PROCESSOR/IDEX/data_sliced_32> 
INFO:Xst:2261 - The FF/Latch <MIPS_SC_PROCESSOR/IDEX/data_sliced_142> in Unit <toplevel> is equivalent to the following 18 FFs/Latches, which will be removed : <MIPS_SC_PROCESSOR/IDEX/data_sliced_121> <MIPS_SC_PROCESSOR/IDEX/data_sliced_120> <MIPS_SC_PROCESSOR/IDEX/data_sliced_119> <MIPS_SC_PROCESSOR/IDEX/data_sliced_118> <MIPS_SC_PROCESSOR/IDEX/data_sliced_117> <MIPS_SC_PROCESSOR/IDEX/data_sliced_116> <MIPS_SC_PROCESSOR/IDEX/data_sliced_115> <MIPS_SC_PROCESSOR/IDEX/data_sliced_114> <MIPS_SC_PROCESSOR/IDEX/data_sliced_113> <MIPS_SC_PROCESSOR/IDEX/data_sliced_112> <MIPS_SC_PROCESSOR/IDEX/data_sliced_111> <MIPS_SC_PROCESSOR/IDEX/data_sliced_110> <MIPS_SC_PROCESSOR/IDEX/data_sliced_109> <MIPS_SC_PROCESSOR/IDEX/data_sliced_108> <MIPS_SC_PROCESSOR/IDEX/data_sliced_107> <MIPS_SC_PROCESSOR/IDEX/data_sliced_106> <MIPS_SC_PROCESSOR/IDEX/data_sliced_105> <MIPS_SC_PROCESSOR/IDEX/data_sliced_25> 
INFO:Xst:2261 - The FF/Latch <MIPS_SC_PROCESSOR/IDEX/data_sliced_127> in Unit <toplevel> is equivalent to the following FF/Latch, which will be removed : <MIPS_SC_PROCESSOR/IDEX/data_sliced_31> 
INFO:Xst:2261 - The FF/Latch <MIPS_SC_PROCESSOR/IDEX/data_sliced_137> in Unit <toplevel> is equivalent to the following FF/Latch, which will be removed : <MIPS_SC_PROCESSOR/IDEX/data_sliced_20> 
INFO:Xst:2261 - The FF/Latch <MIPS_SC_PROCESSOR/IDEX/data_sliced_141> in Unit <toplevel> is equivalent to the following FF/Latch, which will be removed : <MIPS_SC_PROCESSOR/IDEX/data_sliced_24> 
INFO:Xst:2261 - The FF/Latch <MIPS_SC_PROCESSOR/IDEX/data_sliced_140> in Unit <toplevel> is equivalent to the following FF/Latch, which will be removed : <MIPS_SC_PROCESSOR/IDEX/data_sliced_23> 
INFO:Xst:2261 - The FF/Latch <MIPS_SC_PROCESSOR/IDEX/data_sliced_139> in Unit <toplevel> is equivalent to the following FF/Latch, which will be removed : <MIPS_SC_PROCESSOR/IDEX/data_sliced_22> 
INFO:Xst:2261 - The FF/Latch <MIPS_SC_PROCESSOR/IDEX/data_sliced_138> in Unit <toplevel> is equivalent to the following FF/Latch, which will be removed : <MIPS_SC_PROCESSOR/IDEX/data_sliced_21> 
Analyzing FSM <MFsm> for best encoding.
Optimizing FSM <TDT4255_COM/FSM_0> on signal <state[1:3]> with user encoding.
-------------------
 State | Encoding
-------------------
 000   | 000
 100   | 100
 001   | 001
 011   | 011
 010   | 010
 101   | 101
 110   | 110
 111   | 111
-------------------

Optimizing unit <toplevel> ...

Optimizing unit <com> ...

Optimizing unit <PC> ...

Optimizing unit <regi_3> ...

Optimizing unit <adder> ...

Optimizing unit <alu> ...

Optimizing unit <alu_1bit> ...
WARNING:Xst:2677 - Node <MIPS_SC_PROCESSOR/IFID/data_sliced_23> of sequential type is unconnected in block <toplevel>.
WARNING:Xst:2677 - Node <MIPS_SC_PROCESSOR/IFID/data_sliced_22> of sequential type is unconnected in block <toplevel>.
WARNING:Xst:2677 - Node <MIPS_SC_PROCESSOR/IFID/data_sliced_21> of sequential type is unconnected in block <toplevel>.
WARNING:Xst:2677 - Node <MIPS_SC_PROCESSOR/IFID/data_sliced_20> of sequential type is unconnected in block <toplevel>.
WARNING:Xst:2677 - Node <MIPS_SC_PROCESSOR/IFID/data_sliced_19> of sequential type is unconnected in block <toplevel>.
WARNING:Xst:2677 - Node <MIPS_SC_PROCESSOR/IFID/data_sliced_18> of sequential type is unconnected in block <toplevel>.
WARNING:Xst:2677 - Node <MIPS_SC_PROCESSOR/IFID/data_sliced_17> of sequential type is unconnected in block <toplevel>.
WARNING:Xst:2677 - Node <MIPS_SC_PROCESSOR/IFID/data_sliced_16> of sequential type is unconnected in block <toplevel>.
WARNING:Xst:2677 - Node <MIPS_SC_PROCESSOR/IFID/data_sliced_15> of sequential type is unconnected in block <toplevel>.
WARNING:Xst:2677 - Node <MIPS_SC_PROCESSOR/IFID/data_sliced_14> of sequential type is unconnected in block <toplevel>.
WARNING:Xst:2677 - Node <MIPS_SC_PROCESSOR/IFID/data_sliced_13> of sequential type is unconnected in block <toplevel>.
WARNING:Xst:2677 - Node <MIPS_SC_PROCESSOR/IFID/data_sliced_12> of sequential type is unconnected in block <toplevel>.
WARNING:Xst:2677 - Node <MIPS_SC_PROCESSOR/IFID/data_sliced_11> of sequential type is unconnected in block <toplevel>.
WARNING:Xst:2677 - Node <MIPS_SC_PROCESSOR/IFID/data_sliced_10> of sequential type is unconnected in block <toplevel>.
WARNING:Xst:2677 - Node <MIPS_SC_PROCESSOR/IFID/data_sliced_9> of sequential type is unconnected in block <toplevel>.
WARNING:Xst:2677 - Node <MIPS_SC_PROCESSOR/IFID/data_sliced_8> of sequential type is unconnected in block <toplevel>.
WARNING:Xst:2677 - Node <MIPS_SC_PROCESSOR/IFID/data_sliced_7> of sequential type is unconnected in block <toplevel>.
WARNING:Xst:2677 - Node <MIPS_SC_PROCESSOR/IFID/data_sliced_6> of sequential type is unconnected in block <toplevel>.
WARNING:Xst:2677 - Node <MIPS_SC_PROCESSOR/IFID/data_sliced_5> of sequential type is unconnected in block <toplevel>.
WARNING:Xst:2677 - Node <MIPS_SC_PROCESSOR/IFID/data_sliced_4> of sequential type is unconnected in block <toplevel>.
WARNING:Xst:2677 - Node <MIPS_SC_PROCESSOR/IFID/data_sliced_3> of sequential type is unconnected in block <toplevel>.
WARNING:Xst:2677 - Node <MIPS_SC_PROCESSOR/IFID/data_sliced_2> of sequential type is unconnected in block <toplevel>.
WARNING:Xst:2677 - Node <MIPS_SC_PROCESSOR/IFID/data_sliced_1> of sequential type is unconnected in block <toplevel>.
WARNING:Xst:2677 - Node <MIPS_SC_PROCESSOR/IFID/data_sliced_0> of sequential type is unconnected in block <toplevel>.
WARNING:Xst:2677 - Node <MIPS_SC_PROCESSOR/IDEX/data_sliced_64> of sequential type is unconnected in block <toplevel>.
WARNING:Xst:2677 - Node <MIPS_SC_PROCESSOR/IDEX/data_sliced_63> of sequential type is unconnected in block <toplevel>.
WARNING:Xst:2677 - Node <MIPS_SC_PROCESSOR/IDEX/data_sliced_62> of sequential type is unconnected in block <toplevel>.
WARNING:Xst:2677 - Node <MIPS_SC_PROCESSOR/IDEX/data_sliced_61> of sequential type is unconnected in block <toplevel>.
WARNING:Xst:2677 - Node <MIPS_SC_PROCESSOR/IDEX/data_sliced_60> of sequential type is unconnected in block <toplevel>.
WARNING:Xst:2677 - Node <MIPS_SC_PROCESSOR/IDEX/data_sliced_59> of sequential type is unconnected in block <toplevel>.
WARNING:Xst:2677 - Node <MIPS_SC_PROCESSOR/IDEX/data_sliced_58> of sequential type is unconnected in block <toplevel>.
WARNING:Xst:2677 - Node <MIPS_SC_PROCESSOR/IDEX/data_sliced_57> of sequential type is unconnected in block <toplevel>.
WARNING:Xst:2677 - Node <MIPS_SC_PROCESSOR/IDEX/data_sliced_56> of sequential type is unconnected in block <toplevel>.
WARNING:Xst:2677 - Node <MIPS_SC_PROCESSOR/IDEX/data_sliced_55> of sequential type is unconnected in block <toplevel>.
WARNING:Xst:2677 - Node <MIPS_SC_PROCESSOR/IDEX/data_sliced_54> of sequential type is unconnected in block <toplevel>.
WARNING:Xst:2677 - Node <MIPS_SC_PROCESSOR/IDEX/data_sliced_53> of sequential type is unconnected in block <toplevel>.
WARNING:Xst:2677 - Node <MIPS_SC_PROCESSOR/IDEX/data_sliced_52> of sequential type is unconnected in block <toplevel>.
WARNING:Xst:2677 - Node <MIPS_SC_PROCESSOR/IDEX/data_sliced_51> of sequential type is unconnected in block <toplevel>.
WARNING:Xst:2677 - Node <MIPS_SC_PROCESSOR/IDEX/data_sliced_50> of sequential type is unconnected in block <toplevel>.
WARNING:Xst:2677 - Node <MIPS_SC_PROCESSOR/IDEX/data_sliced_49> of sequential type is unconnected in block <toplevel>.
WARNING:Xst:2677 - Node <MIPS_SC_PROCESSOR/IDEX/data_sliced_48> of sequential type is unconnected in block <toplevel>.
WARNING:Xst:2677 - Node <MIPS_SC_PROCESSOR/IDEX/data_sliced_47> of sequential type is unconnected in block <toplevel>.
WARNING:Xst:2677 - Node <MIPS_SC_PROCESSOR/IDEX/data_sliced_46> of sequential type is unconnected in block <toplevel>.
WARNING:Xst:2677 - Node <MIPS_SC_PROCESSOR/IDEX/data_sliced_45> of sequential type is unconnected in block <toplevel>.
WARNING:Xst:2677 - Node <MIPS_SC_PROCESSOR/IDEX/data_sliced_44> of sequential type is unconnected in block <toplevel>.
WARNING:Xst:2677 - Node <MIPS_SC_PROCESSOR/IDEX/data_sliced_43> of sequential type is unconnected in block <toplevel>.
WARNING:Xst:2677 - Node <MIPS_SC_PROCESSOR/IDEX/data_sliced_42> of sequential type is unconnected in block <toplevel>.
WARNING:Xst:2677 - Node <MIPS_SC_PROCESSOR/IDEX/data_sliced_41> of sequential type is unconnected in block <toplevel>.
WARNING:Xst:2677 - Node <MIPS_SC_PROCESSOR/IDEX/data_sliced_19> of sequential type is unconnected in block <toplevel>.
WARNING:Xst:2677 - Node <MIPS_SC_PROCESSOR/IDEX/data_sliced_18> of sequential type is unconnected in block <toplevel>.
WARNING:Xst:2677 - Node <MIPS_SC_PROCESSOR/IDEX/data_sliced_17> of sequential type is unconnected in block <toplevel>.
WARNING:Xst:2677 - Node <MIPS_SC_PROCESSOR/IDEX/data_sliced_16> of sequential type is unconnected in block <toplevel>.
WARNING:Xst:2677 - Node <MIPS_SC_PROCESSOR/IDEX/data_sliced_15> of sequential type is unconnected in block <toplevel>.
WARNING:Xst:2677 - Node <MIPS_SC_PROCESSOR/IDEX/data_sliced_14> of sequential type is unconnected in block <toplevel>.
WARNING:Xst:2677 - Node <MIPS_SC_PROCESSOR/IDEX/data_sliced_13> of sequential type is unconnected in block <toplevel>.
WARNING:Xst:2677 - Node <MIPS_SC_PROCESSOR/IDEX/data_sliced_12> of sequential type is unconnected in block <toplevel>.
WARNING:Xst:2677 - Node <MIPS_SC_PROCESSOR/IDEX/data_sliced_11> of sequential type is unconnected in block <toplevel>.
WARNING:Xst:2677 - Node <MIPS_SC_PROCESSOR/IDEX/data_sliced_10> of sequential type is unconnected in block <toplevel>.
WARNING:Xst:2677 - Node <MIPS_SC_PROCESSOR/IDEX/data_sliced_9> of sequential type is unconnected in block <toplevel>.
WARNING:Xst:2677 - Node <TDT4255_COM/write_addr_31> of sequential type is unconnected in block <toplevel>.
WARNING:Xst:2677 - Node <TDT4255_COM/write_addr_30> of sequential type is unconnected in block <toplevel>.
WARNING:Xst:2677 - Node <TDT4255_COM/write_addr_29> of sequential type is unconnected in block <toplevel>.
WARNING:Xst:2677 - Node <TDT4255_COM/write_addr_28> of sequential type is unconnected in block <toplevel>.
WARNING:Xst:2677 - Node <TDT4255_COM/write_addr_27> of sequential type is unconnected in block <toplevel>.
WARNING:Xst:2677 - Node <TDT4255_COM/write_addr_26> of sequential type is unconnected in block <toplevel>.
WARNING:Xst:2677 - Node <TDT4255_COM/write_addr_25> of sequential type is unconnected in block <toplevel>.
WARNING:Xst:2677 - Node <TDT4255_COM/write_addr_24> of sequential type is unconnected in block <toplevel>.
WARNING:Xst:2677 - Node <TDT4255_COM/write_addr_23> of sequential type is unconnected in block <toplevel>.
WARNING:Xst:2677 - Node <TDT4255_COM/write_addr_22> of sequential type is unconnected in block <toplevel>.
WARNING:Xst:2677 - Node <TDT4255_COM/write_addr_21> of sequential type is unconnected in block <toplevel>.
WARNING:Xst:2677 - Node <TDT4255_COM/write_addr_20> of sequential type is unconnected in block <toplevel>.
WARNING:Xst:2677 - Node <TDT4255_COM/write_addr_19> of sequential type is unconnected in block <toplevel>.
WARNING:Xst:2677 - Node <TDT4255_COM/write_addr_18> of sequential type is unconnected in block <toplevel>.
WARNING:Xst:2677 - Node <TDT4255_COM/write_addr_17> of sequential type is unconnected in block <toplevel>.
WARNING:Xst:2677 - Node <TDT4255_COM/write_addr_16> of sequential type is unconnected in block <toplevel>.
WARNING:Xst:2677 - Node <TDT4255_COM/write_addr_15> of sequential type is unconnected in block <toplevel>.
WARNING:Xst:2677 - Node <TDT4255_COM/write_addr_14> of sequential type is unconnected in block <toplevel>.
WARNING:Xst:2677 - Node <TDT4255_COM/write_addr_13> of sequential type is unconnected in block <toplevel>.
WARNING:Xst:2677 - Node <TDT4255_COM/write_addr_12> of sequential type is unconnected in block <toplevel>.
WARNING:Xst:2677 - Node <TDT4255_COM/write_addr_11> of sequential type is unconnected in block <toplevel>.
WARNING:Xst:2677 - Node <TDT4255_COM/write_addr_10> of sequential type is unconnected in block <toplevel>.
WARNING:Xst:2677 - Node <TDT4255_COM/write_addr_9> of sequential type is unconnected in block <toplevel>.
WARNING:Xst:2677 - Node <TDT4255_COM/write_addr_8> of sequential type is unconnected in block <toplevel>.
WARNING:Xst:2677 - Node <TDT4255_COM/read_addr_31> of sequential type is unconnected in block <toplevel>.
WARNING:Xst:2677 - Node <TDT4255_COM/read_addr_30> of sequential type is unconnected in block <toplevel>.
WARNING:Xst:2677 - Node <TDT4255_COM/read_addr_29> of sequential type is unconnected in block <toplevel>.
WARNING:Xst:2677 - Node <TDT4255_COM/read_addr_28> of sequential type is unconnected in block <toplevel>.
WARNING:Xst:2677 - Node <TDT4255_COM/read_addr_27> of sequential type is unconnected in block <toplevel>.
WARNING:Xst:2677 - Node <TDT4255_COM/read_addr_26> of sequential type is unconnected in block <toplevel>.
WARNING:Xst:2677 - Node <TDT4255_COM/read_addr_25> of sequential type is unconnected in block <toplevel>.
WARNING:Xst:2677 - Node <TDT4255_COM/read_addr_24> of sequential type is unconnected in block <toplevel>.
WARNING:Xst:2677 - Node <TDT4255_COM/read_addr_23> of sequential type is unconnected in block <toplevel>.
WARNING:Xst:2677 - Node <TDT4255_COM/read_addr_22> of sequential type is unconnected in block <toplevel>.
WARNING:Xst:2677 - Node <TDT4255_COM/read_addr_21> of sequential type is unconnected in block <toplevel>.
WARNING:Xst:2677 - Node <TDT4255_COM/read_addr_20> of sequential type is unconnected in block <toplevel>.
WARNING:Xst:2677 - Node <TDT4255_COM/read_addr_19> of sequential type is unconnected in block <toplevel>.
WARNING:Xst:2677 - Node <TDT4255_COM/read_addr_18> of sequential type is unconnected in block <toplevel>.
WARNING:Xst:2677 - Node <TDT4255_COM/read_addr_17> of sequential type is unconnected in block <toplevel>.
WARNING:Xst:2677 - Node <TDT4255_COM/read_addr_16> of sequential type is unconnected in block <toplevel>.
WARNING:Xst:2677 - Node <TDT4255_COM/read_addr_15> of sequential type is unconnected in block <toplevel>.
WARNING:Xst:2677 - Node <TDT4255_COM/read_addr_14> of sequential type is unconnected in block <toplevel>.
WARNING:Xst:2677 - Node <TDT4255_COM/read_addr_13> of sequential type is unconnected in block <toplevel>.
WARNING:Xst:2677 - Node <TDT4255_COM/read_addr_12> of sequential type is unconnected in block <toplevel>.
WARNING:Xst:2677 - Node <TDT4255_COM/read_addr_11> of sequential type is unconnected in block <toplevel>.
WARNING:Xst:2677 - Node <TDT4255_COM/read_addr_10> of sequential type is unconnected in block <toplevel>.
WARNING:Xst:2677 - Node <TDT4255_COM/read_addr_9> of sequential type is unconnected in block <toplevel>.
WARNING:Xst:2677 - Node <TDT4255_COM/read_addr_8> of sequential type is unconnected in block <toplevel>.
WARNING:Xst:2677 - Node <MIPS_SC_PROCESSOR/COUNTER/data_31> of sequential type is unconnected in block <toplevel>.
WARNING:Xst:2677 - Node <MIPS_SC_PROCESSOR/COUNTER/data_30> of sequential type is unconnected in block <toplevel>.
WARNING:Xst:2677 - Node <MIPS_SC_PROCESSOR/COUNTER/data_29> of sequential type is unconnected in block <toplevel>.
WARNING:Xst:2677 - Node <MIPS_SC_PROCESSOR/COUNTER/data_28> of sequential type is unconnected in block <toplevel>.
WARNING:Xst:2677 - Node <MIPS_SC_PROCESSOR/COUNTER/data_27> of sequential type is unconnected in block <toplevel>.
WARNING:Xst:2677 - Node <MIPS_SC_PROCESSOR/COUNTER/data_26> of sequential type is unconnected in block <toplevel>.
WARNING:Xst:2677 - Node <MIPS_SC_PROCESSOR/COUNTER/data_25> of sequential type is unconnected in block <toplevel>.
WARNING:Xst:2677 - Node <MIPS_SC_PROCESSOR/COUNTER/data_24> of sequential type is unconnected in block <toplevel>.
WARNING:Xst:2677 - Node <MIPS_SC_PROCESSOR/COUNTER/data_23> of sequential type is unconnected in block <toplevel>.
WARNING:Xst:2677 - Node <MIPS_SC_PROCESSOR/COUNTER/data_22> of sequential type is unconnected in block <toplevel>.
WARNING:Xst:2677 - Node <MIPS_SC_PROCESSOR/COUNTER/data_21> of sequential type is unconnected in block <toplevel>.
WARNING:Xst:2677 - Node <MIPS_SC_PROCESSOR/COUNTER/data_20> of sequential type is unconnected in block <toplevel>.
WARNING:Xst:2677 - Node <MIPS_SC_PROCESSOR/COUNTER/data_19> of sequential type is unconnected in block <toplevel>.
WARNING:Xst:2677 - Node <MIPS_SC_PROCESSOR/COUNTER/data_18> of sequential type is unconnected in block <toplevel>.
WARNING:Xst:2677 - Node <MIPS_SC_PROCESSOR/COUNTER/data_17> of sequential type is unconnected in block <toplevel>.
WARNING:Xst:2677 - Node <MIPS_SC_PROCESSOR/COUNTER/data_16> of sequential type is unconnected in block <toplevel>.
WARNING:Xst:2677 - Node <MIPS_SC_PROCESSOR/COUNTER/data_15> of sequential type is unconnected in block <toplevel>.
WARNING:Xst:2677 - Node <MIPS_SC_PROCESSOR/COUNTER/data_14> of sequential type is unconnected in block <toplevel>.
WARNING:Xst:2677 - Node <MIPS_SC_PROCESSOR/COUNTER/data_13> of sequential type is unconnected in block <toplevel>.
WARNING:Xst:2677 - Node <MIPS_SC_PROCESSOR/COUNTER/data_12> of sequential type is unconnected in block <toplevel>.
WARNING:Xst:2677 - Node <MIPS_SC_PROCESSOR/COUNTER/data_11> of sequential type is unconnected in block <toplevel>.
WARNING:Xst:2677 - Node <MIPS_SC_PROCESSOR/COUNTER/data_10> of sequential type is unconnected in block <toplevel>.
WARNING:Xst:2677 - Node <MIPS_SC_PROCESSOR/COUNTER/data_9> of sequential type is unconnected in block <toplevel>.
WARNING:Xst:2677 - Node <MIPS_SC_PROCESSOR/COUNTER/data_8> of sequential type is unconnected in block <toplevel>.
WARNING:Xst:2677 - Node <MIPS_SC_PROCESSOR/EXMEM/data_133> of sequential type is unconnected in block <toplevel>.
WARNING:Xst:2677 - Node <MIPS_SC_PROCESSOR/EXMEM/data_132> of sequential type is unconnected in block <toplevel>.
WARNING:Xst:2677 - Node <MIPS_SC_PROCESSOR/EXMEM/data_131> of sequential type is unconnected in block <toplevel>.
WARNING:Xst:2677 - Node <MIPS_SC_PROCESSOR/EXMEM/data_130> of sequential type is unconnected in block <toplevel>.
WARNING:Xst:2677 - Node <MIPS_SC_PROCESSOR/EXMEM/data_129> of sequential type is unconnected in block <toplevel>.
WARNING:Xst:2677 - Node <MIPS_SC_PROCESSOR/EXMEM/data_128> of sequential type is unconnected in block <toplevel>.
WARNING:Xst:2677 - Node <MIPS_SC_PROCESSOR/EXMEM/data_127> of sequential type is unconnected in block <toplevel>.
WARNING:Xst:2677 - Node <MIPS_SC_PROCESSOR/EXMEM/data_126> of sequential type is unconnected in block <toplevel>.
WARNING:Xst:2677 - Node <MIPS_SC_PROCESSOR/EXMEM/data_125> of sequential type is unconnected in block <toplevel>.
WARNING:Xst:2677 - Node <MIPS_SC_PROCESSOR/EXMEM/data_124> of sequential type is unconnected in block <toplevel>.
WARNING:Xst:2677 - Node <MIPS_SC_PROCESSOR/EXMEM/data_123> of sequential type is unconnected in block <toplevel>.
WARNING:Xst:2677 - Node <MIPS_SC_PROCESSOR/EXMEM/data_122> of sequential type is unconnected in block <toplevel>.
WARNING:Xst:2677 - Node <MIPS_SC_PROCESSOR/EXMEM/data_121> of sequential type is unconnected in block <toplevel>.
WARNING:Xst:2677 - Node <MIPS_SC_PROCESSOR/EXMEM/data_120> of sequential type is unconnected in block <toplevel>.
WARNING:Xst:2677 - Node <MIPS_SC_PROCESSOR/EXMEM/data_119> of sequential type is unconnected in block <toplevel>.
WARNING:Xst:2677 - Node <MIPS_SC_PROCESSOR/EXMEM/data_118> of sequential type is unconnected in block <toplevel>.
WARNING:Xst:2677 - Node <MIPS_SC_PROCESSOR/EXMEM/data_117> of sequential type is unconnected in block <toplevel>.
WARNING:Xst:2677 - Node <MIPS_SC_PROCESSOR/EXMEM/data_116> of sequential type is unconnected in block <toplevel>.
WARNING:Xst:2677 - Node <MIPS_SC_PROCESSOR/EXMEM/data_115> of sequential type is unconnected in block <toplevel>.
WARNING:Xst:2677 - Node <MIPS_SC_PROCESSOR/EXMEM/data_114> of sequential type is unconnected in block <toplevel>.
WARNING:Xst:2677 - Node <MIPS_SC_PROCESSOR/EXMEM/data_113> of sequential type is unconnected in block <toplevel>.
WARNING:Xst:2677 - Node <MIPS_SC_PROCESSOR/EXMEM/data_112> of sequential type is unconnected in block <toplevel>.
WARNING:Xst:2677 - Node <MIPS_SC_PROCESSOR/EXMEM/data_111> of sequential type is unconnected in block <toplevel>.
WARNING:Xst:2677 - Node <MIPS_SC_PROCESSOR/EXMEM/data_110> of sequential type is unconnected in block <toplevel>.
WARNING:Xst:2677 - Node <MIPS_SC_PROCESSOR/EXMEM/data_101> of sequential type is unconnected in block <toplevel>.
WARNING:Xst:2677 - Node <MIPS_SC_PROCESSOR/EXMEM/data_100> of sequential type is unconnected in block <toplevel>.
WARNING:Xst:2677 - Node <MIPS_SC_PROCESSOR/EXMEM/data_99> of sequential type is unconnected in block <toplevel>.
WARNING:Xst:2677 - Node <MIPS_SC_PROCESSOR/EXMEM/data_98> of sequential type is unconnected in block <toplevel>.
WARNING:Xst:2677 - Node <MIPS_SC_PROCESSOR/EXMEM/data_97> of sequential type is unconnected in block <toplevel>.
WARNING:Xst:2677 - Node <MIPS_SC_PROCESSOR/EXMEM/data_96> of sequential type is unconnected in block <toplevel>.
WARNING:Xst:2677 - Node <MIPS_SC_PROCESSOR/EXMEM/data_95> of sequential type is unconnected in block <toplevel>.
WARNING:Xst:2677 - Node <MIPS_SC_PROCESSOR/EXMEM/data_94> of sequential type is unconnected in block <toplevel>.
WARNING:Xst:2677 - Node <MIPS_SC_PROCESSOR/EXMEM/data_93> of sequential type is unconnected in block <toplevel>.
WARNING:Xst:2677 - Node <MIPS_SC_PROCESSOR/EXMEM/data_92> of sequential type is unconnected in block <toplevel>.
WARNING:Xst:2677 - Node <MIPS_SC_PROCESSOR/EXMEM/data_91> of sequential type is unconnected in block <toplevel>.
WARNING:Xst:2677 - Node <MIPS_SC_PROCESSOR/EXMEM/data_90> of sequential type is unconnected in block <toplevel>.
WARNING:Xst:2677 - Node <MIPS_SC_PROCESSOR/EXMEM/data_89> of sequential type is unconnected in block <toplevel>.
WARNING:Xst:2677 - Node <MIPS_SC_PROCESSOR/EXMEM/data_88> of sequential type is unconnected in block <toplevel>.
WARNING:Xst:2677 - Node <MIPS_SC_PROCESSOR/EXMEM/data_87> of sequential type is unconnected in block <toplevel>.
WARNING:Xst:2677 - Node <MIPS_SC_PROCESSOR/EXMEM/data_86> of sequential type is unconnected in block <toplevel>.
WARNING:Xst:2677 - Node <MIPS_SC_PROCESSOR/EXMEM/data_85> of sequential type is unconnected in block <toplevel>.
WARNING:Xst:2677 - Node <MIPS_SC_PROCESSOR/EXMEM/data_84> of sequential type is unconnected in block <toplevel>.
WARNING:Xst:2677 - Node <MIPS_SC_PROCESSOR/EXMEM/data_83> of sequential type is unconnected in block <toplevel>.
WARNING:Xst:2677 - Node <MIPS_SC_PROCESSOR/EXMEM/data_82> of sequential type is unconnected in block <toplevel>.
WARNING:Xst:2677 - Node <MIPS_SC_PROCESSOR/EXMEM/data_81> of sequential type is unconnected in block <toplevel>.
WARNING:Xst:2677 - Node <MIPS_SC_PROCESSOR/EXMEM/data_80> of sequential type is unconnected in block <toplevel>.
WARNING:Xst:2677 - Node <MIPS_SC_PROCESSOR/EXMEM/data_79> of sequential type is unconnected in block <toplevel>.
WARNING:Xst:2677 - Node <MIPS_SC_PROCESSOR/EXMEM/data_78> of sequential type is unconnected in block <toplevel>.

Mapping all equations...
Building and optimizing final netlist ...
INFO:Xst:2261 - The FF/Latch <MIPS_SC_PROCESSOR/IDEX/data_sliced_104> in Unit <toplevel> is equivalent to the following FF/Latch, which will be removed : <MIPS_SC_PROCESSOR/EXMEM/data_5> 
INFO:Xst:2261 - The FF/Latch <MIPS_SC_PROCESSOR/IDEX/data_sliced_103> in Unit <toplevel> is equivalent to the following FF/Latch, which will be removed : <MIPS_SC_PROCESSOR/EXMEM/data_6> 
INFO:Xst:2261 - The FF/Latch <MIPS_SC_PROCESSOR/IDEX/data_sliced_102> in Unit <toplevel> is equivalent to the following FF/Latch, which will be removed : <MIPS_SC_PROCESSOR/EXMEM/data_7> 
INFO:Xst:2261 - The FF/Latch <MIPS_SC_PROCESSOR/IDEX/data_sliced_101> in Unit <toplevel> is equivalent to the following FF/Latch, which will be removed : <MIPS_SC_PROCESSOR/EXMEM/data_8> 
INFO:Xst:2261 - The FF/Latch <MIPS_SC_PROCESSOR/IDEX/data_sliced_100> in Unit <toplevel> is equivalent to the following FF/Latch, which will be removed : <MIPS_SC_PROCESSOR/EXMEM/data_9> 
INFO:Xst:2261 - The FF/Latch <MIPS_SC_PROCESSOR/IDEX/data_sliced_99> in Unit <toplevel> is equivalent to the following FF/Latch, which will be removed : <MIPS_SC_PROCESSOR/EXMEM/data_10> 
INFO:Xst:2261 - The FF/Latch <MIPS_SC_PROCESSOR/IDEX/data_sliced_98> in Unit <toplevel> is equivalent to the following FF/Latch, which will be removed : <MIPS_SC_PROCESSOR/EXMEM/data_11> 
INFO:Xst:2261 - The FF/Latch <MIPS_SC_PROCESSOR/IDEX/data_sliced_97> in Unit <toplevel> is equivalent to the following FF/Latch, which will be removed : <MIPS_SC_PROCESSOR/EXMEM/data_12> 
INFO:Xst:2261 - The FF/Latch <MIPS_SC_PROCESSOR/IDEX/data_sliced_96> in Unit <toplevel> is equivalent to the following FF/Latch, which will be removed : <MIPS_SC_PROCESSOR/EXMEM/data_13> 
INFO:Xst:2261 - The FF/Latch <MIPS_SC_PROCESSOR/IDEX/data_sliced_95> in Unit <toplevel> is equivalent to the following FF/Latch, which will be removed : <MIPS_SC_PROCESSOR/EXMEM/data_14> 
INFO:Xst:2261 - The FF/Latch <MIPS_SC_PROCESSOR/IDEX/data_sliced_94> in Unit <toplevel> is equivalent to the following FF/Latch, which will be removed : <MIPS_SC_PROCESSOR/EXMEM/data_15> 
INFO:Xst:2261 - The FF/Latch <MIPS_SC_PROCESSOR/IDEX/data_sliced_93> in Unit <toplevel> is equivalent to the following FF/Latch, which will be removed : <MIPS_SC_PROCESSOR/EXMEM/data_16> 
INFO:Xst:2261 - The FF/Latch <MIPS_SC_PROCESSOR/IDEX/data_sliced_92> in Unit <toplevel> is equivalent to the following FF/Latch, which will be removed : <MIPS_SC_PROCESSOR/EXMEM/data_17> 
INFO:Xst:2261 - The FF/Latch <MIPS_SC_PROCESSOR/IDEX/data_sliced_91> in Unit <toplevel> is equivalent to the following FF/Latch, which will be removed : <MIPS_SC_PROCESSOR/EXMEM/data_18> 
INFO:Xst:2261 - The FF/Latch <MIPS_SC_PROCESSOR/IDEX/data_sliced_90> in Unit <toplevel> is equivalent to the following FF/Latch, which will be removed : <MIPS_SC_PROCESSOR/EXMEM/data_19> 
INFO:Xst:2261 - The FF/Latch <MIPS_SC_PROCESSOR/IDEX/data_sliced_89> in Unit <toplevel> is equivalent to the following FF/Latch, which will be removed : <MIPS_SC_PROCESSOR/EXMEM/data_20> 
INFO:Xst:2261 - The FF/Latch <MIPS_SC_PROCESSOR/IDEX/data_sliced_84> in Unit <toplevel> is equivalent to the following FF/Latch, which will be removed : <MIPS_SC_PROCESSOR/EXMEM/data_25> 
INFO:Xst:2261 - The FF/Latch <MIPS_SC_PROCESSOR/IDEX/data_sliced_88> in Unit <toplevel> is equivalent to the following FF/Latch, which will be removed : <MIPS_SC_PROCESSOR/EXMEM/data_21> 
INFO:Xst:2261 - The FF/Latch <MIPS_SC_PROCESSOR/IDEX/data_sliced_83> in Unit <toplevel> is equivalent to the following FF/Latch, which will be removed : <MIPS_SC_PROCESSOR/EXMEM/data_26> 
INFO:Xst:2261 - The FF/Latch <MIPS_SC_PROCESSOR/IDEX/data_sliced_87> in Unit <toplevel> is equivalent to the following FF/Latch, which will be removed : <MIPS_SC_PROCESSOR/EXMEM/data_22> 
INFO:Xst:2261 - The FF/Latch <MIPS_SC_PROCESSOR/IDEX/data_sliced_82> in Unit <toplevel> is equivalent to the following FF/Latch, which will be removed : <MIPS_SC_PROCESSOR/EXMEM/data_27> 
INFO:Xst:2261 - The FF/Latch <MIPS_SC_PROCESSOR/IDEX/data_sliced_86> in Unit <toplevel> is equivalent to the following FF/Latch, which will be removed : <MIPS_SC_PROCESSOR/EXMEM/data_23> 
INFO:Xst:2261 - The FF/Latch <MIPS_SC_PROCESSOR/IDEX/data_sliced_81> in Unit <toplevel> is equivalent to the following FF/Latch, which will be removed : <MIPS_SC_PROCESSOR/EXMEM/data_28> 
INFO:Xst:2261 - The FF/Latch <MIPS_SC_PROCESSOR/IDEX/data_sliced_85> in Unit <toplevel> is equivalent to the following FF/Latch, which will be removed : <MIPS_SC_PROCESSOR/EXMEM/data_24> 
INFO:Xst:2261 - The FF/Latch <MIPS_SC_PROCESSOR/IDEX/data_sliced_80> in Unit <toplevel> is equivalent to the following FF/Latch, which will be removed : <MIPS_SC_PROCESSOR/EXMEM/data_29> 
INFO:Xst:2261 - The FF/Latch <MIPS_SC_PROCESSOR/IDEX/data_sliced_79> in Unit <toplevel> is equivalent to the following FF/Latch, which will be removed : <MIPS_SC_PROCESSOR/EXMEM/data_30> 
INFO:Xst:2261 - The FF/Latch <MIPS_SC_PROCESSOR/IDEX/data_sliced_74> in Unit <toplevel> is equivalent to the following FF/Latch, which will be removed : <MIPS_SC_PROCESSOR/EXMEM/data_35> 
INFO:Xst:2261 - The FF/Latch <MIPS_SC_PROCESSOR/IDEX/data_sliced_78> in Unit <toplevel> is equivalent to the following FF/Latch, which will be removed : <MIPS_SC_PROCESSOR/EXMEM/data_31> 
INFO:Xst:2261 - The FF/Latch <MIPS_SC_PROCESSOR/IDEX/data_sliced_73> in Unit <toplevel> is equivalent to the following FF/Latch, which will be removed : <MIPS_SC_PROCESSOR/EXMEM/data_36> 
INFO:Xst:2261 - The FF/Latch <MIPS_SC_PROCESSOR/IDEX/data_sliced_77> in Unit <toplevel> is equivalent to the following FF/Latch, which will be removed : <MIPS_SC_PROCESSOR/EXMEM/data_32> 
INFO:Xst:2261 - The FF/Latch <MIPS_SC_PROCESSOR/IDEX/data_sliced_76> in Unit <toplevel> is equivalent to the following FF/Latch, which will be removed : <MIPS_SC_PROCESSOR/EXMEM/data_33> 
INFO:Xst:2261 - The FF/Latch <MIPS_SC_PROCESSOR/IDEX/data_sliced_75> in Unit <toplevel> is equivalent to the following FF/Latch, which will be removed : <MIPS_SC_PROCESSOR/EXMEM/data_34> 
Found area constraint ratio of 100 (+ 5) on block toplevel, actual ratio is 7.
FlipFlop MIPS_SC_PROCESSOR/IDEX/data_sliced_0 has been replicated 1 time(s)
FlipFlop MIPS_SC_PROCESSOR/IDEX/data_sliced_1 has been replicated 1 time(s)
FlipFlop MIPS_SC_PROCESSOR/IDEX/data_sliced_142 has been replicated 1 time(s)
FlipFlop MIPS_SC_PROCESSOR/IDEX/data_sliced_4 has been replicated 2 time(s)

Final Macro Processing ...

Processing Unit <toplevel> :
	Found 2-bit shift register for signal <MIPS_SC_PROCESSOR/MEMWB/data_22>.
	Found 2-bit shift register for signal <MIPS_SC_PROCESSOR/MEMWB/data_25>.
	Found 2-bit shift register for signal <MIPS_SC_PROCESSOR/MEMWB/data_29>.
	Found 2-bit shift register for signal <MIPS_SC_PROCESSOR/MEMWB/data_69>.
	Found 2-bit shift register for signal <MIPS_SC_PROCESSOR/MEMWB/data_70>.
	Found 2-bit shift register for signal <MIPS_SC_PROCESSOR/IDEX/data_sliced_146>.
	Found 2-bit shift register for signal <MIPS_SC_PROCESSOR/IDEX/data_sliced_145>.
	Found 2-bit shift register for signal <MIPS_SC_PROCESSOR/IDEX/data_sliced_144>.
	Found 2-bit shift register for signal <MIPS_SC_PROCESSOR/IDEX/data_sliced_143>.
	Found 2-bit shift register for signal <MIPS_SC_PROCESSOR/IDEX/data_sliced_136>.
	Found 2-bit shift register for signal <MIPS_SC_PROCESSOR/IDEX/data_sliced_135>.
	Found 2-bit shift register for signal <MIPS_SC_PROCESSOR/IDEX/data_sliced_134>.
	Found 2-bit shift register for signal <MIPS_SC_PROCESSOR/IDEX/data_sliced_133>.
	Found 2-bit shift register for signal <MIPS_SC_PROCESSOR/IDEX/data_sliced_132>.
	Found 2-bit shift register for signal <MIPS_SC_PROCESSOR/IDEX/data_sliced_131>.
	Found 2-bit shift register for signal <MIPS_SC_PROCESSOR/IDEX/data_sliced_130>.
	Found 2-bit shift register for signal <MIPS_SC_PROCESSOR/IDEX/data_sliced_129>.
	Found 2-bit shift register for signal <MIPS_SC_PROCESSOR/IDEX/data_sliced_128>.
	Found 2-bit shift register for signal <MIPS_SC_PROCESSOR/IDEX/data_sliced_127>.
	Found 2-bit shift register for signal <MIPS_SC_PROCESSOR/IDEX/data_sliced_126>.
	Found 2-bit shift register for signal <MIPS_SC_PROCESSOR/IDEX/data_sliced_72>.
	Found 2-bit shift register for signal <MIPS_SC_PROCESSOR/IDEX/data_sliced_71>.
	Found 2-bit shift register for signal <MIPS_SC_PROCESSOR/IDEX/data_sliced_70>.
	Found 2-bit shift register for signal <MIPS_SC_PROCESSOR/IDEX/data_sliced_69>.
	Found 2-bit shift register for signal <MIPS_SC_PROCESSOR/IDEX/data_sliced_68>.
	Found 2-bit shift register for signal <MIPS_SC_PROCESSOR/IDEX/data_sliced_67>.
	Found 2-bit shift register for signal <MIPS_SC_PROCESSOR/IDEX/data_sliced_66>.
	Found 2-bit shift register for signal <MIPS_SC_PROCESSOR/IDEX/data_sliced_65>.
Unit <toplevel> processed.

=========================================================================
Final Register Report

Macro Statistics
# Registers                                            : 317
 Flip-Flops                                            : 317
# Shift Registers                                      : 28
 2-bit shift register                                  : 28

=========================================================================

=========================================================================
*                           Partition Report                            *
=========================================================================

Partition Implementation Status
-------------------------------

  No Partitions were found in this design.

-------------------------------

=========================================================================
*                            Design Summary                             *
=========================================================================

Top Level Output File Name         : toplevel.ngc

Primitive and Black Box Usage:
------------------------------
# BELS                             : 563
#      GND                         : 1
#      LUT2                        : 10
#      LUT3                        : 141
#      LUT4                        : 43
#      LUT5                        : 60
#      LUT6                        : 258
#      MUXF7                       : 49
#      VCC                         : 1
# FlipFlops/Latches                : 345
#      FD                          : 189
#      FDC                         : 8
#      FDE                         : 28
#      FDR                         : 88
#      FDRE                        : 32
# RAMS                             : 4
#      RAMB8BWER                   : 4
# Shift Registers                  : 28
#      SRLC16E                     : 28
# Clock Buffers                    : 1
#      BUFGP                       : 1
# IO Buffers                       : 137
#      IBUF                        : 73
#      OBUF                        : 64

Device utilization summary:
---------------------------

Selected Device : 6slx16csg324-2 


Slice Logic Utilization: 
 Number of Slice Registers:             345  out of  18224     1%  
 Number of Slice LUTs:                  540  out of   9112     5%  
    Number used as Logic:               512  out of   9112     5%  
    Number used as Memory:               28  out of   2176     1%  
       Number used as SRL:               28

Slice Logic Distribution: 
 Number of LUT Flip Flop pairs used:    640
   Number with an unused Flip Flop:     295  out of    640    46%  
   Number with an unused LUT:           100  out of    640    15%  
   Number of fully used LUT-FF pairs:   245  out of    640    38%  
   Number of unique control sets:         8

IO Utilization: 
 Number of IOs:                         162
 Number of bonded IOBs:                 138  out of    232    59%  

Specific Feature Utilization:
 Number of Block RAM/FIFO:                2  out of     32     6%  
    Number using Block RAM only:          2
 Number of BUFG/BUFGCTRLs:                1  out of     16     6%  

---------------------------
Partition Resource Summary:
---------------------------

  No Partitions were found in this design.

---------------------------


=========================================================================
Timing Report

NOTE: THESE TIMING NUMBERS ARE ONLY A SYNTHESIS ESTIMATE.
      FOR ACCURATE TIMING INFORMATION PLEASE REFER TO THE TRACE REPORT
      GENERATED AFTER PLACE-and-ROUTE.

Clock Information:
------------------
-----------------------------------+------------------------+-------+
Clock Signal                       | Clock buffer(FF name)  | Load  |
-----------------------------------+------------------------+-------+
clk                                | BUFGP                  | 377   |
-----------------------------------+------------------------+-------+

Asynchronous Control Signals Information:
----------------------------------------
No asynchronous control signals found in this design

Timing Summary:
---------------
Speed Grade: -2

   Minimum period: 12.954ns (Maximum Frequency: 77.196MHz)
   Minimum input arrival time before clock: 8.006ns
   Maximum output required time after clock: 4.226ns
   Maximum combinational path delay: No path found

Timing Details:
---------------
All values displayed in nanoseconds (ns)

=========================================================================
Timing constraint: Default period analysis for Clock 'clk'
  Clock period: 12.954ns (frequency: 77.196MHz)
  Total number of paths / destination ports: 27074 / 633
-------------------------------------------------------------------------
Delay:               12.954ns (Levels of Logic = 8)
  Source:            MIPS_SC_PROCESSOR/REGISTER_F/Mram_REGS (RAM)
  Destination:       MIPS_SC_PROCESSOR/EXMEM/data_69 (FF)
  Source Clock:      clk rising
  Destination Clock: clk rising

  Data Path: MIPS_SC_PROCESSOR/REGISTER_F/Mram_REGS to MIPS_SC_PROCESSOR/EXMEM/data_69
                                Gate     Net
    Cell:in->out      fanout   Delay   Delay  Logical Name (Net Name)
    ----------------------------------------  ------------
     RAMB8BWER:CLKAWRCLK->DOADO1    6   2.700   1.164  MIPS_SC_PROCESSOR/REGISTER_F/Mram_REGS (MIPS_SC_PROCESSOR/IDEXs<75>)
     LUT6:I3->O            1   0.373   0.820  MIPS_SC_PROCESSOR/ALUTD/BEGIN_ALU1B/FULLADDER_ALU/COUT<3>44_SW0 (N15)
     LUT5:I3->O            4   0.373   1.182  MIPS_SC_PROCESSOR/ALUTD/BEGIN_ALU1B/FULLADDER_ALU/COUT<3>44 (MIPS_SC_PROCESSOR/ALUTD/Propagates<0>)
     LUT5:I1->O           15   0.364   1.155  MIPS_SC_PROCESSOR/ALUTD/COUT_AUX<1>11 (MIPS_SC_PROCESSOR/ALUTD/COUT_AUX<1>)
     LUT6:I5->O            2   0.373   0.726  MIPS_SC_PROCESSOR/ALUTD/GEN_ALU[3].NEXT_ALU1B/FULLADDER_ALU/C21 (MIPS_SC_PROCESSOR/ALUTD/GEN_ALU[3].NEXT_ALU1B/COUT<1>)
     LUT6:I5->O            2   0.373   0.726  MIPS_SC_PROCESSOR/ALUTD/GEN_ALU[3].NEXT_ALU1B/Mmux_RES_AUX31 (MIPS_SC_PROCESSOR/ALUTD/R_AUX<10>)
     LUT6:I5->O            1   0.373   0.682  MIPS_SC_PROCESSOR/ALUTD/FLAGS_Zero<31>2 (MIPS_SC_PROCESSOR/ALUTD/FLAGS_Zero<31>1)
     LUT6:I5->O            1   0.373   0.682  MIPS_SC_PROCESSOR/ALUTD/FLAGS_Zero<31>4 (MIPS_SC_PROCESSOR/ALUTD/FLAGS_Zero<31>3)
     LUT6:I5->O            1   0.373   0.000  MIPS_SC_PROCESSOR/ALUTD/FLAGS_Zero<31>8 (MIPS_SC_PROCESSOR/Zero_Zero)
     FD:D                      0.142          MIPS_SC_PROCESSOR/EXMEM/data_69
    ----------------------------------------
    Total                     12.954ns (5.817ns logic, 7.137ns route)
                                       (44.9% logic, 55.1% route)

=========================================================================
Timing constraint: Default OFFSET IN BEFORE for Clock 'clk'
  Total number of paths / destination ports: 271 / 179
-------------------------------------------------------------------------
Offset:              8.006ns (Levels of Logic = 6)
  Source:            command<11> (PAD)
  Destination:       TDT4255_COM/state_FSM_FFd1 (FF)
  Destination Clock: clk rising

  Data Path: command<11> to TDT4255_COM/state_FSM_FFd1
                                Gate     Net
    Cell:in->out      fanout   Delay   Delay  Logical Name (Net Name)
    ----------------------------------------  ------------
     IBUF:I->O             1   1.328   1.283  command_11_IBUF (command_11_IBUF)
     LUT5:I0->O            1   0.373   0.970  TDT4255_COM/state_FSM_FFd1-In51 (TDT4255_COM/state_FSM_FFd1-In5)
     LUT5:I2->O            1   0.373   0.682  TDT4255_COM/state_FSM_FFd1-In54 (TDT4255_COM/state_FSM_FFd1-In53)
     LUT6:I5->O            3   0.373   0.766  TDT4255_COM/state_FSM_FFd1-In56 (TDT4255_COM/state_FSM_FFd1-In_bdd6)
     LUT2:I1->O            1   0.373   0.970  TDT4255_COM/state_FSM_FFd1-In1_SW0 (N8)
     LUT6:I3->O            1   0.373   0.000  TDT4255_COM/state_FSM_FFd1-In1 (TDT4255_COM/state_FSM_FFd1-In)
     FDR:D                     0.142          TDT4255_COM/state_FSM_FFd1
    ----------------------------------------
    Total                      8.006ns (3.335ns logic, 4.671ns route)
                                       (41.7% logic, 58.3% route)

=========================================================================
Timing constraint: Default OFFSET OUT AFTER for Clock 'clk'
  Total number of paths / destination ports: 34 / 34
-------------------------------------------------------------------------
Offset:              4.226ns (Levels of Logic = 1)
  Source:            TDT4255_COM/status_0 (FF)
  Destination:       status<30> (PAD)
  Source Clock:      clk rising

  Data Path: TDT4255_COM/status_0 to status<30>
                                Gate     Net
    Cell:in->out      fanout   Delay   Delay  Logical Name (Net Name)
    ----------------------------------------  ------------
     FDR:C->Q              1   0.633   0.681  TDT4255_COM/status_0 (TDT4255_COM/status_0)
     OBUF:I->O                 2.912          status_30_OBUF (status<30>)
    ----------------------------------------
    Total                      4.226ns (3.545ns logic, 0.681ns route)
                                       (83.9% logic, 16.1% route)

=========================================================================

Cross Clock Domains Report:
--------------------------

Clock to Setup on destination clock clk
---------------+---------+---------+---------+---------+
               | Src:Rise| Src:Fall| Src:Rise| Src:Fall|
Source Clock   |Dest:Rise|Dest:Rise|Dest:Fall|Dest:Fall|
---------------+---------+---------+---------+---------+
clk            |   12.954|         |         |         |
---------------+---------+---------+---------+---------+

=========================================================================


Total REAL time to Xst completion: 21.00 secs
Total CPU time to Xst completion: 21.53 secs
 
--> 

Total memory usage is 268320 kilobytes

Number of errors   :    0 (   0 filtered)
Number of warnings :  233 (   0 filtered)
Number of infos    :   78 (   0 filtered)

