--------------------------------------------------------------------------------
Release 12.4 Trace  (nt64)
Copyright (c) 1995-2010 Xilinx, Inc.  All rights reserved.

C:\Xilinx\12.4\ISE_DS\ISE\bin\nt64\unwrapped\trce.exe -intstyle ise -v 3 -s 2
-n 3 -fastpaths -xml toplevel.twx toplevel.ncd -o toplevel.twr toplevel.pcf

Design file:              toplevel.ncd
Physical constraint file: toplevel.pcf
Device,package,speed:     xc6slx16,csg324,C,-2 (PRODUCTION 1.15 2010-12-02)
Report level:             verbose report

Environment Variable      Effect 
--------------------      ------ 
NONE                      No environment variables were set
--------------------------------------------------------------------------------

INFO:Timing:2698 - No timing constraints found, doing default enumeration.
INFO:Timing:2752 - To get complete path coverage, use the unconstrained paths 
   option. All paths that are not constrained will be reported in the 
   unconstrained paths section(s) of the report.
INFO:Timing:3339 - The clock-to-out numbers in this timing report are based on 
   a 50 Ohm transmission line loading model.  For the details of this model, 
   and for more information on accounting for different loading conditions, 
   please see the device datasheet.



Data Sheet report:
-----------------
All values displayed in nanoseconds (ns)

Setup/Hold to clock clk
------------------+------------+------------+------------+------------+------------------+--------+
                  |Max Setup to|  Process   |Max Hold to |  Process   |                  | Clock  |
Source            | clk (edge) |   Corner   | clk (edge) |   Corner   |Internal Clock(s) | Phase  |
------------------+------------+------------+------------+------------+------------------+--------+
bus_address_in<24>|    5.524(R)|      SLOW  |   -2.307(R)|      FAST  |clk_BUFGP         |   0.000|
bus_address_in<25>|    4.898(R)|      SLOW  |   -2.099(R)|      FAST  |clk_BUFGP         |   0.000|
bus_address_in<26>|    4.971(R)|      SLOW  |   -2.059(R)|      FAST  |clk_BUFGP         |   0.000|
bus_address_in<27>|    4.854(R)|      SLOW  |   -2.007(R)|      FAST  |clk_BUFGP         |   0.000|
bus_address_in<28>|    5.345(R)|      SLOW  |   -1.985(R)|      FAST  |clk_BUFGP         |   0.000|
bus_address_in<29>|    4.532(R)|      SLOW  |   -1.829(R)|      FAST  |clk_BUFGP         |   0.000|
bus_address_in<30>|    4.701(R)|      SLOW  |   -1.869(R)|      FAST  |clk_BUFGP         |   0.000|
bus_address_in<31>|    4.965(R)|      SLOW  |   -1.973(R)|      FAST  |clk_BUFGP         |   0.000|
bus_data_in<0>    |    4.113(R)|      SLOW  |   -1.508(R)|      FAST  |clk_BUFGP         |   0.000|
bus_data_in<1>    |    4.126(R)|      SLOW  |   -1.489(R)|      FAST  |clk_BUFGP         |   0.000|
bus_data_in<2>    |    4.022(R)|      SLOW  |   -1.448(R)|      FAST  |clk_BUFGP         |   0.000|
bus_data_in<3>    |    3.778(R)|      SLOW  |   -1.282(R)|      FAST  |clk_BUFGP         |   0.000|
bus_data_in<4>    |    3.469(R)|      SLOW  |   -1.224(R)|      FAST  |clk_BUFGP         |   0.000|
bus_data_in<5>    |    3.450(R)|      SLOW  |   -1.163(R)|      FAST  |clk_BUFGP         |   0.000|
bus_data_in<6>    |    3.392(R)|      SLOW  |   -1.153(R)|      FAST  |clk_BUFGP         |   0.000|
bus_data_in<7>    |    3.166(R)|      SLOW  |   -1.006(R)|      FAST  |clk_BUFGP         |   0.000|
bus_data_in<8>    |    3.923(R)|      SLOW  |   -1.373(R)|      FAST  |clk_BUFGP         |   0.000|
bus_data_in<9>    |    3.555(R)|      SLOW  |   -1.202(R)|      FAST  |clk_BUFGP         |   0.000|
bus_data_in<10>   |    4.019(R)|      SLOW  |   -1.420(R)|      FAST  |clk_BUFGP         |   0.000|
bus_data_in<11>   |    4.164(R)|      SLOW  |   -1.463(R)|      FAST  |clk_BUFGP         |   0.000|
bus_data_in<12>   |    4.377(R)|      SLOW  |   -1.765(R)|      FAST  |clk_BUFGP         |   0.000|
bus_data_in<13>   |    3.729(R)|      SLOW  |   -1.351(R)|      FAST  |clk_BUFGP         |   0.000|
bus_data_in<14>   |    3.580(R)|      SLOW  |   -1.248(R)|      FAST  |clk_BUFGP         |   0.000|
bus_data_in<15>   |    3.168(R)|      SLOW  |   -1.034(R)|      FAST  |clk_BUFGP         |   0.000|
bus_data_in<16>   |    3.764(R)|      SLOW  |   -1.403(R)|      FAST  |clk_BUFGP         |   0.000|
bus_data_in<17>   |    3.719(R)|      SLOW  |   -1.328(R)|      FAST  |clk_BUFGP         |   0.000|
bus_data_in<18>   |    3.443(R)|      SLOW  |   -1.213(R)|      FAST  |clk_BUFGP         |   0.000|
bus_data_in<19>   |    3.259(R)|      SLOW  |   -1.112(R)|      FAST  |clk_BUFGP         |   0.000|
bus_data_in<20>   |    3.866(R)|      SLOW  |   -1.483(R)|      FAST  |clk_BUFGP         |   0.000|
bus_data_in<21>   |    3.736(R)|      SLOW  |   -1.334(R)|      FAST  |clk_BUFGP         |   0.000|
bus_data_in<22>   |    3.770(R)|      SLOW  |   -1.401(R)|      FAST  |clk_BUFGP         |   0.000|
bus_data_in<23>   |    3.545(R)|      SLOW  |   -1.250(R)|      FAST  |clk_BUFGP         |   0.000|
bus_data_in<24>   |    4.344(R)|      SLOW  |   -1.626(R)|      FAST  |clk_BUFGP         |   0.000|
bus_data_in<25>   |    4.620(R)|      SLOW  |   -1.915(R)|      FAST  |clk_BUFGP         |   0.000|
bus_data_in<26>   |    4.396(R)|      SLOW  |   -1.666(R)|      FAST  |clk_BUFGP         |   0.000|
bus_data_in<27>   |    4.172(R)|      SLOW  |   -1.534(R)|      FAST  |clk_BUFGP         |   0.000|
bus_data_in<28>   |    3.875(R)|      SLOW  |   -1.396(R)|      FAST  |clk_BUFGP         |   0.000|
bus_data_in<29>   |    3.861(R)|      SLOW  |   -1.354(R)|      FAST  |clk_BUFGP         |   0.000|
bus_data_in<30>   |    4.420(R)|      SLOW  |   -1.767(R)|      FAST  |clk_BUFGP         |   0.000|
bus_data_in<31>   |    4.070(R)|      SLOW  |   -1.546(R)|      FAST  |clk_BUFGP         |   0.000|
command<0>        |    8.284(R)|      SLOW  |   -2.906(R)|      FAST  |clk_BUFGP         |   0.000|
command<1>        |    7.293(R)|      SLOW  |   -2.596(R)|      FAST  |clk_BUFGP         |   0.000|
command<2>        |    8.727(R)|      SLOW  |   -3.086(R)|      FAST  |clk_BUFGP         |   0.000|
command<3>        |    8.860(R)|      SLOW  |   -3.200(R)|      FAST  |clk_BUFGP         |   0.000|
command<4>        |    9.465(R)|      SLOW  |   -3.468(R)|      FAST  |clk_BUFGP         |   0.000|
command<5>        |    9.945(R)|      SLOW  |   -3.707(R)|      FAST  |clk_BUFGP         |   0.000|
command<6>        |    8.565(R)|      SLOW  |   -3.137(R)|      FAST  |clk_BUFGP         |   0.000|
command<7>        |    8.255(R)|      SLOW  |   -3.064(R)|      FAST  |clk_BUFGP         |   0.000|
command<8>        |    7.274(R)|      SLOW  |   -2.536(R)|      FAST  |clk_BUFGP         |   0.000|
command<9>        |    6.812(R)|      SLOW  |   -2.394(R)|      FAST  |clk_BUFGP         |   0.000|
command<10>       |    8.400(R)|      SLOW  |   -2.969(R)|      FAST  |clk_BUFGP         |   0.000|
command<11>       |    7.828(R)|      SLOW  |   -2.790(R)|      FAST  |clk_BUFGP         |   0.000|
command<12>       |    6.442(R)|      SLOW  |   -2.113(R)|      FAST  |clk_BUFGP         |   0.000|
command<13>       |    7.700(R)|      SLOW  |   -2.617(R)|      FAST  |clk_BUFGP         |   0.000|
command<14>       |    8.160(R)|      SLOW  |   -2.804(R)|      FAST  |clk_BUFGP         |   0.000|
command<15>       |    8.079(R)|      SLOW  |   -2.814(R)|      FAST  |clk_BUFGP         |   0.000|
command<16>       |    8.660(R)|      SLOW  |   -3.068(R)|      FAST  |clk_BUFGP         |   0.000|
command<17>       |    6.269(R)|      SLOW  |   -2.101(R)|      FAST  |clk_BUFGP         |   0.000|
command<18>       |    6.568(R)|      SLOW  |   -2.173(R)|      FAST  |clk_BUFGP         |   0.000|
command<19>       |    5.458(R)|      SLOW  |   -1.725(R)|      FAST  |clk_BUFGP         |   0.000|
command<20>       |    7.637(R)|      SLOW  |   -2.598(R)|      FAST  |clk_BUFGP         |   0.000|
command<21>       |    7.319(R)|      SLOW  |   -2.401(R)|      FAST  |clk_BUFGP         |   0.000|
command<22>       |    7.746(R)|      SLOW  |   -2.643(R)|      FAST  |clk_BUFGP         |   0.000|
command<23>       |    7.379(R)|      SLOW  |   -2.479(R)|      FAST  |clk_BUFGP         |   0.000|
command<24>       |    8.849(R)|      SLOW  |   -3.122(R)|      FAST  |clk_BUFGP         |   0.000|
command<25>       |    7.895(R)|      SLOW  |   -2.780(R)|      FAST  |clk_BUFGP         |   0.000|
command<26>       |    8.168(R)|      SLOW  |   -2.877(R)|      FAST  |clk_BUFGP         |   0.000|
command<27>       |    7.827(R)|      SLOW  |   -2.754(R)|      FAST  |clk_BUFGP         |   0.000|
command<28>       |    6.358(R)|      SLOW  |   -2.084(R)|      FAST  |clk_BUFGP         |   0.000|
command<29>       |    3.351(R)|      SLOW  |   -0.792(R)|      FAST  |clk_BUFGP         |   0.000|
command<30>       |    2.975(R)|      SLOW  |   -0.970(R)|      FAST  |clk_BUFGP         |   0.000|
command<31>       |    2.259(R)|      SLOW  |   -0.785(R)|      FAST  |clk_BUFGP         |   0.000|
reset             |    6.403(R)|      SLOW  |   -0.397(R)|      FAST  |clk_BUFGP         |   0.000|
------------------+------------+------------+------------+------------+------------------+--------+

Clock clk to Pad
----------------+-----------------+------------+-----------------+------------+------------------+--------+
                |Max (slowest) clk|  Process   |Min (fastest) clk|  Process   |                  | Clock  |
Destination     |  (edge) to PAD  |   Corner   |  (edge) to PAD  |   Corner   |Internal Clock(s) | Phase  |
----------------+-----------------+------------+-----------------+------------+------------------+--------+
bus_data_out<0> |        11.911(R)|      SLOW  |         4.959(R)|      FAST  |clk_BUFGP         |   0.000|
bus_data_out<1> |        12.013(R)|      SLOW  |         4.997(R)|      FAST  |clk_BUFGP         |   0.000|
bus_data_out<2> |        11.885(R)|      SLOW  |         4.959(R)|      FAST  |clk_BUFGP         |   0.000|
bus_data_out<3> |        11.659(R)|      SLOW  |         4.861(R)|      FAST  |clk_BUFGP         |   0.000|
bus_data_out<4> |        10.774(R)|      SLOW  |         4.528(R)|      FAST  |clk_BUFGP         |   0.000|
bus_data_out<5> |        11.004(R)|      SLOW  |         4.628(R)|      FAST  |clk_BUFGP         |   0.000|
bus_data_out<6> |        10.941(R)|      SLOW  |         4.525(R)|      FAST  |clk_BUFGP         |   0.000|
bus_data_out<7> |        10.857(R)|      SLOW  |         4.529(R)|      FAST  |clk_BUFGP         |   0.000|
bus_data_out<8> |        10.988(R)|      SLOW  |         4.571(R)|      FAST  |clk_BUFGP         |   0.000|
bus_data_out<9> |        10.975(R)|      SLOW  |         4.552(R)|      FAST  |clk_BUFGP         |   0.000|
bus_data_out<10>|        10.749(R)|      SLOW  |         4.454(R)|      FAST  |clk_BUFGP         |   0.000|
bus_data_out<11>|        10.511(R)|      SLOW  |         4.379(R)|      FAST  |clk_BUFGP         |   0.000|
bus_data_out<12>|        10.364(R)|      SLOW  |         4.318(R)|      FAST  |clk_BUFGP         |   0.000|
bus_data_out<13>|        10.556(R)|      SLOW  |         4.378(R)|      FAST  |clk_BUFGP         |   0.000|
bus_data_out<14>|        10.516(R)|      SLOW  |         4.351(R)|      FAST  |clk_BUFGP         |   0.000|
bus_data_out<15>|        10.330(R)|      SLOW  |         4.280(R)|      FAST  |clk_BUFGP         |   0.000|
bus_data_out<16>|        10.460(R)|      SLOW  |         4.365(R)|      FAST  |clk_BUFGP         |   0.000|
bus_data_out<17>|        10.311(R)|      SLOW  |         4.223(R)|      FAST  |clk_BUFGP         |   0.000|
bus_data_out<18>|        10.286(R)|      SLOW  |         4.274(R)|      FAST  |clk_BUFGP         |   0.000|
bus_data_out<19>|        10.085(R)|      SLOW  |         4.125(R)|      FAST  |clk_BUFGP         |   0.000|
bus_data_out<20>|         9.730(R)|      SLOW  |         3.978(R)|      FAST  |clk_BUFGP         |   0.000|
bus_data_out<21>|        10.038(R)|      SLOW  |         4.094(R)|      FAST  |clk_BUFGP         |   0.000|
bus_data_out<22>|        10.309(R)|      SLOW  |         4.253(R)|      FAST  |clk_BUFGP         |   0.000|
bus_data_out<23>|        10.300(R)|      SLOW  |         4.265(R)|      FAST  |clk_BUFGP         |   0.000|
bus_data_out<24>|        10.341(R)|      SLOW  |         4.295(R)|      FAST  |clk_BUFGP         |   0.000|
bus_data_out<25>|        10.256(R)|      SLOW  |         4.223(R)|      FAST  |clk_BUFGP         |   0.000|
bus_data_out<26>|        10.310(R)|      SLOW  |         4.254(R)|      FAST  |clk_BUFGP         |   0.000|
bus_data_out<27>|        10.310(R)|      SLOW  |         4.254(R)|      FAST  |clk_BUFGP         |   0.000|
bus_data_out<28>|        10.311(R)|      SLOW  |         4.255(R)|      FAST  |clk_BUFGP         |   0.000|
bus_data_out<29>|         9.732(R)|      SLOW  |         3.980(R)|      FAST  |clk_BUFGP         |   0.000|
bus_data_out<30>|        10.091(R)|      SLOW  |         4.159(R)|      FAST  |clk_BUFGP         |   0.000|
bus_data_out<31>|        10.085(R)|      SLOW  |         4.157(R)|      FAST  |clk_BUFGP         |   0.000|
status<30>      |        12.134(R)|      SLOW  |         5.070(R)|      FAST  |clk_BUFGP         |   0.000|
status<31>      |        12.440(R)|      SLOW  |         5.217(R)|      FAST  |clk_BUFGP         |   0.000|
----------------+-----------------+------------+-----------------+------------+------------------+--------+

Clock to Setup on destination clock clk
---------------+---------+---------+---------+---------+
               | Src:Rise| Src:Fall| Src:Rise| Src:Fall|
Source Clock   |Dest:Rise|Dest:Rise|Dest:Fall|Dest:Fall|
---------------+---------+---------+---------+---------+
clk            |   18.494|    7.424|    4.707|         |
---------------+---------+---------+---------+---------+


Analysis completed Wed Oct 16 22:55:50 2013 
--------------------------------------------------------------------------------

Trace Settings:
-------------------------
Trace Settings 

Peak Memory Usage: 216 MB



