Release 12.4 - xst M.81d (nt64)
Copyright (c) 1995-2010 Xilinx, Inc.  All rights reserved.
--> Parameter TMPDIR set to xst/projnav.tmp


Total REAL time to Xst completion: 0.00 secs
Total CPU time to Xst completion: 0.10 secs
 
--> Parameter xsthdpdir set to xst


Total REAL time to Xst completion: 0.00 secs
Total CPU time to Xst completion: 0.10 secs
 
--> Reading design: toplevel.prj

TABLE OF CONTENTS
  1) Synthesis Options Summary
  2) HDL Parsing
  3) HDL Elaboration
  4) HDL Synthesis
       4.1) HDL Synthesis Report
  5) Advanced HDL Synthesis
       5.1) Advanced HDL Synthesis Report
  6) Low Level Synthesis
  7) Partition Report
  8) Design Summary
       8.1) Primitive and Black Box Usage
       8.2) Device utilization summary
       8.3) Partition Resource Summary
       8.4) Timing Report
            8.4.1) Clock Information
            8.4.2) Asynchronous Control Signals Information
            8.4.3) Timing Summary
            8.4.4) Timing Details
            8.4.5) Cross Clock Domains Report


=========================================================================
*                      Synthesis Options Summary                        *
=========================================================================
---- Source Parameters
Input File Name                    : "toplevel.prj"
Input Format                       : mixed
Ignore Synthesis Constraint File   : NO

---- Target Parameters
Output File Name                   : "toplevel"
Output Format                      : NGC
Target Device                      : xc6slx16-2-csg324

---- Source Options
Top Module Name                    : toplevel
Automatic FSM Extraction           : YES
FSM Encoding Algorithm             : Auto
Safe Implementation                : No
FSM Style                          : LUT
RAM Extraction                     : Yes
RAM Style                          : Auto
ROM Extraction                     : Yes
Shift Register Extraction          : YES
ROM Style                          : Auto
Resource Sharing                   : YES
Asynchronous To Synchronous        : NO
Shift Register Minimum Size        : 2
Use DSP Block                      : Auto
Automatic Register Balancing       : No

---- Target Options
LUT Combining                      : Auto
Reduce Control Sets                : Auto
Add IO Buffers                     : YES
Global Maximum Fanout              : 100000
Add Generic Clock Buffer(BUFG)     : 16
Register Duplication               : YES
Optimize Instantiated Primitives   : NO
Use Clock Enable                   : Auto
Use Synchronous Set                : Auto
Use Synchronous Reset              : Auto
Pack IO Registers into IOBs        : Auto
Equivalent register Removal        : YES

---- General Options
Optimization Goal                  : Speed
Optimization Effort                : 1
Power Reduction                    : NO
Keep Hierarchy                     : No
Netlist Hierarchy                  : As_Optimized
RTL Output                         : Yes
Global Optimization                : AllClockNets
Read Cores                         : YES
Write Timing Constraints           : NO
Cross Clock Analysis               : NO
Hierarchy Separator                : /
Bus Delimiter                      : <>
Case Specifier                     : Maintain
Slice Utilization Ratio            : 100
BRAM Utilization Ratio             : 100
DSP48 Utilization Ratio            : 100
Auto BRAM Packing                  : NO
Slice Utilization Ratio Delta      : 5

=========================================================================


=========================================================================
*                          HDL Parsing                                  *
=========================================================================
Parsing VHDL file "\Users\eiriklf\git\dmkonsttdt4255_work\exersise2experiment2\file/lookahead.vhd" into library work
Parsing entity <alu_full_adder>.
Parsing architecture <Behavioral> of entity <alu_full_adder>.
Parsing VHDL file "\Users\eiriklf\git\dmkonsttdt4255_work\exersise2experiment2\file/mips_constant_pkg.vhd" into library work
Parsing package <MIPS_CONSTANT_PKG>.
Parsing VHDL file "\Users\eiriklf\git\dmkonsttdt4255_work\exersise2experiment2\file/full_adder.vhd" into library work
Parsing entity <full_adder>.
Parsing architecture <Behavioral> of entity <full_adder>.
Parsing VHDL file "\Users\eiriklf\git\dmkonsttdt4255_work\exersise2experiment2\file/alu_1bit.vhd" into library work
Parsing entity <alu_1bit>.
Parsing architecture <Behavioral> of entity <alu_1bit>.
Parsing VHDL file "\Users\eiriklf\git\dmkonsttdt4255_work\exersise2experiment2\TriputMux.vhd" into library work
Parsing entity <TriputMux>.
Parsing architecture <Behavioral> of entity <triputmux>.
Parsing VHDL file "\Users\eiriklf\git\dmkonsttdt4255_work\exersise2experiment2\Regi.vhd" into library work
Parsing entity <regi>.
Parsing architecture <Behavioral> of entity <regi>.
Parsing VHDL file "\Users\eiriklf\git\dmkonsttdt4255_work\exersise2experiment2\predictionbuffer.vhd" into library work
Parsing entity <predictorbuffer>.
Parsing architecture <Behavioral> of entity <predictorbuffer>.
Parsing VHDL file "\Users\eiriklf\git\dmkonsttdt4255_work\exersise2experiment2\Hazarddetection.vhd" into library work
Parsing entity <Hazarddetection>.
Parsing architecture <Behavioral> of entity <hazarddetection>.
Parsing VHDL file "\Users\eiriklf\git\dmkonsttdt4255_work\exersise2experiment2\Forward.vhd" into library work
Parsing entity <Forwarding>.
Parsing architecture <Behavioral> of entity <forwarding>.
Parsing VHDL file "\Users\eiriklf\git\dmkonsttdt4255_work\exersise2experiment2\file/register_file.vhd" into library work
Parsing entity <register_file>.
Parsing architecture <Behavioral> of entity <register_file>.
Parsing VHDL file "\Users\eiriklf\git\dmkonsttdt4255_work\exersise2experiment2\file/PC.vhd" into library work
Parsing entity <PC>.
Parsing architecture <Behavioral> of entity <pc>.
Parsing VHDL file "\Users\eiriklf\git\dmkonsttdt4255_work\exersise2experiment2\file/mux.vhd" into library work
Parsing entity <simple_multiplexer>.
Parsing architecture <Behavioral> of entity <simple_multiplexer>.
Parsing VHDL file "\Users\eiriklf\git\dmkonsttdt4255_work\exersise2experiment2\file/control.vhd" into library work
Parsing entity <control>.
Parsing architecture <Behavioral> of entity <control>.
Parsing VHDL file "\Users\eiriklf\git\dmkonsttdt4255_work\exersise2experiment2\file/ALUop.vhd" into library work
Parsing entity <ALUoperation>.
Parsing architecture <Behavioral> of entity <aluoperation>.
Parsing VHDL file "\Users\eiriklf\git\dmkonsttdt4255_work\exersise2experiment2\file/alu.vhd" into library work
Parsing entity <alu>.
Parsing architecture <Behavioral> of entity <alu>.
Parsing VHDL file "\Users\eiriklf\git\dmkonsttdt4255_work\exersise2experiment2\file/adder.vhd" into library work
Parsing entity <adder>.
Parsing architecture <Behavioral> of entity <adder>.
Parsing VHDL file "\Users\eiriklf\git\dmkonsttdt4255_work\exersise2experiment2\file/processor.vhd" into library work
Parsing entity <PROCESSOR>.
Parsing architecture <Behavioral> of entity <processor>.
WARNING:HDLCompiler:946 - "\Users\eiriklf\git\dmkonsttdt4255_work\exersise2experiment2\file/processor.vhd" Line 366: Actual for formal port data_in is neither a static name nor a globally static expression
WARNING:HDLCompiler:946 - "\Users\eiriklf\git\dmkonsttdt4255_work\exersise2experiment2\file/processor.vhd" Line 374: Actual for formal port data_in is neither a static name nor a globally static expression
WARNING:HDLCompiler:946 - "\Users\eiriklf\git\dmkonsttdt4255_work\exersise2experiment2\file/processor.vhd" Line 381: Actual for formal port data_in is neither a static name nor a globally static expression
WARNING:HDLCompiler:946 - "\Users\eiriklf\git\dmkonsttdt4255_work\exersise2experiment2\file/processor.vhd" Line 388: Actual for formal port data_in is neither a static name nor a globally static expression
WARNING:HDLCompiler:946 - "\Users\eiriklf\git\dmkonsttdt4255_work\exersise2experiment2\file/processor.vhd" Line 462: Actual for formal port write_data is neither a static name nor a globally static expression
WARNING:HDLCompiler:946 - "\Users\eiriklf\git\dmkonsttdt4255_work\exersise2experiment2\file/processor.vhd" Line 522: Actual for formal port b is neither a static name nor a globally static expression
Parsing VHDL file "\Users\eiriklf\git\dmkonsttdt4255_work\exersise2experiment2\file/memory.vhd" into library work
Parsing entity <memory>.
Parsing architecture <Behavioral> of entity <memory>.
Parsing VHDL file "\Users\eiriklf\git\dmkonsttdt4255_work\exersise2experiment2\file/com.vhd" into library work
Parsing entity <com>.
Parsing architecture <Behavioral> of entity <com>.
Parsing VHDL file "\Users\eiriklf\git\dmkonsttdt4255_work\exersise2experiment2\file/toplevel.vhd" into library work
Parsing entity <toplevel>.
Parsing architecture <Behavioral> of entity <toplevel>.

=========================================================================
*                            HDL Elaboration                            *
=========================================================================

Elaborating entity <toplevel> (architecture <Behavioral>) with generics from library <work>.

Elaborating entity <com> (architecture <Behavioral>) with generics from library <work>.
INFO:HDLCompiler:679 - "\Users\eiriklf\git\dmkonsttdt4255_work\exersise2experiment2\file/com.vhd" Line 231. Case statement is complete. others clause is never selected

Elaborating entity <memory> (architecture <Behavioral>) with generics from library <work>.

Elaborating entity <PROCESSOR> (architecture <Behavioral>) with generics from library <work>.
WARNING:HDLCompiler:1127 - "\Users\eiriklf\git\dmkonsttdt4255_work\exersise2experiment2\file/processor.vhd" Line 288: Assignment to equalvals ignored, since the identifier is never used

Elaborating entity <ALUoperation> (architecture <Behavioral>) from library <work>.

Elaborating entity <alu> (architecture <Behavioral>) with generics from library <work>.

Elaborating entity <alu_1bit> (architecture <Behavioral>) from library <work>.

Elaborating entity <alu_full_adder> (architecture <Behavioral>) from library <work>.

Elaborating entity <register_file> (architecture <Behavioral>) from library <work>.

Elaborating entity <PC> (architecture <Behavioral>) from library <work>.

Elaborating entity <regi> (architecture <Behavioral>) with generics from library <work>.

Elaborating entity <regi> (architecture <Behavioral>) with generics from library <work>.

Elaborating entity <regi> (architecture <Behavioral>) with generics from library <work>.

Elaborating entity <regi> (architecture <Behavioral>) with generics from library <work>.

Elaborating entity <Forwarding> (architecture <Behavioral>) from library <work>.

Elaborating entity <control> (architecture <Behavioral>) from library <work>.

Elaborating entity <Hazarddetection> (architecture <Behavioral>) from library <work>.
INFO:HDLCompiler:679 - "\Users\eiriklf\git\dmkonsttdt4255_work\exersise2experiment2\Hazarddetection.vhd" Line 178. Case statement is complete. others clause is never selected

Elaborating entity <adder> (architecture <Behavioral>) with generics from library <work>.

Elaborating entity <full_adder> (architecture <Behavioral>) from library <work>.

Elaborating entity <predictorbuffer> (architecture <Behavioral>) from library <work>.

Elaborating entity <TriputMux> (architecture <Behavioral>) from library <work>.

Elaborating entity <simple_multiplexer> (architecture <Behavioral>) with generics from library <work>.

Elaborating entity <simple_multiplexer> (architecture <Behavioral>) with generics from library <work>.

Elaborating entity <simple_multiplexer> (architecture <Behavioral>) with generics from library <work>.

=========================================================================
*                           HDL Synthesis                               *
=========================================================================

Synthesizing Unit <toplevel>.
    Related source file is "/users/eiriklf/git/dmkonsttdt4255_work/exersise2experiment2/file/toplevel.vhd".
        MEM_ADDR_BUS = 32
        MEM_DATA_BUS = 32
    Summary:
	inferred   6 Multiplexer(s).
Unit <toplevel> synthesized.

Synthesizing Unit <com>.
    Related source file is "/users/eiriklf/git/dmkonsttdt4255_work/exersise2experiment2/file/com.vhd".
        MEM_ADDR_BUS = 32
        MEM_DATA_BUS = 32
        INPUT_BUS_WIDTH = 32
    Found 32-bit register for signal <status>.
    Found 32-bit register for signal <bus_data_out>.
    Found 32-bit register for signal <read_addr>.
    Found 32-bit register for signal <write_addr>.
    Found 32-bit register for signal <write_data>.
    Found 1-bit register for signal <write_enable>.
    Found 1-bit register for signal <processor_enable>.
    Found 1-bit register for signal <write_imem>.
    Found 32-bit register for signal <internal_data_out>.
    Found 3-bit register for signal <state>.
    Found finite state machine <FSM_0> for signal <state>.
    -----------------------------------------------------------------------
    | States             | 8                                              |
    | Transitions        | 16                                             |
    | Inputs             | 5                                              |
    | Outputs            | 8                                              |
    | Clock              | clk (rising_edge)                              |
    | Reset              | reset (positive)                               |
    | Reset type         | synchronous                                    |
    | Reset State        | 000                                            |
    | Encoding           | auto                                           |
    | Implementation     | LUT                                            |
    -----------------------------------------------------------------------
    Summary:
	inferred 195 D-type flip-flop(s).
	inferred   3 Multiplexer(s).
	inferred   1 Finite State Machine(s).
Unit <com> synthesized.

Synthesizing Unit <memory>.
    Related source file is "/users/eiriklf/git/dmkonsttdt4255_work/exersise2experiment2/file/memory.vhd".
        N = 32
        M = 8
WARNING:Xst:647 - Input <W_ADDR<31:8>> is never used. This port will be preserved and left unconnected if it belongs to a top-level block or it belongs to a sub-block and the hierarchy of this sub-block is preserved.
WARNING:Xst:647 - Input <ADDR<31:8>> is never used. This port will be preserved and left unconnected if it belongs to a top-level block or it belongs to a sub-block and the hierarchy of this sub-block is preserved.
WARNING:Xst:647 - Input <RESET> is never used. This port will be preserved and left unconnected if it belongs to a top-level block or it belongs to a sub-block and the hierarchy of this sub-block is preserved.
    Found 256x32-bit dual-port RAM <Mram_MEM> for signal <MEM>.
    Found 8-bit register for signal <address_reg<7:0>>.
    Summary:
	inferred   1 RAM(s).
	inferred   8 D-type flip-flop(s).
Unit <memory> synthesized.

Synthesizing Unit <PROCESSOR>.
    Related source file is "/users/eiriklf/git/dmkonsttdt4255_work/exersise2experiment2/file/processor.vhd".
        MEM_ADDR_BUS = 32
        MEM_DATA_BUS = 32
INFO:Xst:3010 - "/users/eiriklf/git/dmkonsttdt4255_work/exersise2experiment2/file/processor.vhd" line 338: Output port <FLAGS_Carry> of the instance <ALUTD> is unconnected or connected to loadless signal.
INFO:Xst:3010 - "/users/eiriklf/git/dmkonsttdt4255_work/exersise2experiment2/file/processor.vhd" line 338: Output port <FLAGS_Overflow> of the instance <ALUTD> is unconnected or connected to loadless signal.
INFO:Xst:3010 - "/users/eiriklf/git/dmkonsttdt4255_work/exersise2experiment2/file/processor.vhd" line 338: Output port <FLAGS_Negative> of the instance <ALUTD> is unconnected or connected to loadless signal.
INFO:Xst:3010 - "/users/eiriklf/git/dmkonsttdt4255_work/exersise2experiment2/file/processor.vhd" line 440: Output port <COUT> of the instance <Addressincrementer> is unconnected or connected to loadless signal.
INFO:Xst:3010 - "/users/eiriklf/git/dmkonsttdt4255_work/exersise2experiment2/file/processor.vhd" line 448: Output port <COUT> of the instance <ADDRESSADDER> is unconnected or connected to loadless signal.
    Summary:
Unit <PROCESSOR> synthesized.

Synthesizing Unit <ALUoperation>.
    Related source file is "/users/eiriklf/git/dmkonsttdt4255_work/exersise2experiment2/file/aluop.vhd".
    Summary:
	inferred   5 Multiplexer(s).
Unit <ALUoperation> synthesized.

Synthesizing Unit <alu>.
    Related source file is "/users/eiriklf/git/dmkonsttdt4255_work/exersise2experiment2/file/alu.vhd".
        N = 32
INFO:Xst:3010 - "/users/eiriklf/git/dmkonsttdt4255_work/exersise2experiment2/file/alu.vhd" line 77: Output port <COUT> of the instance <BEGIN_ALU1B> is unconnected or connected to loadless signal.
INFO:Xst:3010 - "/users/eiriklf/git/dmkonsttdt4255_work/exersise2experiment2/file/alu.vhd" line 77: Output port <SET> of the instance <BEGIN_ALU1B> is unconnected or connected to loadless signal.
INFO:Xst:3010 - "/users/eiriklf/git/dmkonsttdt4255_work/exersise2experiment2/file/alu.vhd" line 95: Output port <COUT> of the instance <GEN_ALU[2].NEXT_ALU1B> is unconnected or connected to loadless signal.
INFO:Xst:3010 - "/users/eiriklf/git/dmkonsttdt4255_work/exersise2experiment2/file/alu.vhd" line 95: Output port <SET> of the instance <GEN_ALU[2].NEXT_ALU1B> is unconnected or connected to loadless signal.
INFO:Xst:3010 - "/users/eiriklf/git/dmkonsttdt4255_work/exersise2experiment2/file/alu.vhd" line 95: Output port <COUT> of the instance <GEN_ALU[3].NEXT_ALU1B> is unconnected or connected to loadless signal.
INFO:Xst:3010 - "/users/eiriklf/git/dmkonsttdt4255_work/exersise2experiment2/file/alu.vhd" line 95: Output port <SET> of the instance <GEN_ALU[3].NEXT_ALU1B> is unconnected or connected to loadless signal.
INFO:Xst:3010 - "/users/eiriklf/git/dmkonsttdt4255_work/exersise2experiment2/file/alu.vhd" line 95: Output port <COUT> of the instance <GEN_ALU[4].NEXT_ALU1B> is unconnected or connected to loadless signal.
INFO:Xst:3010 - "/users/eiriklf/git/dmkonsttdt4255_work/exersise2experiment2/file/alu.vhd" line 95: Output port <SET> of the instance <GEN_ALU[4].NEXT_ALU1B> is unconnected or connected to loadless signal.
INFO:Xst:3010 - "/users/eiriklf/git/dmkonsttdt4255_work/exersise2experiment2/file/alu.vhd" line 95: Output port <COUT> of the instance <GEN_ALU[5].NEXT_ALU1B> is unconnected or connected to loadless signal.
INFO:Xst:3010 - "/users/eiriklf/git/dmkonsttdt4255_work/exersise2experiment2/file/alu.vhd" line 95: Output port <SET> of the instance <GEN_ALU[5].NEXT_ALU1B> is unconnected or connected to loadless signal.
INFO:Xst:3010 - "/users/eiriklf/git/dmkonsttdt4255_work/exersise2experiment2/file/alu.vhd" line 95: Output port <COUT> of the instance <GEN_ALU[6].NEXT_ALU1B> is unconnected or connected to loadless signal.
INFO:Xst:3010 - "/users/eiriklf/git/dmkonsttdt4255_work/exersise2experiment2/file/alu.vhd" line 95: Output port <SET> of the instance <GEN_ALU[6].NEXT_ALU1B> is unconnected or connected to loadless signal.
INFO:Xst:3010 - "/users/eiriklf/git/dmkonsttdt4255_work/exersise2experiment2/file/alu.vhd" line 95: Output port <COUT> of the instance <GEN_ALU[7].NEXT_ALU1B> is unconnected or connected to loadless signal.
INFO:Xst:3010 - "/users/eiriklf/git/dmkonsttdt4255_work/exersise2experiment2/file/alu.vhd" line 95: Output port <SET> of the instance <GEN_ALU[7].NEXT_ALU1B> is unconnected or connected to loadless signal.
    Summary:
	inferred   1 Multiplexer(s).
Unit <alu> synthesized.

Synthesizing Unit <alu_1bit>.
    Related source file is "/users/eiriklf/git/dmkonsttdt4255_work/exersise2experiment2/file/alu_1bit.vhd".
    Summary:
	inferred   5 Multiplexer(s).
Unit <alu_1bit> synthesized.

Synthesizing Unit <alu_full_adder>.
    Related source file is "/users/eiriklf/git/dmkonsttdt4255_work/exersise2experiment2/file/lookahead.vhd".
    Summary:
Unit <alu_full_adder> synthesized.

Synthesizing Unit <register_file>.
    Related source file is "/users/eiriklf/git/dmkonsttdt4255_work/exersise2experiment2/file/register_file.vhd".
WARNING:Xst:647 - Input <RESET> is never used. This port will be preserved and left unconnected if it belongs to a top-level block or it belongs to a sub-block and the hierarchy of this sub-block is preserved.
    Found 32x32-bit dual-port RAM <Mram_REGS> for signal <REGS>.
    Summary:
	inferred   2 RAM(s).
	inferred   2 Multiplexer(s).
Unit <register_file> synthesized.

Synthesizing Unit <PC>.
    Related source file is "/users/eiriklf/git/dmkonsttdt4255_work/exersise2experiment2/file/pc.vhd".
    Found 32-bit register for signal <data>.
    Summary:
	inferred  32 D-type flip-flop(s).
Unit <PC> synthesized.

Synthesizing Unit <regi_1>.
    Related source file is "/users/eiriklf/git/dmkonsttdt4255_work/exersise2experiment2/regi.vhd".
        N = 76
    Found 76-bit register for signal <data>.
    Summary:
	inferred  76 D-type flip-flop(s).
Unit <regi_1> synthesized.

Synthesizing Unit <regi_2>.
    Related source file is "/users/eiriklf/git/dmkonsttdt4255_work/exersise2experiment2/regi.vhd".
        N = 185
    Found 185-bit register for signal <data>.
    Summary:
	inferred 185 D-type flip-flop(s).
Unit <regi_2> synthesized.

Synthesizing Unit <regi_3>.
    Related source file is "/users/eiriklf/git/dmkonsttdt4255_work/exersise2experiment2/regi.vhd".
        N = 139
    Found 139-bit register for signal <data>.
    Summary:
	inferred 139 D-type flip-flop(s).
Unit <regi_3> synthesized.

Synthesizing Unit <regi_4>.
    Related source file is "/users/eiriklf/git/dmkonsttdt4255_work/exersise2experiment2/regi.vhd".
        N = 71
    Found 71-bit register for signal <data>.
    Summary:
	inferred  71 D-type flip-flop(s).
Unit <regi_4> synthesized.

Synthesizing Unit <Forwarding>.
    Related source file is "/users/eiriklf/git/dmkonsttdt4255_work/exersise2experiment2/forward.vhd".
    Found 5-bit comparator equal for signal <RS[4]_ExmemregisterRD[4]_equal_2_o> created at line 51
    Found 5-bit comparator equal for signal <RS[4]_MEMWbregisterRD[4]_equal_5_o> created at line 54
    Found 5-bit comparator equal for signal <RT[4]_ExmemregisterRD[4]_equal_9_o> created at line 67
    Found 5-bit comparator equal for signal <RT[4]_MEMWbregisterRD[4]_equal_12_o> created at line 70
    Summary:
	inferred   4 Comparator(s).
	inferred   2 Multiplexer(s).
Unit <Forwarding> synthesized.

Synthesizing Unit <control>.
    Related source file is "/users/eiriklf/git/dmkonsttdt4255_work/exersise2experiment2/file/control.vhd".
WARNING:Xst:647 - Input <clk> is never used. This port will be preserved and left unconnected if it belongs to a top-level block or it belongs to a sub-block and the hierarchy of this sub-block is preserved.
WARNING:Xst:647 - Input <reset> is never used. This port will be preserved and left unconnected if it belongs to a top-level block or it belongs to a sub-block and the hierarchy of this sub-block is preserved.
    Summary:
	inferred  18 Multiplexer(s).
Unit <control> synthesized.

Synthesizing Unit <Hazarddetection>.
    Related source file is "/users/eiriklf/git/dmkonsttdt4255_work/exersise2experiment2/hazarddetection.vhd".
WARNING:Xst:647 - Input <IDEXCONTROL<8:0>> is never used. This port will be preserved and left unconnected if it belongs to a top-level block or it belongs to a sub-block and the hierarchy of this sub-block is preserved.
WARNING:Xst:647 - Input <IDEXregisterRT<31:0>> is never used. This port will be preserved and left unconnected if it belongs to a top-level block or it belongs to a sub-block and the hierarchy of this sub-block is preserved.
    Found 2-bit 4-to-1 multiplexer for signal <State> created at line 142.
    Summary:
	inferred  12 Multiplexer(s).
Unit <Hazarddetection> synthesized.

Synthesizing Unit <adder>.
    Related source file is "/users/eiriklf/git/dmkonsttdt4255_work/exersise2experiment2/file/adder.vhd".
        N = 32
    Summary:
	no macro.
Unit <adder> synthesized.

Synthesizing Unit <full_adder>.
    Related source file is "/users/eiriklf/git/dmkonsttdt4255_work/exersise2experiment2/file/full_adder.vhd".
    Summary:
Unit <full_adder> synthesized.

Synthesizing Unit <predictorbuffer>.
    Related source file is "/users/eiriklf/git/dmkonsttdt4255_work/exersise2experiment2/predictionbuffer.vhd".
WARNING:Xst:647 - Input <RESET> is never used. This port will be preserved and left unconnected if it belongs to a top-level block or it belongs to a sub-block and the hierarchy of this sub-block is preserved.
    Found 32x18-bit dual-port RAM <Mram_REGS> for signal <REGS>.
    Summary:
	inferred   2 RAM(s).
Unit <predictorbuffer> synthesized.

Synthesizing Unit <TriputMux>.
    Related source file is "/users/eiriklf/git/dmkonsttdt4255_work/exersise2experiment2/triputmux.vhd".
    Found 32-bit 4-to-1 multiplexer for signal <R> created at line 36.
    Summary:
	inferred   1 Multiplexer(s).
Unit <TriputMux> synthesized.

Synthesizing Unit <simple_multiplexer_1>.
    Related source file is "/users/eiriklf/git/dmkonsttdt4255_work/exersise2experiment2/file/mux.vhd".
        N = 5
    Summary:
	inferred   1 Multiplexer(s).
Unit <simple_multiplexer_1> synthesized.

Synthesizing Unit <simple_multiplexer_2>.
    Related source file is "/users/eiriklf/git/dmkonsttdt4255_work/exersise2experiment2/file/mux.vhd".
        N = 32
    Summary:
	inferred   1 Multiplexer(s).
Unit <simple_multiplexer_2> synthesized.

Synthesizing Unit <simple_multiplexer_3>.
    Related source file is "/users/eiriklf/git/dmkonsttdt4255_work/exersise2experiment2/file/mux.vhd".
        N = 9
    Summary:
	inferred   1 Multiplexer(s).
Unit <simple_multiplexer_3> synthesized.

=========================================================================
HDL Synthesis Report

Macro Statistics
# RAMs                                                 : 6
 256x32-bit dual-port RAM                              : 2
 32x18-bit dual-port RAM                               : 2
 32x32-bit dual-port RAM                               : 2
# Registers                                            : 16
 1-bit register                                        : 3
 139-bit register                                      : 1
 185-bit register                                      : 1
 32-bit register                                       : 7
 71-bit register                                       : 1
 76-bit register                                       : 1
 8-bit register                                        : 2
# Comparators                                          : 4
 5-bit comparator equal                                : 4
# Multiplexers                                         : 99
 1-bit 2-to-1 multiplexer                              : 29
 2-bit 2-to-1 multiplexer                              : 5
 2-bit 4-to-1 multiplexer                              : 1
 32-bit 2-to-1 multiplexer                             : 15
 32-bit 4-to-1 multiplexer                             : 2
 4-bit 2-to-1 multiplexer                              : 45
 5-bit 2-to-1 multiplexer                              : 1
 9-bit 2-to-1 multiplexer                              : 1
# FSMs                                                 : 1
# Xors                                                 : 194
 1-bit xor2                                            : 193
 32-bit xor2                                           : 1

=========================================================================

=========================================================================
*                       Advanced HDL Synthesis                          *
=========================================================================

INFO:Xst:2261 - The FF/Latch <status_29> in Unit <TDT4255_COM> is equivalent to the following 29 FFs/Latches, which will be removed : <status_28> <status_27> <status_26> <status_25> <status_24> <status_23> <status_22> <status_21> <status_20> <status_19> <status_18> <status_17> <status_16> <status_15> <status_14> <status_13> <status_12> <status_11> <status_10> <status_9> <status_8> <status_7> <status_6> <status_5> <status_4> <status_3> <status_2> <status_1> <status_0> 
WARNING:Xst:1710 - FF/Latch <status_29> (without init value) has a constant value of 0 in block <TDT4255_COM>. This FF/Latch will be trimmed during the optimization process.
WARNING:Xst:2677 - Node <data_70> of sequential type is unconnected in block <IFID>.
WARNING:Xst:2677 - Node <data_71> of sequential type is unconnected in block <IFID>.
WARNING:Xst:2677 - Node <data_72> of sequential type is unconnected in block <IFID>.
WARNING:Xst:2677 - Node <data_73> of sequential type is unconnected in block <IFID>.
WARNING:Xst:2677 - Node <data_74> of sequential type is unconnected in block <IFID>.
WARNING:Xst:2677 - Node <data_75> of sequential type is unconnected in block <IFID>.
WARNING:Xst:2677 - Node <data_106> of sequential type is unconnected in block <IDEX>.
WARNING:Xst:2677 - Node <data_107> of sequential type is unconnected in block <IDEX>.
WARNING:Xst:2677 - Node <data_108> of sequential type is unconnected in block <IDEX>.
WARNING:Xst:2677 - Node <data_109> of sequential type is unconnected in block <IDEX>.
WARNING:Xst:2677 - Node <data_110> of sequential type is unconnected in block <IDEX>.
WARNING:Xst:2677 - Node <data_111> of sequential type is unconnected in block <IDEX>.
WARNING:Xst:2677 - Node <data_112> of sequential type is unconnected in block <IDEX>.
WARNING:Xst:2677 - Node <data_113> of sequential type is unconnected in block <IDEX>.
WARNING:Xst:2677 - Node <data_114> of sequential type is unconnected in block <IDEX>.
WARNING:Xst:2677 - Node <data_115> of sequential type is unconnected in block <IDEX>.
WARNING:Xst:2677 - Node <data_116> of sequential type is unconnected in block <IDEX>.
WARNING:Xst:2677 - Node <data_117> of sequential type is unconnected in block <IDEX>.
WARNING:Xst:2677 - Node <data_118> of sequential type is unconnected in block <IDEX>.
WARNING:Xst:2677 - Node <data_119> of sequential type is unconnected in block <IDEX>.
WARNING:Xst:2677 - Node <data_120> of sequential type is unconnected in block <IDEX>.
WARNING:Xst:2677 - Node <data_121> of sequential type is unconnected in block <IDEX>.
WARNING:Xst:2677 - Node <data_122> of sequential type is unconnected in block <IDEX>.
WARNING:Xst:2677 - Node <data_123> of sequential type is unconnected in block <IDEX>.
WARNING:Xst:2677 - Node <data_124> of sequential type is unconnected in block <IDEX>.
WARNING:Xst:2677 - Node <data_125> of sequential type is unconnected in block <IDEX>.
WARNING:Xst:2677 - Node <data_126> of sequential type is unconnected in block <IDEX>.
WARNING:Xst:2677 - Node <data_127> of sequential type is unconnected in block <IDEX>.
WARNING:Xst:2677 - Node <data_128> of sequential type is unconnected in block <IDEX>.
WARNING:Xst:2677 - Node <data_129> of sequential type is unconnected in block <IDEX>.
WARNING:Xst:2677 - Node <data_130> of sequential type is unconnected in block <IDEX>.
WARNING:Xst:2677 - Node <data_131> of sequential type is unconnected in block <IDEX>.
WARNING:Xst:2677 - Node <data_132> of sequential type is unconnected in block <IDEX>.
WARNING:Xst:2677 - Node <data_133> of sequential type is unconnected in block <IDEX>.
WARNING:Xst:2677 - Node <data_134> of sequential type is unconnected in block <IDEX>.
WARNING:Xst:2677 - Node <data_135> of sequential type is unconnected in block <IDEX>.
WARNING:Xst:2677 - Node <data_136> of sequential type is unconnected in block <IDEX>.
WARNING:Xst:2677 - Node <data_137> of sequential type is unconnected in block <IDEX>.
WARNING:Xst:2677 - Node <data_138> of sequential type is unconnected in block <IDEX>.
WARNING:Xst:2677 - Node <data_139> of sequential type is unconnected in block <IDEX>.
WARNING:Xst:2677 - Node <data_140> of sequential type is unconnected in block <IDEX>.
WARNING:Xst:2677 - Node <data_141> of sequential type is unconnected in block <IDEX>.
WARNING:Xst:2677 - Node <data_142> of sequential type is unconnected in block <IDEX>.
WARNING:Xst:2677 - Node <data_143> of sequential type is unconnected in block <IDEX>.
WARNING:Xst:2677 - Node <data_144> of sequential type is unconnected in block <IDEX>.
WARNING:Xst:2677 - Node <data_145> of sequential type is unconnected in block <IDEX>.
WARNING:Xst:2677 - Node <data_146> of sequential type is unconnected in block <IDEX>.
WARNING:Xst:2677 - Node <data_147> of sequential type is unconnected in block <IDEX>.
WARNING:Xst:2677 - Node <data_148> of sequential type is unconnected in block <IDEX>.
WARNING:Xst:2677 - Node <data_149> of sequential type is unconnected in block <IDEX>.
WARNING:Xst:2677 - Node <data_150> of sequential type is unconnected in block <IDEX>.
WARNING:Xst:2677 - Node <data_151> of sequential type is unconnected in block <IDEX>.
WARNING:Xst:2677 - Node <data_152> of sequential type is unconnected in block <IDEX>.
WARNING:Xst:2677 - Node <data_153> of sequential type is unconnected in block <IDEX>.
WARNING:Xst:2677 - Node <data_154> of sequential type is unconnected in block <IDEX>.
WARNING:Xst:2677 - Node <data_155> of sequential type is unconnected in block <IDEX>.
WARNING:Xst:2677 - Node <data_156> of sequential type is unconnected in block <IDEX>.
WARNING:Xst:2677 - Node <data_157> of sequential type is unconnected in block <IDEX>.
WARNING:Xst:2677 - Node <data_158> of sequential type is unconnected in block <IDEX>.
WARNING:Xst:2677 - Node <data_159> of sequential type is unconnected in block <IDEX>.
WARNING:Xst:2677 - Node <data_160> of sequential type is unconnected in block <IDEX>.
WARNING:Xst:2677 - Node <data_161> of sequential type is unconnected in block <IDEX>.
WARNING:Xst:2677 - Node <data_162> of sequential type is unconnected in block <IDEX>.
WARNING:Xst:2677 - Node <data_163> of sequential type is unconnected in block <IDEX>.
WARNING:Xst:2677 - Node <data_164> of sequential type is unconnected in block <IDEX>.
WARNING:Xst:2677 - Node <data_165> of sequential type is unconnected in block <IDEX>.
WARNING:Xst:2677 - Node <data_166> of sequential type is unconnected in block <IDEX>.
WARNING:Xst:2677 - Node <data_167> of sequential type is unconnected in block <IDEX>.
WARNING:Xst:2677 - Node <data_168> of sequential type is unconnected in block <IDEX>.
WARNING:Xst:2677 - Node <data_169> of sequential type is unconnected in block <IDEX>.
WARNING:Xst:2677 - Node <data_170> of sequential type is unconnected in block <IDEX>.
WARNING:Xst:2677 - Node <data_175> of sequential type is unconnected in block <IDEX>.
WARNING:Xst:2677 - Node <data_184> of sequential type is unconnected in block <IDEX>.
WARNING:Xst:2677 - Node <data_69> of sequential type is unconnected in block <EXMEM>.
WARNING:Xst:2677 - Node <data_70> of sequential type is unconnected in block <EXMEM>.
WARNING:Xst:2677 - Node <data_71> of sequential type is unconnected in block <EXMEM>.
WARNING:Xst:2677 - Node <data_72> of sequential type is unconnected in block <EXMEM>.
WARNING:Xst:2677 - Node <data_73> of sequential type is unconnected in block <EXMEM>.
WARNING:Xst:2677 - Node <data_74> of sequential type is unconnected in block <EXMEM>.
WARNING:Xst:2677 - Node <data_75> of sequential type is unconnected in block <EXMEM>.
WARNING:Xst:2677 - Node <data_76> of sequential type is unconnected in block <EXMEM>.
WARNING:Xst:2677 - Node <data_77> of sequential type is unconnected in block <EXMEM>.
WARNING:Xst:2677 - Node <data_78> of sequential type is unconnected in block <EXMEM>.
WARNING:Xst:2677 - Node <data_79> of sequential type is unconnected in block <EXMEM>.
WARNING:Xst:2677 - Node <data_80> of sequential type is unconnected in block <EXMEM>.
WARNING:Xst:2677 - Node <data_81> of sequential type is unconnected in block <EXMEM>.
WARNING:Xst:2677 - Node <data_82> of sequential type is unconnected in block <EXMEM>.
WARNING:Xst:2677 - Node <data_83> of sequential type is unconnected in block <EXMEM>.
WARNING:Xst:2677 - Node <data_84> of sequential type is unconnected in block <EXMEM>.
WARNING:Xst:2677 - Node <data_85> of sequential type is unconnected in block <EXMEM>.
WARNING:Xst:2677 - Node <data_86> of sequential type is unconnected in block <EXMEM>.
WARNING:Xst:2677 - Node <data_87> of sequential type is unconnected in block <EXMEM>.
WARNING:Xst:2677 - Node <data_88> of sequential type is unconnected in block <EXMEM>.
WARNING:Xst:2677 - Node <data_89> of sequential type is unconnected in block <EXMEM>.
WARNING:Xst:2677 - Node <data_90> of sequential type is unconnected in block <EXMEM>.
WARNING:Xst:2677 - Node <data_91> of sequential type is unconnected in block <EXMEM>.
WARNING:Xst:2677 - Node <data_92> of sequential type is unconnected in block <EXMEM>.
WARNING:Xst:2677 - Node <data_93> of sequential type is unconnected in block <EXMEM>.
WARNING:Xst:2677 - Node <data_94> of sequential type is unconnected in block <EXMEM>.
WARNING:Xst:2677 - Node <data_95> of sequential type is unconnected in block <EXMEM>.
WARNING:Xst:2677 - Node <data_96> of sequential type is unconnected in block <EXMEM>.
WARNING:Xst:2677 - Node <data_97> of sequential type is unconnected in block <EXMEM>.
WARNING:Xst:2677 - Node <data_98> of sequential type is unconnected in block <EXMEM>.
WARNING:Xst:2677 - Node <data_99> of sequential type is unconnected in block <EXMEM>.
WARNING:Xst:2677 - Node <data_100> of sequential type is unconnected in block <EXMEM>.
WARNING:Xst:2677 - Node <data_101> of sequential type is unconnected in block <EXMEM>.
WARNING:Xst:2677 - Node <data_102> of sequential type is unconnected in block <EXMEM>.
WARNING:Xst:2677 - Node <data_103> of sequential type is unconnected in block <EXMEM>.
WARNING:Xst:2677 - Node <data_104> of sequential type is unconnected in block <EXMEM>.
WARNING:Xst:2677 - Node <data_105> of sequential type is unconnected in block <EXMEM>.
WARNING:Xst:2677 - Node <data_106> of sequential type is unconnected in block <EXMEM>.
WARNING:Xst:2677 - Node <data_107> of sequential type is unconnected in block <EXMEM>.
WARNING:Xst:2677 - Node <data_108> of sequential type is unconnected in block <EXMEM>.
WARNING:Xst:2677 - Node <data_109> of sequential type is unconnected in block <EXMEM>.
WARNING:Xst:2677 - Node <data_110> of sequential type is unconnected in block <EXMEM>.
WARNING:Xst:2677 - Node <data_111> of sequential type is unconnected in block <EXMEM>.
WARNING:Xst:2677 - Node <data_112> of sequential type is unconnected in block <EXMEM>.
WARNING:Xst:2677 - Node <data_113> of sequential type is unconnected in block <EXMEM>.
WARNING:Xst:2677 - Node <data_114> of sequential type is unconnected in block <EXMEM>.
WARNING:Xst:2677 - Node <data_115> of sequential type is unconnected in block <EXMEM>.
WARNING:Xst:2677 - Node <data_116> of sequential type is unconnected in block <EXMEM>.
WARNING:Xst:2677 - Node <data_117> of sequential type is unconnected in block <EXMEM>.
WARNING:Xst:2677 - Node <data_118> of sequential type is unconnected in block <EXMEM>.
WARNING:Xst:2677 - Node <data_119> of sequential type is unconnected in block <EXMEM>.
WARNING:Xst:2677 - Node <data_120> of sequential type is unconnected in block <EXMEM>.
WARNING:Xst:2677 - Node <data_121> of sequential type is unconnected in block <EXMEM>.
WARNING:Xst:2677 - Node <data_122> of sequential type is unconnected in block <EXMEM>.
WARNING:Xst:2677 - Node <data_123> of sequential type is unconnected in block <EXMEM>.
WARNING:Xst:2677 - Node <data_124> of sequential type is unconnected in block <EXMEM>.
WARNING:Xst:2677 - Node <data_125> of sequential type is unconnected in block <EXMEM>.
WARNING:Xst:2677 - Node <data_126> of sequential type is unconnected in block <EXMEM>.
WARNING:Xst:2677 - Node <data_127> of sequential type is unconnected in block <EXMEM>.
WARNING:Xst:2677 - Node <data_128> of sequential type is unconnected in block <EXMEM>.
WARNING:Xst:2677 - Node <data_129> of sequential type is unconnected in block <EXMEM>.
WARNING:Xst:2677 - Node <data_130> of sequential type is unconnected in block <EXMEM>.
WARNING:Xst:2677 - Node <data_131> of sequential type is unconnected in block <EXMEM>.
WARNING:Xst:2677 - Node <data_132> of sequential type is unconnected in block <EXMEM>.
WARNING:Xst:2677 - Node <data_133> of sequential type is unconnected in block <EXMEM>.
WARNING:Xst:2677 - Node <data_134> of sequential type is unconnected in block <EXMEM>.
WARNING:Xst:2677 - Node <data_138> of sequential type is unconnected in block <EXMEM>.
WARNING:Xst:2404 -  FFs/Latches <status<0:1>> (without init value) have a constant value of 0 in block <com>.

Synthesizing (advanced) Unit <predictorbuffer>.
INFO:Xst:3048 - The small RAM <Mram_REGS> will be implemented on LUTs in order to maximize performance and save block RAM resources. If you want to force its implementation on block, use option/constraint ram_style.
    -----------------------------------------------------------------------
    | ram_type           | Distributed                         |          |
    -----------------------------------------------------------------------
    | Port A                                                              |
    |     aspect ratio   | 32-word x 18-bit                    |          |
    |     clkA           | connected to signal <CLK>           | rise     |
    |     weA            | connected to signal <RW>            | high     |
    |     addrA          | connected to signal <RD_ADDR>       |          |
    |     diA            | connected to signal <WRITE_DATA>    |          |
    -----------------------------------------------------------------------
    | Port B                                                              |
    |     aspect ratio   | 32-word x 18-bit                    |          |
    |     addrB          | connected to signal <RS_ADDR>       |          |
    |     doB            | connected to signal <RS>            |          |
    -----------------------------------------------------------------------
INFO:Xst:3048 - The small RAM <Mram_REGS1> will be implemented on LUTs in order to maximize performance and save block RAM resources. If you want to force its implementation on block, use option/constraint ram_style.
    -----------------------------------------------------------------------
    | ram_type           | Distributed                         |          |
    -----------------------------------------------------------------------
    | Port A                                                              |
    |     aspect ratio   | 32-word x 18-bit                    |          |
    |     clkA           | connected to signal <CLK>           | rise     |
    |     weA            | connected to signal <RW>            | high     |
    |     addrA          | connected to signal <RD_ADDR>       |          |
    |     diA            | connected to signal <WRITE_DATA>    |          |
    -----------------------------------------------------------------------
    | Port B                                                              |
    |     aspect ratio   | 32-word x 18-bit                    |          |
    |     addrB          | connected to signal <RT_ADDR>       |          |
    |     doB            | connected to signal <RT>            |          |
    -----------------------------------------------------------------------
Unit <predictorbuffer> synthesized (advanced).

Synthesizing (advanced) Unit <toplevel>.
INFO:Xst:3040 - The RAM <DATA_MEM/Mram_MEM> will be implemented as a BLOCK RAM, absorbing the following register(s): <DATA_MEM/address_reg>
    -----------------------------------------------------------------------
    | ram_type           | Block                               |          |
    -----------------------------------------------------------------------
    | Port A                                                              |
    |     aspect ratio   | 256-word x 32-bit                   |          |
    |     mode           | write-first                         |          |
    |     clkA           | connected to signal <clk>           | fall     |
    |     weA            | connected to signal <dmem_write_enable> | high     |
    |     addrA          | connected to signal <dmem_address_wr> |          |
    |     diA            | connected to signal <dmem_write_data> |          |
    -----------------------------------------------------------------------
    | optimization       | speed                               |          |
    -----------------------------------------------------------------------
    | Port B                                                              |
    |     aspect ratio   | 256-word x 32-bit                   |          |
    |     mode           | write-first                         |          |
    |     clkB           | connected to signal <clk>           | fall     |
    |     addrB          | connected to signal <dmem_address>  |          |
    |     doB            | connected to signal <dmem_data_in>  |          |
    -----------------------------------------------------------------------
    | optimization       | speed                               |          |
    -----------------------------------------------------------------------
INFO:Xst:3040 - The RAM <MIPS_SC_PROCESSOR/REGISTER_F/Mram_REGS> will be implemented as a BLOCK RAM, absorbing the following register(s): <MIPS_SC_PROCESSOR/IFID/data>
    -----------------------------------------------------------------------
    | ram_type           | Block                               |          |
    -----------------------------------------------------------------------
    | Port A                                                              |
    |     aspect ratio   | 32-word x 32-bit                    |          |
    |     mode           | write-first                         |          |
    |     clkA           | connected to signal <clk>           | fall     |
    |     weA            | connected to signal <MIPS_SC_PROCESSOR/MEMWBs<69>> | high     |
    |     addrA          | connected to signal <MIPS_SC_PROCESSOR/MEMWBs<4:0>> |          |
    |     diA            | connected to signal <MIPS_SC_PROCESSOR/ChosenWriteData> |          |
    -----------------------------------------------------------------------
    | optimization       | speed                               |          |
    -----------------------------------------------------------------------
    | Port B                                                              |
    |     aspect ratio   | 32-word x 32-bit                    |          |
    |     mode           | write-first                         |          |
    |     clkB           | connected to signal <clk>           | rise     |
    |     addrB          | connected to signal <instr_data<25:21>> |          |
    |     doB            | connected to internal node          |          |
    -----------------------------------------------------------------------
    | optimization       | speed                               |          |
    -----------------------------------------------------------------------
INFO:Xst:3040 - The RAM <MIPS_SC_PROCESSOR/REGISTER_F/Mram_REGS1> will be implemented as a BLOCK RAM, absorbing the following register(s): <MIPS_SC_PROCESSOR/IFID/data>
    -----------------------------------------------------------------------
    | ram_type           | Block                               |          |
    -----------------------------------------------------------------------
    | Port A                                                              |
    |     aspect ratio   | 32-word x 32-bit                    |          |
    |     mode           | write-first                         |          |
    |     clkA           | connected to signal <clk>           | fall     |
    |     weA            | connected to signal <MIPS_SC_PROCESSOR/MEMWBs<69>> | high     |
    |     addrA          | connected to signal <MIPS_SC_PROCESSOR/MEMWBs<4:0>> |          |
    |     diA            | connected to signal <MIPS_SC_PROCESSOR/ChosenWriteData> |          |
    -----------------------------------------------------------------------
    | optimization       | speed                               |          |
    -----------------------------------------------------------------------
    | Port B                                                              |
    |     aspect ratio   | 32-word x 32-bit                    |          |
    |     mode           | write-first                         |          |
    |     clkB           | connected to signal <clk>           | rise     |
    |     addrB          | connected to signal <instr_data<20:16>> |          |
    |     doB            | connected to internal node          |          |
    -----------------------------------------------------------------------
    | optimization       | speed                               |          |
    -----------------------------------------------------------------------
INFO:Xst:3040 - The RAM <INST_MEM/Mram_MEM> will be implemented as a BLOCK RAM, absorbing the following register(s): <INST_MEM/address_reg>
    -----------------------------------------------------------------------
    | ram_type           | Block                               |          |
    -----------------------------------------------------------------------
    | Port A                                                              |
    |     aspect ratio   | 256-word x 32-bit                   |          |
    |     mode           | write-first                         |          |
    |     clkA           | connected to signal <clk>           | fall     |
    |     weA            | connected to signal <imem_write_enable_com> | high     |
    |     addrA          | connected to signal <dmem_address_wr_com<7:0>> |          |
    |     diA            | connected to signal <dmem_write_data_com> |          |
    -----------------------------------------------------------------------
    | optimization       | speed                               |          |
    -----------------------------------------------------------------------
    | Port B                                                              |
    |     aspect ratio   | 256-word x 32-bit                   |          |
    |     mode           | write-first                         |          |
    |     clkB           | connected to signal <clk>           | fall     |
    |     addrB          | connected to signal <instr_addr<7:0>> |          |
    |     doB            | connected to signal <instr_data>    |          |
    -----------------------------------------------------------------------
    | optimization       | speed                               |          |
    -----------------------------------------------------------------------
Unit <toplevel> synthesized (advanced).
WARNING:Xst:2677 - Node <MIPS_SC_PROCESSOR/IFID/data_32> of sequential type is unconnected in block <toplevel>.
WARNING:Xst:2677 - Node <MIPS_SC_PROCESSOR/IFID/data_33> of sequential type is unconnected in block <toplevel>.
WARNING:Xst:2677 - Node <MIPS_SC_PROCESSOR/IFID/data_34> of sequential type is unconnected in block <toplevel>.
WARNING:Xst:2677 - Node <MIPS_SC_PROCESSOR/IFID/data_35> of sequential type is unconnected in block <toplevel>.
WARNING:Xst:2677 - Node <MIPS_SC_PROCESSOR/IFID/data_36> of sequential type is unconnected in block <toplevel>.
WARNING:Xst:2677 - Node <MIPS_SC_PROCESSOR/IFID/data_37> of sequential type is unconnected in block <toplevel>.
WARNING:Xst:2677 - Node <MIPS_SC_PROCESSOR/IFID/data_38> of sequential type is unconnected in block <toplevel>.
WARNING:Xst:2677 - Node <MIPS_SC_PROCESSOR/IFID/data_39> of sequential type is unconnected in block <toplevel>.
WARNING:Xst:2677 - Node <MIPS_SC_PROCESSOR/IFID/data_40> of sequential type is unconnected in block <toplevel>.
WARNING:Xst:2677 - Node <MIPS_SC_PROCESSOR/IFID/data_41> of sequential type is unconnected in block <toplevel>.
WARNING:Xst:2677 - Node <MIPS_SC_PROCESSOR/IFID/data_42> of sequential type is unconnected in block <toplevel>.
WARNING:Xst:2677 - Node <MIPS_SC_PROCESSOR/IFID/data_43> of sequential type is unconnected in block <toplevel>.
WARNING:Xst:2677 - Node <MIPS_SC_PROCESSOR/IFID/data_44> of sequential type is unconnected in block <toplevel>.
WARNING:Xst:2677 - Node <MIPS_SC_PROCESSOR/IFID/data_45> of sequential type is unconnected in block <toplevel>.
WARNING:Xst:2677 - Node <MIPS_SC_PROCESSOR/IFID/data_46> of sequential type is unconnected in block <toplevel>.
WARNING:Xst:2677 - Node <MIPS_SC_PROCESSOR/IFID/data_47> of sequential type is unconnected in block <toplevel>.
WARNING:Xst:2677 - Node <MIPS_SC_PROCESSOR/IFID/data_48> of sequential type is unconnected in block <toplevel>.
WARNING:Xst:2677 - Node <MIPS_SC_PROCESSOR/IFID/data_49> of sequential type is unconnected in block <toplevel>.
WARNING:Xst:2677 - Node <MIPS_SC_PROCESSOR/IFID/data_50> of sequential type is unconnected in block <toplevel>.
WARNING:Xst:2677 - Node <MIPS_SC_PROCESSOR/IFID/data_51> of sequential type is unconnected in block <toplevel>.
WARNING:Xst:2677 - Node <MIPS_SC_PROCESSOR/IFID/data_52> of sequential type is unconnected in block <toplevel>.
WARNING:Xst:2677 - Node <MIPS_SC_PROCESSOR/IFID/data_53> of sequential type is unconnected in block <toplevel>.
WARNING:Xst:2677 - Node <MIPS_SC_PROCESSOR/IFID/data_54> of sequential type is unconnected in block <toplevel>.
WARNING:Xst:2677 - Node <MIPS_SC_PROCESSOR/IFID/data_55> of sequential type is unconnected in block <toplevel>.
WARNING:Xst:2677 - Node <MIPS_SC_PROCESSOR/IFID/data_56> of sequential type is unconnected in block <toplevel>.
WARNING:Xst:2677 - Node <MIPS_SC_PROCESSOR/IFID/data_57> of sequential type is unconnected in block <toplevel>.
WARNING:Xst:2677 - Node <MIPS_SC_PROCESSOR/IFID/data_58> of sequential type is unconnected in block <toplevel>.
WARNING:Xst:2677 - Node <MIPS_SC_PROCESSOR/IFID/data_59> of sequential type is unconnected in block <toplevel>.
WARNING:Xst:2677 - Node <MIPS_SC_PROCESSOR/IFID/data_60> of sequential type is unconnected in block <toplevel>.
WARNING:Xst:2677 - Node <MIPS_SC_PROCESSOR/IFID/data_61> of sequential type is unconnected in block <toplevel>.
WARNING:Xst:2677 - Node <MIPS_SC_PROCESSOR/IFID/data_62> of sequential type is unconnected in block <toplevel>.
WARNING:Xst:2677 - Node <MIPS_SC_PROCESSOR/IFID/data_63> of sequential type is unconnected in block <toplevel>.
WARNING:Xst:2677 - Node <MIPS_SC_PROCESSOR/IFID/data_64> of sequential type is unconnected in block <toplevel>.
WARNING:Xst:2677 - Node <MIPS_SC_PROCESSOR/IFID/data_65> of sequential type is unconnected in block <toplevel>.
WARNING:Xst:2677 - Node <MIPS_SC_PROCESSOR/IFID/data_66> of sequential type is unconnected in block <toplevel>.
WARNING:Xst:2677 - Node <MIPS_SC_PROCESSOR/IFID/data_67> of sequential type is unconnected in block <toplevel>.
WARNING:Xst:2677 - Node <MIPS_SC_PROCESSOR/IFID/data_68> of sequential type is unconnected in block <toplevel>.
WARNING:Xst:2677 - Node <MIPS_SC_PROCESSOR/IFID/data_69> of sequential type is unconnected in block <toplevel>.
WARNING:Xst:2677 - Node <MIPS_SC_PROCESSOR/IFID/data_70> of sequential type is unconnected in block <toplevel>.
WARNING:Xst:2677 - Node <MIPS_SC_PROCESSOR/IFID/data_71> of sequential type is unconnected in block <toplevel>.
WARNING:Xst:2677 - Node <MIPS_SC_PROCESSOR/IFID/data_72> of sequential type is unconnected in block <toplevel>.
WARNING:Xst:2677 - Node <MIPS_SC_PROCESSOR/IFID/data_73> of sequential type is unconnected in block <toplevel>.
WARNING:Xst:2677 - Node <MIPS_SC_PROCESSOR/IFID/data_74> of sequential type is unconnected in block <toplevel>.
WARNING:Xst:2677 - Node <MIPS_SC_PROCESSOR/IFID/data_75> of sequential type is unconnected in block <toplevel>.
WARNING:Xst:2677 - Node <MIPS_SC_PROCESSOR/IFID/data_sliced_5> of sequential type is unconnected in block <toplevel>.
WARNING:Xst:2677 - Node <MIPS_SC_PROCESSOR/IFID/data_sliced_4> of sequential type is unconnected in block <toplevel>.
WARNING:Xst:2677 - Node <MIPS_SC_PROCESSOR/IFID/data_sliced_3> of sequential type is unconnected in block <toplevel>.
WARNING:Xst:2677 - Node <MIPS_SC_PROCESSOR/IFID/data_sliced_2> of sequential type is unconnected in block <toplevel>.
WARNING:Xst:2677 - Node <MIPS_SC_PROCESSOR/IFID/data_sliced_1> of sequential type is unconnected in block <toplevel>.
WARNING:Xst:2677 - Node <MIPS_SC_PROCESSOR/IFID/data_sliced_0> of sequential type is unconnected in block <toplevel>.

=========================================================================
Advanced HDL Synthesis Report

Macro Statistics
# RAMs                                                 : 6
 256x32-bit dual-port block RAM                        : 2
 32x18-bit dual-port distributed RAM                   : 2
 32x32-bit dual-port block RAM                         : 2
# Registers                                            : 662
 Flip-Flops                                            : 662
# Comparators                                          : 4
 5-bit comparator equal                                : 4
# Multiplexers                                         : 99
 1-bit 2-to-1 multiplexer                              : 29
 2-bit 2-to-1 multiplexer                              : 5
 2-bit 4-to-1 multiplexer                              : 1
 32-bit 2-to-1 multiplexer                             : 15
 32-bit 4-to-1 multiplexer                             : 2
 4-bit 2-to-1 multiplexer                              : 45
 5-bit 2-to-1 multiplexer                              : 1
 9-bit 2-to-1 multiplexer                              : 1
# FSMs                                                 : 1
# Xors                                                 : 194
 1-bit xor2                                            : 193
 32-bit xor2                                           : 1

=========================================================================

=========================================================================
*                         Low Level Synthesis                           *
=========================================================================
INFO:Xst:2261 - The FF/Latch <data_12> in Unit <regi_2> is equivalent to the following FF/Latch, which will be removed : <data_140> 
INFO:Xst:2261 - The FF/Latch <data_13> in Unit <regi_2> is equivalent to the following FF/Latch, which will be removed : <data_141> 
INFO:Xst:2261 - The FF/Latch <data_14> in Unit <regi_2> is equivalent to the following FF/Latch, which will be removed : <data_142> 
INFO:Xst:2261 - The FF/Latch <data_10> in Unit <regi_2> is equivalent to the following FF/Latch, which will be removed : <data_138> 
INFO:Xst:2261 - The FF/Latch <data_15> in Unit <regi_2> is equivalent to the following FF/Latch, which will be removed : <data_143> 
INFO:Xst:2261 - The FF/Latch <data_11> in Unit <regi_2> is equivalent to the following FF/Latch, which will be removed : <data_139> 
INFO:Xst:2261 - The FF/Latch <data_16> in Unit <regi_2> is equivalent to the following FF/Latch, which will be removed : <data_144> 
INFO:Xst:2261 - The FF/Latch <data_1> in Unit <regi_2> is equivalent to the following 2 FFs/Latches, which will be removed : <data_22> <data_150> 
INFO:Xst:2261 - The FF/Latch <data_17> in Unit <regi_2> is equivalent to the following FF/Latch, which will be removed : <data_145> 
INFO:Xst:2261 - The FF/Latch <data_2> in Unit <regi_2> is equivalent to the following 2 FFs/Latches, which will be removed : <data_23> <data_151> 
INFO:Xst:2261 - The FF/Latch <data_18> in Unit <regi_2> is equivalent to the following FF/Latch, which will be removed : <data_146> 
INFO:Xst:2261 - The FF/Latch <data_3> in Unit <regi_2> is equivalent to the following 2 FFs/Latches, which will be removed : <data_24> <data_152> 
INFO:Xst:2261 - The FF/Latch <data_19> in Unit <regi_2> is equivalent to the following FF/Latch, which will be removed : <data_147> 
INFO:Xst:2261 - The FF/Latch <data_4> in Unit <regi_2> is equivalent to the following 18 FFs/Latches, which will be removed : <data_25> <data_26> <data_27> <data_28> <data_29> <data_30> <data_31> <data_32> <data_33> <data_34> <data_35> <data_36> <data_37> <data_38> <data_39> <data_40> <data_41> <data_153> 
INFO:Xst:2261 - The FF/Latch <data_20> in Unit <regi_2> is equivalent to the following FF/Latch, which will be removed : <data_148> 
INFO:Xst:2261 - The FF/Latch <data_0> in Unit <regi_2> is equivalent to the following 2 FFs/Latches, which will be removed : <data_21> <data_149> 
INFO:Xst:2261 - The FF/Latch <data_5> in Unit <regi_2> is equivalent to the following FF/Latch, which will be removed : <data_154> 
INFO:Xst:2261 - The FF/Latch <data_6> in Unit <regi_2> is equivalent to the following FF/Latch, which will be removed : <data_155> 
INFO:Xst:2261 - The FF/Latch <data_7> in Unit <regi_2> is equivalent to the following FF/Latch, which will be removed : <data_156> 
INFO:Xst:2261 - The FF/Latch <data_8> in Unit <regi_2> is equivalent to the following FF/Latch, which will be removed : <data_157> 
INFO:Xst:2261 - The FF/Latch <data_9> in Unit <regi_2> is equivalent to the following FF/Latch, which will be removed : <data_158> 
INFO:Xst:2261 - The FF/Latch <data_160> in Unit <regi_2> is equivalent to the following FF/Latch, which will be removed : <data_180> 
INFO:Xst:2261 - The FF/Latch <data_161> in Unit <regi_2> is equivalent to the following FF/Latch, which will be removed : <data_181> 
INFO:Xst:2261 - The FF/Latch <data_162> in Unit <regi_2> is equivalent to the following FF/Latch, which will be removed : <data_182> 
INFO:Xst:2261 - The FF/Latch <data_163> in Unit <regi_2> is equivalent to the following FF/Latch, which will be removed : <data_183> 
INFO:Xst:2261 - The FF/Latch <data_159> in Unit <regi_2> is equivalent to the following FF/Latch, which will be removed : <data_179> 
Analyzing FSM <MFsm> for best encoding.
Optimizing FSM <TDT4255_COM/FSM_0> on signal <state[1:3]> with user encoding.
-------------------
 State | Encoding
-------------------
 000   | 000
 100   | 100
 001   | 001
 011   | 011
 010   | 010
 101   | 101
 110   | 110
 111   | 111
-------------------
WARNING:Xst:2677 - Node <MIPS_SC_PROCESSOR/PREDICTOR_BUFF/Mram_REGS11> of sequential type is unconnected in block <toplevel>.
WARNING:Xst:2677 - Node <MIPS_SC_PROCESSOR/PREDICTOR_BUFF/Mram_REGS12> of sequential type is unconnected in block <toplevel>.

Optimizing unit <toplevel> ...

Optimizing unit <com> ...

Optimizing unit <PC> ...

Optimizing unit <regi_2> ...

Optimizing unit <regi_3> ...

Optimizing unit <adder> ...

Optimizing unit <alu> ...

Optimizing unit <alu_1bit> ...
WARNING:Xst:2677 - Node <MIPS_SC_PROCESSOR/IFID/data_sliced_27> of sequential type is unconnected in block <toplevel>.
WARNING:Xst:2677 - Node <MIPS_SC_PROCESSOR/IFID/data_sliced_26> of sequential type is unconnected in block <toplevel>.
WARNING:Xst:2677 - Node <MIPS_SC_PROCESSOR/IFID/data_sliced_25> of sequential type is unconnected in block <toplevel>.
WARNING:Xst:2677 - Node <MIPS_SC_PROCESSOR/IFID/data_sliced_24> of sequential type is unconnected in block <toplevel>.
WARNING:Xst:2677 - Node <MIPS_SC_PROCESSOR/IFID/data_sliced_23> of sequential type is unconnected in block <toplevel>.
WARNING:Xst:2677 - Node <MIPS_SC_PROCESSOR/IFID/data_sliced_22> of sequential type is unconnected in block <toplevel>.
WARNING:Xst:2677 - Node <MIPS_SC_PROCESSOR/IFID/data_sliced_21> of sequential type is unconnected in block <toplevel>.
WARNING:Xst:2677 - Node <MIPS_SC_PROCESSOR/IFID/data_sliced_20> of sequential type is unconnected in block <toplevel>.
WARNING:Xst:2677 - Node <MIPS_SC_PROCESSOR/IFID/data_sliced_19> of sequential type is unconnected in block <toplevel>.
WARNING:Xst:2677 - Node <MIPS_SC_PROCESSOR/IFID/data_sliced_18> of sequential type is unconnected in block <toplevel>.
WARNING:Xst:2677 - Node <MIPS_SC_PROCESSOR/IFID/data_sliced_17> of sequential type is unconnected in block <toplevel>.
WARNING:Xst:2677 - Node <MIPS_SC_PROCESSOR/IFID/data_sliced_16> of sequential type is unconnected in block <toplevel>.
WARNING:Xst:2677 - Node <MIPS_SC_PROCESSOR/IFID/data_sliced_15> of sequential type is unconnected in block <toplevel>.
WARNING:Xst:2677 - Node <MIPS_SC_PROCESSOR/IFID/data_sliced_14> of sequential type is unconnected in block <toplevel>.
WARNING:Xst:2677 - Node <MIPS_SC_PROCESSOR/IFID/data_sliced_13> of sequential type is unconnected in block <toplevel>.
WARNING:Xst:2677 - Node <MIPS_SC_PROCESSOR/IFID/data_sliced_12> of sequential type is unconnected in block <toplevel>.
WARNING:Xst:2677 - Node <TDT4255_COM/write_addr_31> of sequential type is unconnected in block <toplevel>.
WARNING:Xst:2677 - Node <TDT4255_COM/write_addr_30> of sequential type is unconnected in block <toplevel>.
WARNING:Xst:2677 - Node <TDT4255_COM/write_addr_29> of sequential type is unconnected in block <toplevel>.
WARNING:Xst:2677 - Node <TDT4255_COM/write_addr_28> of sequential type is unconnected in block <toplevel>.
WARNING:Xst:2677 - Node <TDT4255_COM/write_addr_27> of sequential type is unconnected in block <toplevel>.
WARNING:Xst:2677 - Node <TDT4255_COM/write_addr_26> of sequential type is unconnected in block <toplevel>.
WARNING:Xst:2677 - Node <TDT4255_COM/write_addr_25> of sequential type is unconnected in block <toplevel>.
WARNING:Xst:2677 - Node <TDT4255_COM/write_addr_24> of sequential type is unconnected in block <toplevel>.
WARNING:Xst:2677 - Node <TDT4255_COM/write_addr_23> of sequential type is unconnected in block <toplevel>.
WARNING:Xst:2677 - Node <TDT4255_COM/write_addr_22> of sequential type is unconnected in block <toplevel>.
WARNING:Xst:2677 - Node <TDT4255_COM/write_addr_21> of sequential type is unconnected in block <toplevel>.
WARNING:Xst:2677 - Node <TDT4255_COM/write_addr_20> of sequential type is unconnected in block <toplevel>.
WARNING:Xst:2677 - Node <TDT4255_COM/write_addr_19> of sequential type is unconnected in block <toplevel>.
WARNING:Xst:2677 - Node <TDT4255_COM/write_addr_18> of sequential type is unconnected in block <toplevel>.
WARNING:Xst:2677 - Node <TDT4255_COM/write_addr_17> of sequential type is unconnected in block <toplevel>.
WARNING:Xst:2677 - Node <TDT4255_COM/write_addr_16> of sequential type is unconnected in block <toplevel>.
WARNING:Xst:2677 - Node <TDT4255_COM/write_addr_15> of sequential type is unconnected in block <toplevel>.
WARNING:Xst:2677 - Node <TDT4255_COM/write_addr_14> of sequential type is unconnected in block <toplevel>.
WARNING:Xst:2677 - Node <TDT4255_COM/write_addr_13> of sequential type is unconnected in block <toplevel>.
WARNING:Xst:2677 - Node <TDT4255_COM/write_addr_12> of sequential type is unconnected in block <toplevel>.
WARNING:Xst:2677 - Node <TDT4255_COM/write_addr_11> of sequential type is unconnected in block <toplevel>.
WARNING:Xst:2677 - Node <TDT4255_COM/write_addr_10> of sequential type is unconnected in block <toplevel>.
WARNING:Xst:2677 - Node <TDT4255_COM/write_addr_9> of sequential type is unconnected in block <toplevel>.
WARNING:Xst:2677 - Node <TDT4255_COM/write_addr_8> of sequential type is unconnected in block <toplevel>.
WARNING:Xst:2677 - Node <TDT4255_COM/read_addr_31> of sequential type is unconnected in block <toplevel>.
WARNING:Xst:2677 - Node <TDT4255_COM/read_addr_30> of sequential type is unconnected in block <toplevel>.
WARNING:Xst:2677 - Node <TDT4255_COM/read_addr_29> of sequential type is unconnected in block <toplevel>.
WARNING:Xst:2677 - Node <TDT4255_COM/read_addr_28> of sequential type is unconnected in block <toplevel>.
WARNING:Xst:2677 - Node <TDT4255_COM/read_addr_27> of sequential type is unconnected in block <toplevel>.
WARNING:Xst:2677 - Node <TDT4255_COM/read_addr_26> of sequential type is unconnected in block <toplevel>.
WARNING:Xst:2677 - Node <TDT4255_COM/read_addr_25> of sequential type is unconnected in block <toplevel>.
WARNING:Xst:2677 - Node <TDT4255_COM/read_addr_24> of sequential type is unconnected in block <toplevel>.
WARNING:Xst:2677 - Node <TDT4255_COM/read_addr_23> of sequential type is unconnected in block <toplevel>.
WARNING:Xst:2677 - Node <TDT4255_COM/read_addr_22> of sequential type is unconnected in block <toplevel>.
WARNING:Xst:2677 - Node <TDT4255_COM/read_addr_21> of sequential type is unconnected in block <toplevel>.
WARNING:Xst:2677 - Node <TDT4255_COM/read_addr_20> of sequential type is unconnected in block <toplevel>.
WARNING:Xst:2677 - Node <TDT4255_COM/read_addr_19> of sequential type is unconnected in block <toplevel>.
WARNING:Xst:2677 - Node <TDT4255_COM/read_addr_18> of sequential type is unconnected in block <toplevel>.
WARNING:Xst:2677 - Node <TDT4255_COM/read_addr_17> of sequential type is unconnected in block <toplevel>.
WARNING:Xst:2677 - Node <TDT4255_COM/read_addr_16> of sequential type is unconnected in block <toplevel>.
WARNING:Xst:2677 - Node <TDT4255_COM/read_addr_15> of sequential type is unconnected in block <toplevel>.
WARNING:Xst:2677 - Node <TDT4255_COM/read_addr_14> of sequential type is unconnected in block <toplevel>.
WARNING:Xst:2677 - Node <TDT4255_COM/read_addr_13> of sequential type is unconnected in block <toplevel>.
WARNING:Xst:2677 - Node <TDT4255_COM/read_addr_12> of sequential type is unconnected in block <toplevel>.
WARNING:Xst:2677 - Node <TDT4255_COM/read_addr_11> of sequential type is unconnected in block <toplevel>.
WARNING:Xst:2677 - Node <TDT4255_COM/read_addr_10> of sequential type is unconnected in block <toplevel>.
WARNING:Xst:2677 - Node <TDT4255_COM/read_addr_9> of sequential type is unconnected in block <toplevel>.
WARNING:Xst:2677 - Node <TDT4255_COM/read_addr_8> of sequential type is unconnected in block <toplevel>.
WARNING:Xst:2677 - Node <MIPS_SC_PROCESSOR/COUNTER/data_31> of sequential type is unconnected in block <toplevel>.
WARNING:Xst:2677 - Node <MIPS_SC_PROCESSOR/COUNTER/data_30> of sequential type is unconnected in block <toplevel>.
WARNING:Xst:2677 - Node <MIPS_SC_PROCESSOR/COUNTER/data_29> of sequential type is unconnected in block <toplevel>.
WARNING:Xst:2677 - Node <MIPS_SC_PROCESSOR/COUNTER/data_28> of sequential type is unconnected in block <toplevel>.
WARNING:Xst:2677 - Node <MIPS_SC_PROCESSOR/COUNTER/data_27> of sequential type is unconnected in block <toplevel>.
WARNING:Xst:2677 - Node <MIPS_SC_PROCESSOR/COUNTER/data_26> of sequential type is unconnected in block <toplevel>.
WARNING:Xst:2677 - Node <MIPS_SC_PROCESSOR/COUNTER/data_25> of sequential type is unconnected in block <toplevel>.
WARNING:Xst:2677 - Node <MIPS_SC_PROCESSOR/COUNTER/data_24> of sequential type is unconnected in block <toplevel>.
WARNING:Xst:2677 - Node <MIPS_SC_PROCESSOR/COUNTER/data_23> of sequential type is unconnected in block <toplevel>.
WARNING:Xst:2677 - Node <MIPS_SC_PROCESSOR/COUNTER/data_22> of sequential type is unconnected in block <toplevel>.
WARNING:Xst:2677 - Node <MIPS_SC_PROCESSOR/COUNTER/data_21> of sequential type is unconnected in block <toplevel>.
WARNING:Xst:2677 - Node <MIPS_SC_PROCESSOR/COUNTER/data_20> of sequential type is unconnected in block <toplevel>.
WARNING:Xst:2677 - Node <MIPS_SC_PROCESSOR/COUNTER/data_19> of sequential type is unconnected in block <toplevel>.
WARNING:Xst:2677 - Node <MIPS_SC_PROCESSOR/COUNTER/data_18> of sequential type is unconnected in block <toplevel>.
WARNING:Xst:2677 - Node <MIPS_SC_PROCESSOR/COUNTER/data_17> of sequential type is unconnected in block <toplevel>.
WARNING:Xst:2677 - Node <MIPS_SC_PROCESSOR/COUNTER/data_16> of sequential type is unconnected in block <toplevel>.
WARNING:Xst:2677 - Node <MIPS_SC_PROCESSOR/IDEX/data_184> of sequential type is unconnected in block <toplevel>.
WARNING:Xst:2677 - Node <MIPS_SC_PROCESSOR/IDEX/data_175> of sequential type is unconnected in block <toplevel>.
WARNING:Xst:2677 - Node <MIPS_SC_PROCESSOR/IDEX/data_170> of sequential type is unconnected in block <toplevel>.
WARNING:Xst:2677 - Node <MIPS_SC_PROCESSOR/IDEX/data_169> of sequential type is unconnected in block <toplevel>.
WARNING:Xst:2677 - Node <MIPS_SC_PROCESSOR/IDEX/data_168> of sequential type is unconnected in block <toplevel>.
WARNING:Xst:2677 - Node <MIPS_SC_PROCESSOR/IDEX/data_167> of sequential type is unconnected in block <toplevel>.
WARNING:Xst:2677 - Node <MIPS_SC_PROCESSOR/IDEX/data_166> of sequential type is unconnected in block <toplevel>.
WARNING:Xst:2677 - Node <MIPS_SC_PROCESSOR/IDEX/data_165> of sequential type is unconnected in block <toplevel>.
WARNING:Xst:2677 - Node <MIPS_SC_PROCESSOR/IDEX/data_164> of sequential type is unconnected in block <toplevel>.
WARNING:Xst:2677 - Node <MIPS_SC_PROCESSOR/IDEX/data_137> of sequential type is unconnected in block <toplevel>.
WARNING:Xst:2677 - Node <MIPS_SC_PROCESSOR/IDEX/data_136> of sequential type is unconnected in block <toplevel>.
WARNING:Xst:2677 - Node <MIPS_SC_PROCESSOR/IDEX/data_135> of sequential type is unconnected in block <toplevel>.
WARNING:Xst:2677 - Node <MIPS_SC_PROCESSOR/IDEX/data_134> of sequential type is unconnected in block <toplevel>.
WARNING:Xst:2677 - Node <MIPS_SC_PROCESSOR/IDEX/data_133> of sequential type is unconnected in block <toplevel>.
WARNING:Xst:2677 - Node <MIPS_SC_PROCESSOR/IDEX/data_132> of sequential type is unconnected in block <toplevel>.
WARNING:Xst:2677 - Node <MIPS_SC_PROCESSOR/IDEX/data_131> of sequential type is unconnected in block <toplevel>.
WARNING:Xst:2677 - Node <MIPS_SC_PROCESSOR/IDEX/data_130> of sequential type is unconnected in block <toplevel>.
WARNING:Xst:2677 - Node <MIPS_SC_PROCESSOR/IDEX/data_129> of sequential type is unconnected in block <toplevel>.
WARNING:Xst:2677 - Node <MIPS_SC_PROCESSOR/IDEX/data_128> of sequential type is unconnected in block <toplevel>.
WARNING:Xst:2677 - Node <MIPS_SC_PROCESSOR/IDEX/data_127> of sequential type is unconnected in block <toplevel>.
WARNING:Xst:2677 - Node <MIPS_SC_PROCESSOR/IDEX/data_126> of sequential type is unconnected in block <toplevel>.
WARNING:Xst:2677 - Node <MIPS_SC_PROCESSOR/IDEX/data_125> of sequential type is unconnected in block <toplevel>.
WARNING:Xst:2677 - Node <MIPS_SC_PROCESSOR/IDEX/data_124> of sequential type is unconnected in block <toplevel>.
WARNING:Xst:2677 - Node <MIPS_SC_PROCESSOR/IDEX/data_123> of sequential type is unconnected in block <toplevel>.
WARNING:Xst:2677 - Node <MIPS_SC_PROCESSOR/IDEX/data_122> of sequential type is unconnected in block <toplevel>.
WARNING:Xst:2677 - Node <MIPS_SC_PROCESSOR/IDEX/data_121> of sequential type is unconnected in block <toplevel>.
WARNING:Xst:2677 - Node <MIPS_SC_PROCESSOR/IDEX/data_120> of sequential type is unconnected in block <toplevel>.
WARNING:Xst:2677 - Node <MIPS_SC_PROCESSOR/IDEX/data_119> of sequential type is unconnected in block <toplevel>.
WARNING:Xst:2677 - Node <MIPS_SC_PROCESSOR/IDEX/data_118> of sequential type is unconnected in block <toplevel>.
WARNING:Xst:2677 - Node <MIPS_SC_PROCESSOR/IDEX/data_117> of sequential type is unconnected in block <toplevel>.
WARNING:Xst:2677 - Node <MIPS_SC_PROCESSOR/IDEX/data_116> of sequential type is unconnected in block <toplevel>.
WARNING:Xst:2677 - Node <MIPS_SC_PROCESSOR/IDEX/data_115> of sequential type is unconnected in block <toplevel>.
WARNING:Xst:2677 - Node <MIPS_SC_PROCESSOR/IDEX/data_114> of sequential type is unconnected in block <toplevel>.
WARNING:Xst:2677 - Node <MIPS_SC_PROCESSOR/IDEX/data_113> of sequential type is unconnected in block <toplevel>.
WARNING:Xst:2677 - Node <MIPS_SC_PROCESSOR/IDEX/data_112> of sequential type is unconnected in block <toplevel>.
WARNING:Xst:2677 - Node <MIPS_SC_PROCESSOR/IDEX/data_111> of sequential type is unconnected in block <toplevel>.
WARNING:Xst:2677 - Node <MIPS_SC_PROCESSOR/IDEX/data_110> of sequential type is unconnected in block <toplevel>.
WARNING:Xst:2677 - Node <MIPS_SC_PROCESSOR/IDEX/data_109> of sequential type is unconnected in block <toplevel>.
WARNING:Xst:2677 - Node <MIPS_SC_PROCESSOR/IDEX/data_108> of sequential type is unconnected in block <toplevel>.
WARNING:Xst:2677 - Node <MIPS_SC_PROCESSOR/IDEX/data_107> of sequential type is unconnected in block <toplevel>.
WARNING:Xst:2677 - Node <MIPS_SC_PROCESSOR/IDEX/data_106> of sequential type is unconnected in block <toplevel>.
WARNING:Xst:2677 - Node <MIPS_SC_PROCESSOR/EXMEM/data_138> of sequential type is unconnected in block <toplevel>.
WARNING:Xst:2677 - Node <MIPS_SC_PROCESSOR/EXMEM/data_134> of sequential type is unconnected in block <toplevel>.
WARNING:Xst:2677 - Node <MIPS_SC_PROCESSOR/EXMEM/data_133> of sequential type is unconnected in block <toplevel>.
WARNING:Xst:2677 - Node <MIPS_SC_PROCESSOR/EXMEM/data_132> of sequential type is unconnected in block <toplevel>.
WARNING:Xst:2677 - Node <MIPS_SC_PROCESSOR/EXMEM/data_131> of sequential type is unconnected in block <toplevel>.
WARNING:Xst:2677 - Node <MIPS_SC_PROCESSOR/EXMEM/data_130> of sequential type is unconnected in block <toplevel>.
WARNING:Xst:2677 - Node <MIPS_SC_PROCESSOR/EXMEM/data_129> of sequential type is unconnected in block <toplevel>.
WARNING:Xst:2677 - Node <MIPS_SC_PROCESSOR/EXMEM/data_128> of sequential type is unconnected in block <toplevel>.
WARNING:Xst:2677 - Node <MIPS_SC_PROCESSOR/EXMEM/data_127> of sequential type is unconnected in block <toplevel>.
WARNING:Xst:2677 - Node <MIPS_SC_PROCESSOR/EXMEM/data_126> of sequential type is unconnected in block <toplevel>.
WARNING:Xst:2677 - Node <MIPS_SC_PROCESSOR/EXMEM/data_125> of sequential type is unconnected in block <toplevel>.
WARNING:Xst:2677 - Node <MIPS_SC_PROCESSOR/EXMEM/data_124> of sequential type is unconnected in block <toplevel>.
WARNING:Xst:2677 - Node <MIPS_SC_PROCESSOR/EXMEM/data_123> of sequential type is unconnected in block <toplevel>.
WARNING:Xst:2677 - Node <MIPS_SC_PROCESSOR/EXMEM/data_122> of sequential type is unconnected in block <toplevel>.
WARNING:Xst:2677 - Node <MIPS_SC_PROCESSOR/EXMEM/data_121> of sequential type is unconnected in block <toplevel>.
WARNING:Xst:2677 - Node <MIPS_SC_PROCESSOR/EXMEM/data_120> of sequential type is unconnected in block <toplevel>.
WARNING:Xst:2677 - Node <MIPS_SC_PROCESSOR/EXMEM/data_119> of sequential type is unconnected in block <toplevel>.
WARNING:Xst:2677 - Node <MIPS_SC_PROCESSOR/EXMEM/data_118> of sequential type is unconnected in block <toplevel>.
WARNING:Xst:2677 - Node <MIPS_SC_PROCESSOR/EXMEM/data_117> of sequential type is unconnected in block <toplevel>.
WARNING:Xst:2677 - Node <MIPS_SC_PROCESSOR/EXMEM/data_116> of sequential type is unconnected in block <toplevel>.
WARNING:Xst:2677 - Node <MIPS_SC_PROCESSOR/EXMEM/data_115> of sequential type is unconnected in block <toplevel>.
WARNING:Xst:2677 - Node <MIPS_SC_PROCESSOR/EXMEM/data_114> of sequential type is unconnected in block <toplevel>.
WARNING:Xst:2677 - Node <MIPS_SC_PROCESSOR/EXMEM/data_113> of sequential type is unconnected in block <toplevel>.
WARNING:Xst:2677 - Node <MIPS_SC_PROCESSOR/EXMEM/data_112> of sequential type is unconnected in block <toplevel>.
WARNING:Xst:2677 - Node <MIPS_SC_PROCESSOR/EXMEM/data_111> of sequential type is unconnected in block <toplevel>.
WARNING:Xst:2677 - Node <MIPS_SC_PROCESSOR/EXMEM/data_110> of sequential type is unconnected in block <toplevel>.
WARNING:Xst:2677 - Node <MIPS_SC_PROCESSOR/EXMEM/data_109> of sequential type is unconnected in block <toplevel>.
WARNING:Xst:2677 - Node <MIPS_SC_PROCESSOR/EXMEM/data_108> of sequential type is unconnected in block <toplevel>.
WARNING:Xst:2677 - Node <MIPS_SC_PROCESSOR/EXMEM/data_107> of sequential type is unconnected in block <toplevel>.
WARNING:Xst:2677 - Node <MIPS_SC_PROCESSOR/EXMEM/data_106> of sequential type is unconnected in block <toplevel>.
WARNING:Xst:2677 - Node <MIPS_SC_PROCESSOR/EXMEM/data_105> of sequential type is unconnected in block <toplevel>.
WARNING:Xst:2677 - Node <MIPS_SC_PROCESSOR/EXMEM/data_104> of sequential type is unconnected in block <toplevel>.
WARNING:Xst:2677 - Node <MIPS_SC_PROCESSOR/EXMEM/data_103> of sequential type is unconnected in block <toplevel>.
WARNING:Xst:2677 - Node <MIPS_SC_PROCESSOR/EXMEM/data_102> of sequential type is unconnected in block <toplevel>.
WARNING:Xst:2677 - Node <MIPS_SC_PROCESSOR/EXMEM/data_101> of sequential type is unconnected in block <toplevel>.
WARNING:Xst:2677 - Node <MIPS_SC_PROCESSOR/EXMEM/data_100> of sequential type is unconnected in block <toplevel>.
WARNING:Xst:2677 - Node <MIPS_SC_PROCESSOR/EXMEM/data_99> of sequential type is unconnected in block <toplevel>.
WARNING:Xst:2677 - Node <MIPS_SC_PROCESSOR/EXMEM/data_98> of sequential type is unconnected in block <toplevel>.
WARNING:Xst:2677 - Node <MIPS_SC_PROCESSOR/EXMEM/data_97> of sequential type is unconnected in block <toplevel>.
WARNING:Xst:2677 - Node <MIPS_SC_PROCESSOR/EXMEM/data_96> of sequential type is unconnected in block <toplevel>.
WARNING:Xst:2677 - Node <MIPS_SC_PROCESSOR/EXMEM/data_95> of sequential type is unconnected in block <toplevel>.
WARNING:Xst:2677 - Node <MIPS_SC_PROCESSOR/EXMEM/data_94> of sequential type is unconnected in block <toplevel>.
WARNING:Xst:2677 - Node <MIPS_SC_PROCESSOR/EXMEM/data_93> of sequential type is unconnected in block <toplevel>.
WARNING:Xst:2677 - Node <MIPS_SC_PROCESSOR/EXMEM/data_92> of sequential type is unconnected in block <toplevel>.
WARNING:Xst:2677 - Node <MIPS_SC_PROCESSOR/EXMEM/data_91> of sequential type is unconnected in block <toplevel>.
WARNING:Xst:2677 - Node <MIPS_SC_PROCESSOR/EXMEM/data_90> of sequential type is unconnected in block <toplevel>.
WARNING:Xst:2677 - Node <MIPS_SC_PROCESSOR/EXMEM/data_89> of sequential type is unconnected in block <toplevel>.
WARNING:Xst:2677 - Node <MIPS_SC_PROCESSOR/EXMEM/data_88> of sequential type is unconnected in block <toplevel>.
WARNING:Xst:2677 - Node <MIPS_SC_PROCESSOR/EXMEM/data_87> of sequential type is unconnected in block <toplevel>.
WARNING:Xst:2677 - Node <MIPS_SC_PROCESSOR/EXMEM/data_86> of sequential type is unconnected in block <toplevel>.
WARNING:Xst:2677 - Node <MIPS_SC_PROCESSOR/EXMEM/data_85> of sequential type is unconnected in block <toplevel>.
WARNING:Xst:2677 - Node <MIPS_SC_PROCESSOR/EXMEM/data_84> of sequential type is unconnected in block <toplevel>.
WARNING:Xst:2677 - Node <MIPS_SC_PROCESSOR/EXMEM/data_83> of sequential type is unconnected in block <toplevel>.
WARNING:Xst:2677 - Node <MIPS_SC_PROCESSOR/EXMEM/data_82> of sequential type is unconnected in block <toplevel>.
WARNING:Xst:2677 - Node <MIPS_SC_PROCESSOR/EXMEM/data_81> of sequential type is unconnected in block <toplevel>.
WARNING:Xst:2677 - Node <MIPS_SC_PROCESSOR/EXMEM/data_80> of sequential type is unconnected in block <toplevel>.
WARNING:Xst:2677 - Node <MIPS_SC_PROCESSOR/EXMEM/data_79> of sequential type is unconnected in block <toplevel>.
WARNING:Xst:2677 - Node <MIPS_SC_PROCESSOR/EXMEM/data_78> of sequential type is unconnected in block <toplevel>.
WARNING:Xst:2677 - Node <MIPS_SC_PROCESSOR/EXMEM/data_77> of sequential type is unconnected in block <toplevel>.
WARNING:Xst:2677 - Node <MIPS_SC_PROCESSOR/EXMEM/data_76> of sequential type is unconnected in block <toplevel>.
WARNING:Xst:2677 - Node <MIPS_SC_PROCESSOR/EXMEM/data_75> of sequential type is unconnected in block <toplevel>.
WARNING:Xst:2677 - Node <MIPS_SC_PROCESSOR/EXMEM/data_74> of sequential type is unconnected in block <toplevel>.
WARNING:Xst:2677 - Node <MIPS_SC_PROCESSOR/EXMEM/data_73> of sequential type is unconnected in block <toplevel>.
WARNING:Xst:2677 - Node <MIPS_SC_PROCESSOR/EXMEM/data_72> of sequential type is unconnected in block <toplevel>.
WARNING:Xst:2677 - Node <MIPS_SC_PROCESSOR/EXMEM/data_71> of sequential type is unconnected in block <toplevel>.
WARNING:Xst:2677 - Node <MIPS_SC_PROCESSOR/EXMEM/data_70> of sequential type is unconnected in block <toplevel>.
WARNING:Xst:2677 - Node <MIPS_SC_PROCESSOR/EXMEM/data_69> of sequential type is unconnected in block <toplevel>.

Mapping all equations...
Building and optimizing final netlist ...
Found area constraint ratio of 100 (+ 5) on block toplevel, actual ratio is 9.

Final Macro Processing ...

Processing Unit <toplevel> :
	Found 2-bit shift register for signal <MIPS_SC_PROCESSOR/MEMWB/data_70>.
Unit <toplevel> processed.

=========================================================================
Final Register Report

Macro Statistics
# Registers                                            : 428
 Flip-Flops                                            : 428
# Shift Registers                                      : 1
 2-bit shift register                                  : 1

=========================================================================

=========================================================================
*                           Partition Report                            *
=========================================================================

Partition Implementation Status
-------------------------------

  No Partitions were found in this design.

-------------------------------

=========================================================================
*                            Design Summary                             *
=========================================================================

Top Level Output File Name         : toplevel.ngc

Primitive and Black Box Usage:
------------------------------
# BELS                             : 717
#      GND                         : 1
#      INV                         : 3
#      LUT2                        : 24
#      LUT3                        : 141
#      LUT4                        : 79
#      LUT5                        : 130
#      LUT6                        : 298
#      MUXCY                       : 14
#      MUXF7                       : 26
#      VCC                         : 1
# FlipFlops/Latches                : 429
#      FD                          : 238
#      FDCE                        : 16
#      FDE                         : 1
#      FDR                         : 88
#      FDRE                        : 86
# RAMS                             : 8
#      RAM32M                      : 4
#      RAMB8BWER                   : 4
# Shift Registers                  : 1
#      SRLC16E                     : 1
# Clock Buffers                    : 1
#      BUFGP                       : 1
# IO Buffers                       : 137
#      IBUF                        : 73
#      OBUF                        : 64

Device utilization summary:
---------------------------

Selected Device : 6slx16csg324-2 


Slice Logic Utilization: 
 Number of Slice Registers:             429  out of  18224     2%  
 Number of Slice LUTs:                  692  out of   9112     7%  
    Number used as Logic:               675  out of   9112     7%  
    Number used as Memory:               17  out of   2176     0%  
       Number used as RAM:               16
       Number used as SRL:                1

Slice Logic Distribution: 
 Number of LUT Flip Flop pairs used:    852
   Number with an unused Flip Flop:     423  out of    852    49%  
   Number with an unused LUT:           160  out of    852    18%  
   Number of fully used LUT-FF pairs:   269  out of    852    31%  
   Number of unique control sets:         9

IO Utilization: 
 Number of IOs:                         162
 Number of bonded IOBs:                 138  out of    232    59%  

Specific Feature Utilization:
 Number of Block RAM/FIFO:                2  out of     32     6%  
    Number using Block RAM only:          2
 Number of BUFG/BUFGCTRLs:                1  out of     16     6%  

---------------------------
Partition Resource Summary:
---------------------------

  No Partitions were found in this design.

---------------------------


=========================================================================
Timing Report

NOTE: THESE TIMING NUMBERS ARE ONLY A SYNTHESIS ESTIMATE.
      FOR ACCURATE TIMING INFORMATION PLEASE REFER TO THE TRACE REPORT
      GENERATED AFTER PLACE-and-ROUTE.

Clock Information:
------------------
-----------------------------------+------------------------+-------+
Clock Signal                       | Clock buffer(FF name)  | Load  |
-----------------------------------+------------------------+-------+
clk                                | BUFGP                  | 440   |
-----------------------------------+------------------------+-------+

Asynchronous Control Signals Information:
----------------------------------------
No asynchronous control signals found in this design

Timing Summary:
---------------
Speed Grade: -2

   Minimum period: 17.492ns (Maximum Frequency: 57.169MHz)
   Minimum input arrival time before clock: 8.006ns
   Maximum output required time after clock: 4.226ns
   Maximum combinational path delay: No path found

Timing Details:
---------------
All values displayed in nanoseconds (ns)

=========================================================================
Timing constraint: Default period analysis for Clock 'clk'
  Clock period: 17.492ns (frequency: 57.169MHz)
  Total number of paths / destination ports: 265640 / 862
-------------------------------------------------------------------------
Delay:               17.492ns (Levels of Logic = 13)
  Source:            MIPS_SC_PROCESSOR/IDEX/data_9 (FF)
  Destination:       MIPS_SC_PROCESSOR/EXMEM/data_64 (FF)
  Source Clock:      clk rising
  Destination Clock: clk rising

  Data Path: MIPS_SC_PROCESSOR/IDEX/data_9 to MIPS_SC_PROCESSOR/EXMEM/data_64
                                Gate     Net
    Cell:in->out      fanout   Delay   Delay  Logical Name (Net Name)
    ----------------------------------------  ------------
     FD:C->Q               5   0.633   1.458  MIPS_SC_PROCESSOR/IDEX/data_9 (MIPS_SC_PROCESSOR/IDEX/data_9)
     LUT6:I0->O            2   0.373   0.864  MIPS_SC_PROCESSOR/Forwardunit/EXMEMregwrite_RT[4]_AND_76_o5 (MIPS_SC_PROCESSOR/Forwardunit/EXMEMregwrite_RT[4]_AND_76_o4)
     LUT6:I4->O            2   0.373   0.864  MIPS_SC_PROCESSOR/Forwardunit/EXMEMregwrite_RT[4]_AND_76_o6_SW0 (N469)
     LUT6:I4->O           11   0.373   1.039  MIPS_SC_PROCESSOR/Forwardunit/EXMEMregwrite_RT[4]_AND_76_o6_1 (MIPS_SC_PROCESSOR/Forwardunit/EXMEMregwrite_RT[4]_AND_76_o6)
     LUT5:I4->O            6   0.373   1.164  MIPS_SC_PROCESSOR/MUX2/Mmux_output281 (MIPS_SC_PROCESSOR/ChosenALUInput<5>)
     LUT6:I3->O            1   0.373   0.820  MIPS_SC_PROCESSOR/ALUTD/GEN_ALU[2].NEXT_ALU1B/FULLADDER_ALU/G2 (MIPS_SC_PROCESSOR/ALUTD/GEN_ALU[2].NEXT_ALU1B/FULLADDER_ALU/G1)
     LUT5:I3->O            1   0.373   1.060  MIPS_SC_PROCESSOR/ALUTD/GEN_ALU[2].NEXT_ALU1B/FULLADDER_ALU/G3 (MIPS_SC_PROCESSOR/ALUTD/Generates<1>)
     LUT5:I1->O            6   0.364   0.876  MIPS_SC_PROCESSOR/ALUTD/COUT_AUX<1>11 (MIPS_SC_PROCESSOR/ALUTD/COUT_AUX<1>)
     LUT5:I4->O            6   0.373   0.876  MIPS_SC_PROCESSOR/ALUTD/COUT_AUX<3>11 (MIPS_SC_PROCESSOR/ALUTD/COUT_AUX<3>)
     LUT5:I4->O            3   0.373   0.766  MIPS_SC_PROCESSOR/ALUTD/COUT_AUX<5>11 (MIPS_SC_PROCESSOR/ALUTD/COUT_AUX<5>)
     LUT6:I5->O            2   0.373   0.726  MIPS_SC_PROCESSOR/ALUTD/GEN_ALU[7].NEXT_ALU1B/FULLADDER_ALU/C21 (MIPS_SC_PROCESSOR/ALUTD/GEN_ALU[7].NEXT_ALU1B/COUT<1>)
     LUT6:I5->O            1   0.373   0.682  MIPS_SC_PROCESSOR/ALUTD/GEN_ALU[7].NEXT_ALU1B/FULLADDER_ALU/C31 (MIPS_SC_PROCESSOR/ALUTD/GEN_ALU[7].NEXT_ALU1B/COUT<2>)
     LUT6:I5->O            1   0.373   0.682  MIPS_SC_PROCESSOR/ALUTD/Mmux_R201 (MIPS_SC_PROCESSOR/ALUTD/Mmux_R20)
     LUT6:I5->O            1   0.373   0.000  MIPS_SC_PROCESSOR/ALUTD/Mmux_R202 (MIPS_SC_PROCESSOR/ALU_Result<27>)
     FD:D                      0.142          MIPS_SC_PROCESSOR/EXMEM/data_64
    ----------------------------------------
    Total                     17.492ns (5.615ns logic, 11.877ns route)
                                       (32.1% logic, 67.9% route)

=========================================================================
Timing constraint: Default OFFSET IN BEFORE for Clock 'clk'
  Total number of paths / destination ports: 279 / 187
-------------------------------------------------------------------------
Offset:              8.006ns (Levels of Logic = 6)
  Source:            command<11> (PAD)
  Destination:       TDT4255_COM/state_FSM_FFd1 (FF)
  Destination Clock: clk rising

  Data Path: command<11> to TDT4255_COM/state_FSM_FFd1
                                Gate     Net
    Cell:in->out      fanout   Delay   Delay  Logical Name (Net Name)
    ----------------------------------------  ------------
     IBUF:I->O             1   1.328   1.283  command_11_IBUF (command_11_IBUF)
     LUT5:I0->O            1   0.373   0.970  TDT4255_COM/state_FSM_FFd1-In51 (TDT4255_COM/state_FSM_FFd1-In5)
     LUT5:I2->O            1   0.373   0.682  TDT4255_COM/state_FSM_FFd1-In54 (TDT4255_COM/state_FSM_FFd1-In53)
     LUT6:I5->O            3   0.373   0.766  TDT4255_COM/state_FSM_FFd1-In56 (TDT4255_COM/state_FSM_FFd1-In_bdd6)
     LUT2:I1->O            1   0.373   0.970  TDT4255_COM/state_FSM_FFd1-In1_SW0 (N291)
     LUT6:I3->O            1   0.373   0.000  TDT4255_COM/state_FSM_FFd1-In1 (TDT4255_COM/state_FSM_FFd1-In)
     FDR:D                     0.142          TDT4255_COM/state_FSM_FFd1
    ----------------------------------------
    Total                      8.006ns (3.335ns logic, 4.671ns route)
                                       (41.7% logic, 58.3% route)

=========================================================================
Timing constraint: Default OFFSET OUT AFTER for Clock 'clk'
  Total number of paths / destination ports: 34 / 34
-------------------------------------------------------------------------
Offset:              4.226ns (Levels of Logic = 1)
  Source:            TDT4255_COM/status_0 (FF)
  Destination:       status<30> (PAD)
  Source Clock:      clk rising

  Data Path: TDT4255_COM/status_0 to status<30>
                                Gate     Net
    Cell:in->out      fanout   Delay   Delay  Logical Name (Net Name)
    ----------------------------------------  ------------
     FDR:C->Q              1   0.633   0.681  TDT4255_COM/status_0 (TDT4255_COM/status_0)
     OBUF:I->O                 2.912          status_30_OBUF (status<30>)
    ----------------------------------------
    Total                      4.226ns (3.545ns logic, 0.681ns route)
                                       (83.9% logic, 16.1% route)

=========================================================================

Cross Clock Domains Report:
--------------------------

Clock to Setup on destination clock clk
---------------+---------+---------+---------+---------+
               | Src:Rise| Src:Fall| Src:Rise| Src:Fall|
Source Clock   |Dest:Rise|Dest:Rise|Dest:Fall|Dest:Fall|
---------------+---------+---------+---------+---------+
clk            |   17.492|    8.634|    5.056|         |
---------------+---------+---------+---------+---------+

=========================================================================


Total REAL time to Xst completion: 23.00 secs
Total CPU time to Xst completion: 22.62 secs
 
--> 

Total memory usage is 275976 kilobytes

Number of errors   :    0 (   0 filtered)
Number of warnings :  398 (   0 filtered)
Number of infos    :   52 (   0 filtered)

