--------------------------------------------------------------------------------
Release 12.4 Trace  (nt64)
Copyright (c) 1995-2010 Xilinx, Inc.  All rights reserved.

C:\Xilinx\12.4\ISE_DS\ISE\bin\nt64\unwrapped\trce.exe -intstyle ise -v 3 -s 2
-n 3 -fastpaths -xml toplevel.twx toplevel.ncd -o toplevel.twr toplevel.pcf
-ucf toplevel.ucf

Design file:              toplevel.ncd
Physical constraint file: toplevel.pcf
Device,package,speed:     xc6slx16,csg324,C,-2 (PRODUCTION 1.15 2010-12-02)
Report level:             verbose report

Environment Variable      Effect 
--------------------      ------ 
NONE                      No environment variables were set
--------------------------------------------------------------------------------

INFO:Timing:2698 - No timing constraints found, doing default enumeration.
INFO:Timing:2752 - To get complete path coverage, use the unconstrained paths 
   option. All paths that are not constrained will be reported in the 
   unconstrained paths section(s) of the report.
INFO:Timing:3339 - The clock-to-out numbers in this timing report are based on 
   a 50 Ohm transmission line loading model.  For the details of this model, 
   and for more information on accounting for different loading conditions, 
   please see the device datasheet.



Data Sheet report:
-----------------
All values displayed in nanoseconds (ns)

Setup/Hold to clock clk
------------------+------------+------------+------------+------------+------------------+--------+
                  |Max Setup to|  Process   |Max Hold to |  Process   |                  | Clock  |
Source            | clk (edge) |   Corner   | clk (edge) |   Corner   |Internal Clock(s) | Phase  |
------------------+------------+------------+------------+------------+------------------+--------+
bus_address_in<24>|    3.521(R)|      SLOW  |   -0.704(R)|      FAST  |clk_BUFGP         |   0.000|
bus_address_in<25>|    3.485(R)|      SLOW  |   -0.700(R)|      FAST  |clk_BUFGP         |   0.000|
bus_address_in<26>|    4.271(R)|      SLOW  |   -0.850(R)|      FAST  |clk_BUFGP         |   0.000|
bus_address_in<27>|    3.582(R)|      SLOW  |   -0.722(R)|      FAST  |clk_BUFGP         |   0.000|
bus_address_in<28>|    2.643(R)|      SLOW  |   -0.796(R)|      FAST  |clk_BUFGP         |   0.000|
bus_address_in<29>|    2.415(R)|      SLOW  |   -0.791(R)|      FAST  |clk_BUFGP         |   0.000|
bus_address_in<30>|    3.480(R)|      SLOW  |   -1.090(R)|      FAST  |clk_BUFGP         |   0.000|
bus_address_in<31>|    2.459(R)|      SLOW  |   -0.667(R)|      FAST  |clk_BUFGP         |   0.000|
bus_data_in<0>    |    2.835(R)|      SLOW  |   -1.154(R)|      FAST  |clk_BUFGP         |   0.000|
bus_data_in<1>    |    2.491(R)|      SLOW  |   -0.908(R)|      FAST  |clk_BUFGP         |   0.000|
bus_data_in<2>    |    2.412(R)|      SLOW  |   -0.796(R)|      FAST  |clk_BUFGP         |   0.000|
bus_data_in<3>    |    2.047(R)|      SLOW  |   -0.716(R)|      FAST  |clk_BUFGP         |   0.000|
bus_data_in<4>    |    2.313(R)|      SLOW  |   -0.696(R)|      FAST  |clk_BUFGP         |   0.000|
bus_data_in<5>    |    2.004(R)|      SLOW  |   -0.608(R)|      FAST  |clk_BUFGP         |   0.000|
bus_data_in<6>    |    2.843(R)|      SLOW  |   -1.114(R)|      FAST  |clk_BUFGP         |   0.000|
bus_data_in<7>    |    2.139(R)|      SLOW  |   -0.685(R)|      FAST  |clk_BUFGP         |   0.000|
bus_data_in<8>    |    1.479(R)|      SLOW  |   -0.296(R)|      FAST  |clk_BUFGP         |   0.000|
bus_data_in<9>    |    1.614(R)|      SLOW  |   -0.410(R)|      FAST  |clk_BUFGP         |   0.000|
bus_data_in<10>   |    1.373(R)|      SLOW  |   -0.266(R)|      FAST  |clk_BUFGP         |   0.000|
bus_data_in<11>   |    1.008(R)|      SLOW  |   -0.047(R)|      SLOW  |clk_BUFGP         |   0.000|
bus_data_in<12>   |    1.420(R)|      SLOW  |   -0.197(R)|      SLOW  |clk_BUFGP         |   0.000|
bus_data_in<13>   |    1.253(R)|      SLOW  |   -0.038(R)|      SLOW  |clk_BUFGP         |   0.000|
bus_data_in<14>   |    0.956(R)|      SLOW  |    0.241(R)|      SLOW  |clk_BUFGP         |   0.000|
bus_data_in<15>   |    1.080(R)|      SLOW  |    0.124(R)|      SLOW  |clk_BUFGP         |   0.000|
bus_data_in<16>   |    0.923(R)|      SLOW  |    0.273(R)|      SLOW  |clk_BUFGP         |   0.000|
bus_data_in<17>   |    0.950(R)|      SLOW  |    0.246(R)|      SLOW  |clk_BUFGP         |   0.000|
bus_data_in<18>   |    1.428(R)|      SLOW  |   -0.204(R)|      SLOW  |clk_BUFGP         |   0.000|
bus_data_in<19>   |    1.078(R)|      SLOW  |    0.127(R)|      SLOW  |clk_BUFGP         |   0.000|
bus_data_in<20>   |    1.347(R)|      SLOW  |   -0.248(R)|      FAST  |clk_BUFGP         |   0.000|
bus_data_in<21>   |    0.956(R)|      SLOW  |    0.003(R)|      SLOW  |clk_BUFGP         |   0.000|
bus_data_in<22>   |    1.428(R)|      SLOW  |   -0.294(R)|      FAST  |clk_BUFGP         |   0.000|
bus_data_in<23>   |    0.993(R)|      SLOW  |   -0.032(R)|      SLOW  |clk_BUFGP         |   0.000|
bus_data_in<24>   |    2.892(R)|      SLOW  |   -0.969(R)|      FAST  |clk_BUFGP         |   0.000|
bus_data_in<25>   |    2.925(R)|      SLOW  |   -1.125(R)|      FAST  |clk_BUFGP         |   0.000|
bus_data_in<26>   |    3.065(R)|      SLOW  |   -1.064(R)|      FAST  |clk_BUFGP         |   0.000|
bus_data_in<27>   |    3.175(R)|      SLOW  |   -1.171(R)|      FAST  |clk_BUFGP         |   0.000|
bus_data_in<28>   |    1.624(R)|      SLOW  |   -0.438(R)|      FAST  |clk_BUFGP         |   0.000|
bus_data_in<29>   |    2.017(R)|      SLOW  |   -0.560(R)|      FAST  |clk_BUFGP         |   0.000|
bus_data_in<30>   |    1.723(R)|      SLOW  |   -0.486(R)|      FAST  |clk_BUFGP         |   0.000|
bus_data_in<31>   |    1.859(R)|      SLOW  |   -0.496(R)|      FAST  |clk_BUFGP         |   0.000|
command<0>        |    9.997(R)|      SLOW  |   -3.959(R)|      FAST  |clk_BUFGP         |   0.000|
command<1>        |    8.196(R)|      SLOW  |   -3.037(R)|      FAST  |clk_BUFGP         |   0.000|
command<2>        |    9.939(R)|      SLOW  |   -3.686(R)|      FAST  |clk_BUFGP         |   0.000|
command<3>        |    9.889(R)|      SLOW  |   -3.707(R)|      FAST  |clk_BUFGP         |   0.000|
command<4>        |   13.024(R)|      SLOW  |   -5.449(R)|      FAST  |clk_BUFGP         |   0.000|
command<5>        |   13.394(R)|      SLOW  |   -5.652(R)|      FAST  |clk_BUFGP         |   0.000|
command<6>        |   12.823(R)|      SLOW  |   -5.388(R)|      FAST  |clk_BUFGP         |   0.000|
command<7>        |   12.163(R)|      SLOW  |   -5.117(R)|      FAST  |clk_BUFGP         |   0.000|
command<8>        |    8.929(R)|      SLOW  |   -3.349(R)|      FAST  |clk_BUFGP         |   0.000|
command<9>        |    7.863(R)|      SLOW  |   -2.935(R)|      FAST  |clk_BUFGP         |   0.000|
command<10>       |   11.266(R)|      SLOW  |   -4.520(R)|      FAST  |clk_BUFGP         |   0.000|
command<11>       |   10.385(R)|      SLOW  |   -4.160(R)|      FAST  |clk_BUFGP         |   0.000|
command<12>       |    9.052(R)|      SLOW  |   -3.294(R)|      FAST  |clk_BUFGP         |   0.000|
command<13>       |   10.498(R)|      SLOW  |   -3.991(R)|      FAST  |clk_BUFGP         |   0.000|
command<14>       |   10.711(R)|      SLOW  |   -4.179(R)|      FAST  |clk_BUFGP         |   0.000|
command<15>       |   11.298(R)|      SLOW  |   -4.433(R)|      FAST  |clk_BUFGP         |   0.000|
command<16>       |   11.343(R)|      SLOW  |   -4.394(R)|      FAST  |clk_BUFGP         |   0.000|
command<17>       |   10.128(R)|      SLOW  |   -3.934(R)|      FAST  |clk_BUFGP         |   0.000|
command<18>       |   10.635(R)|      SLOW  |   -4.171(R)|      FAST  |clk_BUFGP         |   0.000|
command<19>       |    8.727(R)|      SLOW  |   -3.454(R)|      FAST  |clk_BUFGP         |   0.000|
command<20>       |    9.947(R)|      SLOW  |   -3.813(R)|      FAST  |clk_BUFGP         |   0.000|
command<21>       |    9.763(R)|      SLOW  |   -3.817(R)|      FAST  |clk_BUFGP         |   0.000|
command<22>       |   10.691(R)|      SLOW  |   -4.161(R)|      FAST  |clk_BUFGP         |   0.000|
command<23>       |   10.188(R)|      SLOW  |   -3.980(R)|      FAST  |clk_BUFGP         |   0.000|
command<24>       |    9.985(R)|      SLOW  |   -3.815(R)|      FAST  |clk_BUFGP         |   0.000|
command<25>       |   10.204(R)|      SLOW  |   -3.961(R)|      FAST  |clk_BUFGP         |   0.000|
command<26>       |   10.123(R)|      SLOW  |   -3.880(R)|      FAST  |clk_BUFGP         |   0.000|
command<27>       |    9.475(R)|      SLOW  |   -3.641(R)|      FAST  |clk_BUFGP         |   0.000|
command<28>       |    8.269(R)|      SLOW  |   -3.226(R)|      FAST  |clk_BUFGP         |   0.000|
command<29>       |    4.802(R)|      SLOW  |   -1.254(R)|      FAST  |clk_BUFGP         |   0.000|
command<30>       |    3.135(R)|      SLOW  |   -0.535(R)|      FAST  |clk_BUFGP         |   0.000|
command<31>       |    2.123(R)|      SLOW  |   -0.539(R)|      FAST  |clk_BUFGP         |   0.000|
reset             |   11.265(R)|      SLOW  |   -1.630(R)|      FAST  |clk_BUFGP         |   0.000|
------------------+------------+------------+------------+------------+------------------+--------+

Clock clk to Pad
----------------+-----------------+------------+-----------------+------------+------------------+--------+
                |Max (slowest) clk|  Process   |Min (fastest) clk|  Process   |                  | Clock  |
Destination     |  (edge) to PAD  |   Corner   |  (edge) to PAD  |   Corner   |Internal Clock(s) | Phase  |
----------------+-----------------+------------+-----------------+------------+------------------+--------+
bus_data_out<0> |         9.399(R)|      SLOW  |         3.738(R)|      FAST  |clk_BUFGP         |   0.000|
bus_data_out<1> |         9.154(R)|      SLOW  |         3.621(R)|      FAST  |clk_BUFGP         |   0.000|
bus_data_out<2> |         8.946(R)|      SLOW  |         3.530(R)|      FAST  |clk_BUFGP         |   0.000|
bus_data_out<3> |         9.460(R)|      SLOW  |         3.753(R)|      FAST  |clk_BUFGP         |   0.000|
bus_data_out<4> |         9.209(R)|      SLOW  |         3.645(R)|      FAST  |clk_BUFGP         |   0.000|
bus_data_out<5> |         9.209(R)|      SLOW  |         3.645(R)|      FAST  |clk_BUFGP         |   0.000|
bus_data_out<6> |         9.515(R)|      SLOW  |         3.821(R)|      FAST  |clk_BUFGP         |   0.000|
bus_data_out<7> |         9.515(R)|      SLOW  |         3.821(R)|      FAST  |clk_BUFGP         |   0.000|
bus_data_out<8> |         9.869(R)|      SLOW  |         4.040(R)|      FAST  |clk_BUFGP         |   0.000|
bus_data_out<9> |         9.869(R)|      SLOW  |         4.040(R)|      FAST  |clk_BUFGP         |   0.000|
bus_data_out<10>|         9.558(R)|      SLOW  |         3.899(R)|      FAST  |clk_BUFGP         |   0.000|
bus_data_out<11>|         9.558(R)|      SLOW  |         3.899(R)|      FAST  |clk_BUFGP         |   0.000|
bus_data_out<12>|         9.854(R)|      SLOW  |         4.022(R)|      FAST  |clk_BUFGP         |   0.000|
bus_data_out<13>|         9.854(R)|      SLOW  |         4.022(R)|      FAST  |clk_BUFGP         |   0.000|
bus_data_out<14>|         9.412(R)|      SLOW  |         3.771(R)|      FAST  |clk_BUFGP         |   0.000|
bus_data_out<15>|         9.394(R)|      SLOW  |         3.764(R)|      FAST  |clk_BUFGP         |   0.000|
bus_data_out<16>|         9.559(R)|      SLOW  |         3.852(R)|      FAST  |clk_BUFGP         |   0.000|
bus_data_out<17>|         9.648(R)|      SLOW  |         3.842(R)|      FAST  |clk_BUFGP         |   0.000|
bus_data_out<18>|         9.482(R)|      SLOW  |         3.811(R)|      FAST  |clk_BUFGP         |   0.000|
bus_data_out<19>|         9.482(R)|      SLOW  |         3.811(R)|      FAST  |clk_BUFGP         |   0.000|
bus_data_out<20>|         9.412(R)|      SLOW  |         3.709(R)|      FAST  |clk_BUFGP         |   0.000|
bus_data_out<21>|         9.412(R)|      SLOW  |         3.709(R)|      FAST  |clk_BUFGP         |   0.000|
bus_data_out<22>|         9.240(R)|      SLOW  |         3.659(R)|      FAST  |clk_BUFGP         |   0.000|
bus_data_out<23>|         9.240(R)|      SLOW  |         3.659(R)|      FAST  |clk_BUFGP         |   0.000|
bus_data_out<24>|         8.715(R)|      SLOW  |         3.408(R)|      FAST  |clk_BUFGP         |   0.000|
bus_data_out<25>|         8.715(R)|      SLOW  |         3.408(R)|      FAST  |clk_BUFGP         |   0.000|
bus_data_out<26>|         8.730(R)|      SLOW  |         3.443(R)|      FAST  |clk_BUFGP         |   0.000|
bus_data_out<27>|         8.730(R)|      SLOW  |         3.443(R)|      FAST  |clk_BUFGP         |   0.000|
bus_data_out<28>|         9.133(R)|      SLOW  |         3.617(R)|      FAST  |clk_BUFGP         |   0.000|
bus_data_out<29>|         8.908(R)|      SLOW  |         3.531(R)|      FAST  |clk_BUFGP         |   0.000|
bus_data_out<30>|         8.796(R)|      SLOW  |         3.463(R)|      FAST  |clk_BUFGP         |   0.000|
bus_data_out<31>|         8.796(R)|      SLOW  |         3.463(R)|      FAST  |clk_BUFGP         |   0.000|
status<30>      |         8.406(R)|      SLOW  |         3.247(R)|      FAST  |clk_BUFGP         |   0.000|
status<31>      |         8.589(R)|      SLOW  |         3.320(R)|      FAST  |clk_BUFGP         |   0.000|
----------------+-----------------+------------+-----------------+------------+------------------+--------+

Clock to Setup on destination clock clk
---------------+---------+---------+---------+---------+
               | Src:Rise| Src:Fall| Src:Rise| Src:Fall|
Source Clock   |Dest:Rise|Dest:Rise|Dest:Fall|Dest:Fall|
---------------+---------+---------+---------+---------+
clk            |   17.284|   11.883|    5.326|         |
---------------+---------+---------+---------+---------+


Analysis completed Sat Nov 02 19:55:20 2013 
--------------------------------------------------------------------------------

Trace Settings:
-------------------------
Trace Settings 

Peak Memory Usage: 230 MB



