Release 12.4 - ngc2edif M.81d (nt64)
Copyright (c) 1995-2010 Xilinx, Inc.  All rights reserved.
Reading design toplevel.ngc ...
WARNING:NetListWriters:298 - No output is written to toplevel.xncf, ignored.
Processing design ...
   Preping design's networks ...
   Preping design's macros ...
WARNING:NetListWriters:306 - Signal bus MIPS_SC_PROCESSOR/EXMEM/data<136 : 0> on
   block toplevel is not reconstructed, because there are some missing bus
   signals.
WARNING:NetListWriters:306 - Signal bus MIPS_SC_PROCESSOR/ChosenALUInput<31 : 0>
   on block toplevel is not reconstructed, because there are some missing bus
   signals.
WARNING:NetListWriters:306 - Signal bus MIPS_SC_PROCESSOR/chosen_OP<8 : 0> on
   block toplevel is not reconstructed, because there are some missing bus
   signals.
WARNING:NetListWriters:306 - Signal bus MIPS_SC_PROCESSOR/IDEX/data<178 : 0> on
   block toplevel is not reconstructed, because there are some missing bus
   signals.
  finished :Prep
Writing EDIF netlist file toplevel.edif ...
ngc2edif: Total memory usage is 73328 kilobytes

