--------------------------------------------------------------------------------
Release 12.4 Trace  (nt64)
Copyright (c) 1995-2010 Xilinx, Inc.  All rights reserved.

C:\Xilinx\12.4\ISE_DS\ISE\bin\nt64\unwrapped\trce.exe -intstyle ise -v 3 -s 2
-n 3 -fastpaths -xml toplevel_preroute.twx toplevel_map.ncd -o
toplevel_preroute.twr toplevel.pcf -ucf toplevel.ucf

Design file:              toplevel_map.ncd
Physical constraint file: toplevel.pcf
Device,package,speed:     xc6slx16,csg324,C,-2 (PRODUCTION 1.15 2010-12-02)
Report level:             verbose report

Environment Variable      Effect 
--------------------      ------ 
NONE                      No environment variables were set
--------------------------------------------------------------------------------

INFO:Timing:2698 - No timing constraints found, doing default enumeration.
INFO:Timing:2752 - To get complete path coverage, use the unconstrained paths 
   option. All paths that are not constrained will be reported in the 
   unconstrained paths section(s) of the report.
INFO:Timing:3284 - This timing report was generated using estimated delay 
   information.  For accurate numbers, please refer to the post Place and Route 
   timing report.
INFO:Timing:3339 - The clock-to-out numbers in this timing report are based on 
   a 50 Ohm transmission line loading model.  For the details of this model, 
   and for more information on accounting for different loading conditions, 
   please see the device datasheet.



Data Sheet report:
-----------------
All values displayed in nanoseconds (ns)

Setup/Hold to clock clk
------------------+------------+------------+------------+------------+------------------+--------+
                  |Max Setup to|  Process   |Max Hold to |  Process   |                  | Clock  |
Source            | clk (edge) |   Corner   | clk (edge) |   Corner   |Internal Clock(s) | Phase  |
------------------+------------+------------+------------+------------+------------------+--------+
bus_address_in<24>|    1.963(R)|      SLOW  |   -1.027(R)|      SLOW  |clk_BUFGP         |   0.000|
bus_address_in<25>|    1.478(R)|      SLOW  |   -0.760(R)|      SLOW  |clk_BUFGP         |   0.000|
bus_address_in<26>|    2.043(R)|      SLOW  |   -1.080(R)|      SLOW  |clk_BUFGP         |   0.000|
bus_address_in<27>|    1.763(R)|      SLOW  |   -0.791(R)|      SLOW  |clk_BUFGP         |   0.000|
bus_address_in<28>|    2.053(R)|      SLOW  |   -1.536(R)|      SLOW  |clk_BUFGP         |   0.000|
bus_address_in<29>|    2.286(R)|      SLOW  |   -1.819(R)|      SLOW  |clk_BUFGP         |   0.000|
bus_address_in<30>|    2.243(R)|      SLOW  |   -1.726(R)|      SLOW  |clk_BUFGP         |   0.000|
bus_address_in<31>|    1.774(R)|      SLOW  |   -1.307(R)|      SLOW  |clk_BUFGP         |   0.000|
bus_data_in<0>    |    3.325(R)|      SLOW  |   -2.666(R)|      SLOW  |clk_BUFGP         |   0.000|
bus_data_in<1>    |    3.354(R)|      SLOW  |   -2.695(R)|      SLOW  |clk_BUFGP         |   0.000|
bus_data_in<2>    |    3.208(R)|      SLOW  |   -2.549(R)|      SLOW  |clk_BUFGP         |   0.000|
bus_data_in<3>    |    3.014(R)|      SLOW  |   -2.355(R)|      SLOW  |clk_BUFGP         |   0.000|
bus_data_in<4>    |    3.172(R)|      SLOW  |   -2.756(R)|      SLOW  |clk_BUFGP         |   0.000|
bus_data_in<5>    |    3.174(R)|      SLOW  |   -2.758(R)|      SLOW  |clk_BUFGP         |   0.000|
bus_data_in<6>    |    3.170(R)|      SLOW  |   -2.754(R)|      SLOW  |clk_BUFGP         |   0.000|
bus_data_in<7>    |    3.168(R)|      SLOW  |   -2.752(R)|      SLOW  |clk_BUFGP         |   0.000|
bus_data_in<8>    |    3.263(R)|      SLOW  |   -2.847(R)|      SLOW  |clk_BUFGP         |   0.000|
bus_data_in<9>    |    3.451(R)|      SLOW  |   -3.035(R)|      SLOW  |clk_BUFGP         |   0.000|
bus_data_in<10>   |    3.445(R)|      SLOW  |   -3.029(R)|      SLOW  |clk_BUFGP         |   0.000|
bus_data_in<11>   |    3.443(R)|      SLOW  |   -3.027(R)|      SLOW  |clk_BUFGP         |   0.000|
bus_data_in<12>   |    3.212(R)|      SLOW  |   -2.745(R)|      SLOW  |clk_BUFGP         |   0.000|
bus_data_in<13>   |    3.336(R)|      SLOW  |   -2.869(R)|      SLOW  |clk_BUFGP         |   0.000|
bus_data_in<14>   |    3.517(R)|      SLOW  |   -3.050(R)|      SLOW  |clk_BUFGP         |   0.000|
bus_data_in<15>   |    3.511(R)|      SLOW  |   -3.044(R)|      SLOW  |clk_BUFGP         |   0.000|
bus_data_in<16>   |    3.469(R)|      SLOW  |   -3.053(R)|      SLOW  |clk_BUFGP         |   0.000|
bus_data_in<17>   |    3.278(R)|      SLOW  |   -2.862(R)|      SLOW  |clk_BUFGP         |   0.000|
bus_data_in<18>   |    3.469(R)|      SLOW  |   -3.053(R)|      SLOW  |clk_BUFGP         |   0.000|
bus_data_in<19>   |    3.264(R)|      SLOW  |   -2.848(R)|      SLOW  |clk_BUFGP         |   0.000|
bus_data_in<20>   |    3.865(R)|      SLOW  |   -3.438(R)|      SLOW  |clk_BUFGP         |   0.000|
bus_data_in<21>   |    3.625(R)|      SLOW  |   -3.198(R)|      SLOW  |clk_BUFGP         |   0.000|
bus_data_in<22>   |    3.964(R)|      SLOW  |   -3.537(R)|      SLOW  |clk_BUFGP         |   0.000|
bus_data_in<23>   |    3.772(R)|      SLOW  |   -3.345(R)|      SLOW  |clk_BUFGP         |   0.000|
bus_data_in<24>   |    4.062(R)|      SLOW  |   -3.403(R)|      SLOW  |clk_BUFGP         |   0.000|
bus_data_in<25>   |    4.269(R)|      SLOW  |   -3.610(R)|      SLOW  |clk_BUFGP         |   0.000|
bus_data_in<26>   |    3.829(R)|      SLOW  |   -3.170(R)|      SLOW  |clk_BUFGP         |   0.000|
bus_data_in<27>   |    3.839(R)|      SLOW  |   -3.180(R)|      SLOW  |clk_BUFGP         |   0.000|
bus_data_in<28>   |    3.798(R)|      SLOW  |   -3.139(R)|      SLOW  |clk_BUFGP         |   0.000|
bus_data_in<29>   |    3.723(R)|      SLOW  |   -3.064(R)|      SLOW  |clk_BUFGP         |   0.000|
bus_data_in<30>   |    3.786(R)|      SLOW  |   -3.127(R)|      SLOW  |clk_BUFGP         |   0.000|
bus_data_in<31>   |    3.784(R)|      SLOW  |   -3.125(R)|      SLOW  |clk_BUFGP         |   0.000|
command<0>        |    8.620(R)|      SLOW  |   -6.398(R)|      FAST  |clk_BUFGP         |   0.000|
command<1>        |    8.083(R)|      SLOW  |   -6.078(R)|      FAST  |clk_BUFGP         |   0.000|
command<2>        |    8.161(R)|      SLOW  |   -5.939(R)|      FAST  |clk_BUFGP         |   0.000|
command<3>        |    9.020(R)|      SLOW  |   -6.798(R)|      FAST  |clk_BUFGP         |   0.000|
command<4>        |    8.408(R)|      SLOW  |   -6.218(R)|      FAST  |clk_BUFGP         |   0.000|
command<5>        |    8.720(R)|      SLOW  |   -6.530(R)|      FAST  |clk_BUFGP         |   0.000|
command<6>        |    8.201(R)|      SLOW  |   -6.190(R)|      FAST  |clk_BUFGP         |   0.000|
command<7>        |    8.716(R)|      SLOW  |   -6.705(R)|      FAST  |clk_BUFGP         |   0.000|
command<8>        |    6.610(R)|      SLOW  |   -4.790(R)|      FAST  |clk_BUFGP         |   0.000|
command<9>        |    7.005(R)|      SLOW  |   -5.185(R)|      FAST  |clk_BUFGP         |   0.000|
command<10>       |    8.563(R)|      SLOW  |   -6.341(R)|      FAST  |clk_BUFGP         |   0.000|
command<11>       |    8.803(R)|      SLOW  |   -6.581(R)|      FAST  |clk_BUFGP         |   0.000|
command<12>       |    7.033(R)|      SLOW  |   -5.028(R)|      FAST  |clk_BUFGP         |   0.000|
command<13>       |    8.189(R)|      SLOW  |   -5.967(R)|      FAST  |clk_BUFGP         |   0.000|
command<14>       |    8.064(R)|      SLOW  |   -5.842(R)|      FAST  |clk_BUFGP         |   0.000|
command<15>       |    8.336(R)|      SLOW  |   -6.146(R)|      FAST  |clk_BUFGP         |   0.000|
command<16>       |    9.033(R)|      SLOW  |   -6.843(R)|      FAST  |clk_BUFGP         |   0.000|
command<17>       |    7.805(R)|      SLOW  |   -5.794(R)|      FAST  |clk_BUFGP         |   0.000|
command<18>       |    8.062(R)|      SLOW  |   -6.051(R)|      FAST  |clk_BUFGP         |   0.000|
command<19>       |    7.252(R)|      SLOW  |   -5.432(R)|      FAST  |clk_BUFGP         |   0.000|
command<20>       |    8.685(R)|      SLOW  |   -6.463(R)|      FAST  |clk_BUFGP         |   0.000|
command<21>       |    8.715(R)|      SLOW  |   -6.493(R)|      FAST  |clk_BUFGP         |   0.000|
command<22>       |    8.290(R)|      SLOW  |   -6.068(R)|      FAST  |clk_BUFGP         |   0.000|
command<23>       |    8.467(R)|      SLOW  |   -6.245(R)|      FAST  |clk_BUFGP         |   0.000|
command<24>       |    8.505(R)|      SLOW  |   -6.315(R)|      FAST  |clk_BUFGP         |   0.000|
command<25>       |    8.633(R)|      SLOW  |   -6.443(R)|      FAST  |clk_BUFGP         |   0.000|
command<26>       |    7.961(R)|      SLOW  |   -5.950(R)|      FAST  |clk_BUFGP         |   0.000|
command<27>       |    7.853(R)|      SLOW  |   -5.842(R)|      FAST  |clk_BUFGP         |   0.000|
command<28>       |    7.128(R)|      SLOW  |   -5.308(R)|      FAST  |clk_BUFGP         |   0.000|
command<29>       |    4.832(R)|      SLOW  |   -3.177(R)|      SLOW  |clk_BUFGP         |   0.000|
command<30>       |    4.000(R)|      SLOW  |   -2.713(R)|      SLOW  |clk_BUFGP         |   0.000|
command<31>       |    3.748(R)|      SLOW  |   -2.773(R)|      SLOW  |clk_BUFGP         |   0.000|
reset             |    7.696(R)|      SLOW  |   -3.057(R)|      SLOW  |clk_BUFGP         |   0.000|
------------------+------------+------------+------------+------------+------------------+--------+

Clock clk to Pad
----------------+-----------------+------------+-----------------+------------+------------------+--------+
                |Max (slowest) clk|  Process   |Min (fastest) clk|  Process   |                  | Clock  |
Destination     |  (edge) to PAD  |   Corner   |  (edge) to PAD  |   Corner   |Internal Clock(s) | Phase  |
----------------+-----------------+------------+-----------------+------------+------------------+--------+
bus_data_out<0> |         8.894(R)|      SLOW  |         6.325(R)|      FAST  |clk_BUFGP         |   0.000|
bus_data_out<1> |         8.938(R)|      SLOW  |         6.369(R)|      FAST  |clk_BUFGP         |   0.000|
bus_data_out<2> |         9.120(R)|      SLOW  |         6.551(R)|      FAST  |clk_BUFGP         |   0.000|
bus_data_out<3> |         9.153(R)|      SLOW  |         6.584(R)|      FAST  |clk_BUFGP         |   0.000|
bus_data_out<4> |         8.939(R)|      SLOW  |         6.370(R)|      FAST  |clk_BUFGP         |   0.000|
bus_data_out<5> |         9.276(R)|      SLOW  |         6.707(R)|      FAST  |clk_BUFGP         |   0.000|
bus_data_out<6> |         9.228(R)|      SLOW  |         6.659(R)|      FAST  |clk_BUFGP         |   0.000|
bus_data_out<7> |         9.463(R)|      SLOW  |         6.894(R)|      FAST  |clk_BUFGP         |   0.000|
bus_data_out<8> |         8.927(R)|      SLOW  |         6.358(R)|      FAST  |clk_BUFGP         |   0.000|
bus_data_out<9> |         9.467(R)|      SLOW  |         6.898(R)|      FAST  |clk_BUFGP         |   0.000|
bus_data_out<10>|         9.489(R)|      SLOW  |         6.920(R)|      FAST  |clk_BUFGP         |   0.000|
bus_data_out<11>|         9.494(R)|      SLOW  |         6.925(R)|      FAST  |clk_BUFGP         |   0.000|
bus_data_out<12>|         9.700(R)|      SLOW  |         7.180(R)|      FAST  |clk_BUFGP         |   0.000|
bus_data_out<13>|         9.956(R)|      SLOW  |         7.436(R)|      FAST  |clk_BUFGP         |   0.000|
bus_data_out<14>|         9.956(R)|      SLOW  |         7.436(R)|      FAST  |clk_BUFGP         |   0.000|
bus_data_out<15>|         9.627(R)|      SLOW  |         7.107(R)|      FAST  |clk_BUFGP         |   0.000|
bus_data_out<16>|        10.135(R)|      SLOW  |         7.615(R)|      FAST  |clk_BUFGP         |   0.000|
bus_data_out<17>|        10.484(R)|      SLOW  |         7.964(R)|      FAST  |clk_BUFGP         |   0.000|
bus_data_out<18>|        10.379(R)|      SLOW  |         7.859(R)|      FAST  |clk_BUFGP         |   0.000|
bus_data_out<19>|        10.963(R)|      SLOW  |         8.443(R)|      FAST  |clk_BUFGP         |   0.000|
bus_data_out<20>|        10.207(R)|      SLOW  |         7.684(R)|      FAST  |clk_BUFGP         |   0.000|
bus_data_out<21>|        10.208(R)|      SLOW  |         7.685(R)|      FAST  |clk_BUFGP         |   0.000|
bus_data_out<22>|        10.208(R)|      SLOW  |         7.685(R)|      FAST  |clk_BUFGP         |   0.000|
bus_data_out<23>|        10.166(R)|      SLOW  |         7.643(R)|      FAST  |clk_BUFGP         |   0.000|
bus_data_out<24>|        10.204(R)|      SLOW  |         7.684(R)|      FAST  |clk_BUFGP         |   0.000|
bus_data_out<25>|         9.386(R)|      SLOW  |         6.866(R)|      FAST  |clk_BUFGP         |   0.000|
bus_data_out<26>|        10.185(R)|      SLOW  |         7.665(R)|      FAST  |clk_BUFGP         |   0.000|
bus_data_out<27>|         9.660(R)|      SLOW  |         7.140(R)|      FAST  |clk_BUFGP         |   0.000|
bus_data_out<28>|         9.973(R)|      SLOW  |         7.404(R)|      FAST  |clk_BUFGP         |   0.000|
bus_data_out<29>|         9.948(R)|      SLOW  |         7.379(R)|      FAST  |clk_BUFGP         |   0.000|
bus_data_out<30>|         9.947(R)|      SLOW  |         7.378(R)|      FAST  |clk_BUFGP         |   0.000|
bus_data_out<31>|         9.741(R)|      SLOW  |         7.172(R)|      FAST  |clk_BUFGP         |   0.000|
status<30>      |         9.552(R)|      SLOW  |         6.976(R)|      FAST  |clk_BUFGP         |   0.000|
status<31>      |         9.570(R)|      SLOW  |         6.994(R)|      FAST  |clk_BUFGP         |   0.000|
----------------+-----------------+------------+-----------------+------------+------------------+--------+

Clock to Setup on destination clock clk
---------------+---------+---------+---------+---------+
               | Src:Rise| Src:Fall| Src:Rise| Src:Fall|
Source Clock   |Dest:Rise|Dest:Rise|Dest:Fall|Dest:Fall|
---------------+---------+---------+---------+---------+
clk            |   17.207|    7.642|    6.035|         |
---------------+---------+---------+---------+---------+


Analysis completed Thu Nov 07 18:11:36 2013 
--------------------------------------------------------------------------------

Trace Settings:
-------------------------
Trace Settings 

Peak Memory Usage: 235 MB



