Running: C:\Xilinx\12.4\ISE_DS\ISE\bin\nt64\unwrapped\fuse.exe -intstyle ise -incremental -lib secureip -o C:/Users/eiriklf/git/dmkonsttdt4255_work/exersise2version1/tb_toplevel_isim_beh.exe -prj C:/Users/eiriklf/git/dmkonsttdt4255_work/exersise2version1/tb_toplevel_beh.prj work.tb_toplevel 
ISim M.81d (signature 0x12940baa)
Number of CPUs detected in this system: 4
Turning on mult-threading, number of parallel sub-compilation jobs: 8 
Determining compilation order of HDL files
Parsing VHDL file "C:/Users/eiriklf/git/dmkonsttdt4255_work/exersise2version1/file/lookahead.vhd" into library work
Parsing VHDL file "C:/Users/eiriklf/git/dmkonsttdt4255_work/exersise2version1/file/mips_constant_pkg.vhd" into library work
Parsing VHDL file "C:/Users/eiriklf/git/dmkonsttdt4255_work/exersise2version1/file/full_adder.vhd" into library work
Parsing VHDL file "C:/Users/eiriklf/git/dmkonsttdt4255_work/exersise2version1/file/alu_1bit.vhd" into library work
Parsing VHDL file "C:/Users/eiriklf/git/dmkonsttdt4255_work/exersise2version1/TriputMux.vhd" into library work
Parsing VHDL file "C:/Users/eiriklf/git/dmkonsttdt4255_work/exersise2version1/regis.vhd" into library work
Parsing VHDL file "C:/Users/eiriklf/git/dmkonsttdt4255_work/exersise2version1/Hazarddetection.vhd" into library work
Parsing VHDL file "C:/Users/eiriklf/git/dmkonsttdt4255_work/exersise2version1/Forward.vhd" into library work
Parsing VHDL file "C:/Users/eiriklf/git/dmkonsttdt4255_work/exersise2version1/file/register_file.vhd" into library work
Parsing VHDL file "C:/Users/eiriklf/git/dmkonsttdt4255_work/exersise2version1/file/PC.vhd" into library work
Parsing VHDL file "C:/Users/eiriklf/git/dmkonsttdt4255_work/exersise2version1/file/mux.vhd" into library work
Parsing VHDL file "C:/Users/eiriklf/git/dmkonsttdt4255_work/exersise2version1/file/control.vhd" into library work
Parsing VHDL file "C:/Users/eiriklf/git/dmkonsttdt4255_work/exersise2version1/file/ALUop.vhd" into library work
Parsing VHDL file "C:/Users/eiriklf/git/dmkonsttdt4255_work/exersise2version1/file/alu.vhd" into library work
Parsing VHDL file "C:/Users/eiriklf/git/dmkonsttdt4255_work/exersise2version1/file/adder.vhd" into library work
Parsing VHDL file "C:/Users/eiriklf/git/dmkonsttdt4255_work/exersise2version1/file/processor.vhd" into library work
WARNING:HDLCompiler:946 - "C:/Users/eiriklf/git/dmkonsttdt4255_work/exersise2version1/file/processor.vhd" Line 316: Actual for formal port data_in is neither a static name nor a globally static expression
WARNING:HDLCompiler:946 - "C:/Users/eiriklf/git/dmkonsttdt4255_work/exersise2version1/file/processor.vhd" Line 324: Actual for formal port data_in is neither a static name nor a globally static expression
WARNING:HDLCompiler:946 - "C:/Users/eiriklf/git/dmkonsttdt4255_work/exersise2version1/file/processor.vhd" Line 331: Actual for formal port data_in is neither a static name nor a globally static expression
WARNING:HDLCompiler:946 - "C:/Users/eiriklf/git/dmkonsttdt4255_work/exersise2version1/file/processor.vhd" Line 338: Actual for formal port data_in is neither a static name nor a globally static expression
Parsing VHDL file "C:/Users/eiriklf/git/dmkonsttdt4255_work/exersise2version1/file/memory.vhd" into library work
Parsing VHDL file "C:/Users/eiriklf/git/dmkonsttdt4255_work/exersise2version1/file/com.vhd" into library work
Parsing VHDL file "C:/Users/eiriklf/git/dmkonsttdt4255_work/exersise2version1/file/toplevel.vhd" into library work
Parsing VHDL file "C:/Users/eiriklf/git/dmkonsttdt4255_work/exersise2version1/tb_toplevel.vhd" into library work
Starting static elaboration
Completed static elaboration
Using precompiled package standard from library std
Using precompiled package std_logic_1164 from library ieee
Using precompiled package numeric_std from library ieee
Using precompiled package std_logic_arith from library ieee
Using precompiled package std_logic_unsigned from library ieee
Compiling package mips_constant_pkg
Compiling architecture behavioral of entity com [\com(32,32,32)\]
Compiling architecture behavioral of entity memory [\memory(32,8)\]
Compiling architecture behavioral of entity aluoperation [aluoperation_default]
Compiling architecture behavioral of entity alu_full_adder [alu_full_adder_default]
Compiling architecture behavioral of entity alu_1bit [alu_1bit_default]
Compiling architecture behavioral of entity alu [\alu(32)\]
Compiling architecture behavioral of entity register_file [register_file_default]
Compiling architecture behavioral of entity pc [pc_default]
Compiling architecture behavioral of entity regis [\regis(64)\]
Compiling architecture behavioral of entity regis [\regis(184)\]
Compiling architecture behavioral of entity regis [\regis(139)\]
Compiling architecture behavioral of entity regis [\regis(71)\]
Compiling architecture behavioral of entity forwarding [forwarding_default]
Compiling architecture behavioral of entity control [control_default]
Compiling architecture behavioral of entity hazarddetection [hazarddetection_default]
Compiling architecture behavioral of entity full_adder [full_adder_default]
Compiling architecture behavioral of entity adder [\adder(32)\]
Compiling architecture behavioral of entity triputmux [triputmux_default]
Compiling architecture behavioral of entity simple_multiplexer [\simple_multiplexer(5)\]
Compiling architecture behavioral of entity simple_multiplexer [\simple_multiplexer(32)\]
Compiling architecture behavioral of entity simple_multiplexer [\simple_multiplexer(9)\]
Compiling architecture behavioral of entity processor [\PROCESSOR(32,32)\]
Compiling architecture behavioral of entity toplevel [\toplevel(32,32)\]
Compiling architecture behavior of entity tb_toplevel
Time Resolution for simulation is 1ps.
Waiting for 7 sub-compilation(s) to finish...
ERROR:Simulator:904 - Unable to remove previous simulation file isim/tb_toplevel_isim_beh.exe.sim/tb_toplevel_isim_beh.exe. Please check if you have another instance of this simulation running on your system, terminate it and then recompile your design. System Error Message: boost::filesystem::remove: Access is denied: "isim\tb_toplevel_isim_beh.exe.sim\tb_toplevel_isim_beh.exe"
ERROR:Simulator:861 - Failed to link the design
