--------------------------------------------------------------------------------
Release 12.4 Trace  (nt64)
Copyright (c) 1995-2010 Xilinx, Inc.  All rights reserved.

C:\Xilinx\12.4\ISE_DS\ISE\bin\nt64\unwrapped\trce.exe -intstyle ise -v 3 -s 2
-n 3 -fastpaths -xml toplevel.twx toplevel.ncd -o toplevel.twr toplevel.pcf

Design file:              toplevel.ncd
Physical constraint file: toplevel.pcf
Device,package,speed:     xc6slx16,csg324,C,-2 (PRODUCTION 1.15 2010-12-02)
Report level:             verbose report

Environment Variable      Effect 
--------------------      ------ 
NONE                      No environment variables were set
--------------------------------------------------------------------------------

INFO:Timing:2698 - No timing constraints found, doing default enumeration.
INFO:Timing:2752 - To get complete path coverage, use the unconstrained paths 
   option. All paths that are not constrained will be reported in the 
   unconstrained paths section(s) of the report.
INFO:Timing:3339 - The clock-to-out numbers in this timing report are based on 
   a 50 Ohm transmission line loading model.  For the details of this model, 
   and for more information on accounting for different loading conditions, 
   please see the device datasheet.



Data Sheet report:
-----------------
All values displayed in nanoseconds (ns)

Setup/Hold to clock clk
------------------+------------+------------+------------+------------+------------------+--------+
                  |Max Setup to|  Process   |Max Hold to |  Process   |                  | Clock  |
Source            | clk (edge) |   Corner   | clk (edge) |   Corner   |Internal Clock(s) | Phase  |
------------------+------------+------------+------------+------------+------------------+--------+
bus_address_in<24>|    2.694(R)|      SLOW  |   -0.852(R)|      FAST  |clk_BUFGP         |   0.000|
bus_address_in<25>|    2.396(R)|      SLOW  |   -0.600(R)|      FAST  |clk_BUFGP         |   0.000|
bus_address_in<26>|    2.682(R)|      SLOW  |   -0.774(R)|      FAST  |clk_BUFGP         |   0.000|
bus_address_in<27>|    2.023(R)|      SLOW  |   -0.611(R)|      FAST  |clk_BUFGP         |   0.000|
bus_address_in<28>|    2.947(R)|      SLOW  |   -0.914(R)|      FAST  |clk_BUFGP         |   0.000|
bus_address_in<29>|    2.606(R)|      SLOW  |   -0.870(R)|      FAST  |clk_BUFGP         |   0.000|
bus_address_in<30>|    4.123(R)|      SLOW  |   -1.437(R)|      FAST  |clk_BUFGP         |   0.000|
bus_address_in<31>|    2.743(R)|      SLOW  |   -0.846(R)|      FAST  |clk_BUFGP         |   0.000|
bus_data_in<0>    |    2.356(R)|      SLOW  |   -0.661(R)|      FAST  |clk_BUFGP         |   0.000|
bus_data_in<1>    |    2.130(R)|      SLOW  |   -0.620(R)|      FAST  |clk_BUFGP         |   0.000|
bus_data_in<2>    |    2.378(R)|      SLOW  |   -0.696(R)|      FAST  |clk_BUFGP         |   0.000|
bus_data_in<3>    |    1.894(R)|      SLOW  |   -0.518(R)|      FAST  |clk_BUFGP         |   0.000|
bus_data_in<4>    |    2.427(R)|      SLOW  |   -0.745(R)|      FAST  |clk_BUFGP         |   0.000|
bus_data_in<5>    |    2.292(R)|      SLOW  |   -0.714(R)|      FAST  |clk_BUFGP         |   0.000|
bus_data_in<6>    |    2.535(R)|      SLOW  |   -0.826(R)|      FAST  |clk_BUFGP         |   0.000|
bus_data_in<7>    |    2.378(R)|      SLOW  |   -0.765(R)|      FAST  |clk_BUFGP         |   0.000|
bus_data_in<8>    |    1.814(R)|      SLOW  |   -0.443(R)|      FAST  |clk_BUFGP         |   0.000|
bus_data_in<9>    |    1.598(R)|      SLOW  |   -0.390(R)|      FAST  |clk_BUFGP         |   0.000|
bus_data_in<10>   |    1.832(R)|      SLOW  |   -0.458(R)|      FAST  |clk_BUFGP         |   0.000|
bus_data_in<11>   |    1.520(R)|      SLOW  |   -0.357(R)|      FAST  |clk_BUFGP         |   0.000|
bus_data_in<12>   |    1.649(R)|      SLOW  |   -0.499(R)|      FAST  |clk_BUFGP         |   0.000|
bus_data_in<13>   |    1.694(R)|      SLOW  |   -0.550(R)|      FAST  |clk_BUFGP         |   0.000|
bus_data_in<14>   |    1.886(R)|      SLOW  |   -0.578(R)|      FAST  |clk_BUFGP         |   0.000|
bus_data_in<15>   |    1.505(R)|      SLOW  |   -0.456(R)|      FAST  |clk_BUFGP         |   0.000|
bus_data_in<16>   |    1.442(R)|      SLOW  |   -0.286(R)|      FAST  |clk_BUFGP         |   0.000|
bus_data_in<17>   |    0.992(R)|      SLOW  |    0.021(R)|      SLOW  |clk_BUFGP         |   0.000|
bus_data_in<18>   |    1.465(R)|      SLOW  |   -0.296(R)|      FAST  |clk_BUFGP         |   0.000|
bus_data_in<19>   |    1.311(R)|      SLOW  |   -0.282(R)|      SLOW  |clk_BUFGP         |   0.000|
bus_data_in<20>   |    1.419(R)|      SLOW  |   -0.288(R)|      FAST  |clk_BUFGP         |   0.000|
bus_data_in<21>   |    1.214(R)|      SLOW  |   -0.233(R)|      FAST  |clk_BUFGP         |   0.000|
bus_data_in<22>   |    1.151(R)|      SLOW  |   -0.172(R)|      FAST  |clk_BUFGP         |   0.000|
bus_data_in<23>   |    1.031(R)|      SLOW  |   -0.067(R)|      SLOW  |clk_BUFGP         |   0.000|
bus_data_in<24>   |    2.108(R)|      SLOW  |   -0.686(R)|      FAST  |clk_BUFGP         |   0.000|
bus_data_in<25>   |    1.817(R)|      SLOW  |   -0.584(R)|      SLOW  |clk_BUFGP         |   0.000|
bus_data_in<26>   |    2.415(R)|      SLOW  |   -0.753(R)|      FAST  |clk_BUFGP         |   0.000|
bus_data_in<27>   |    2.378(R)|      SLOW  |   -0.778(R)|      FAST  |clk_BUFGP         |   0.000|
bus_data_in<28>   |    1.528(R)|      SLOW  |   -0.375(R)|      FAST  |clk_BUFGP         |   0.000|
bus_data_in<29>   |    1.765(R)|      SLOW  |   -0.449(R)|      FAST  |clk_BUFGP         |   0.000|
bus_data_in<30>   |    1.675(R)|      SLOW  |   -0.464(R)|      FAST  |clk_BUFGP         |   0.000|
bus_data_in<31>   |    1.594(R)|      SLOW  |   -0.379(R)|      FAST  |clk_BUFGP         |   0.000|
command<0>        |    9.299(R)|      SLOW  |   -2.786(R)|      FAST  |clk_BUFGP         |   0.000|
command<1>        |    8.261(R)|      SLOW  |   -2.477(R)|      FAST  |clk_BUFGP         |   0.000|
command<2>        |    9.074(R)|      SLOW  |   -2.694(R)|      FAST  |clk_BUFGP         |   0.000|
command<3>        |    9.203(R)|      SLOW  |   -2.810(R)|      FAST  |clk_BUFGP         |   0.000|
command<4>        |   10.251(R)|      SLOW  |   -3.454(R)|      FAST  |clk_BUFGP         |   0.000|
command<5>        |   10.094(R)|      SLOW  |   -3.239(R)|      FAST  |clk_BUFGP         |   0.000|
command<6>        |    8.657(R)|      SLOW  |   -2.655(R)|      FAST  |clk_BUFGP         |   0.000|
command<7>        |    8.094(R)|      SLOW  |   -2.447(R)|      FAST  |clk_BUFGP         |   0.000|
command<8>        |    8.157(R)|      SLOW  |   -2.456(R)|      FAST  |clk_BUFGP         |   0.000|
command<9>        |    7.793(R)|      SLOW  |   -2.297(R)|      FAST  |clk_BUFGP         |   0.000|
command<10>       |    9.967(R)|      SLOW  |   -3.100(R)|      FAST  |clk_BUFGP         |   0.000|
command<11>       |    9.446(R)|      SLOW  |   -2.934(R)|      FAST  |clk_BUFGP         |   0.000|
command<12>       |    8.202(R)|      SLOW  |   -2.311(R)|      FAST  |clk_BUFGP         |   0.000|
command<13>       |    9.691(R)|      SLOW  |   -3.065(R)|      FAST  |clk_BUFGP         |   0.000|
command<14>       |    9.590(R)|      SLOW  |   -2.974(R)|      FAST  |clk_BUFGP         |   0.000|
command<15>       |   10.456(R)|      SLOW  |   -3.484(R)|      FAST  |clk_BUFGP         |   0.000|
command<16>       |   11.146(R)|      SLOW  |   -3.736(R)|      FAST  |clk_BUFGP         |   0.000|
command<17>       |    9.092(R)|      SLOW  |   -3.014(R)|      FAST  |clk_BUFGP         |   0.000|
command<18>       |    8.558(R)|      SLOW  |   -2.709(R)|      FAST  |clk_BUFGP         |   0.000|
command<19>       |    8.067(R)|      SLOW  |   -2.509(R)|      FAST  |clk_BUFGP         |   0.000|
command<20>       |    9.414(R)|      SLOW  |   -2.966(R)|      FAST  |clk_BUFGP         |   0.000|
command<21>       |    9.261(R)|      SLOW  |   -2.909(R)|      FAST  |clk_BUFGP         |   0.000|
command<22>       |    9.469(R)|      SLOW  |   -2.939(R)|      FAST  |clk_BUFGP         |   0.000|
command<23>       |    9.408(R)|      SLOW  |   -2.961(R)|      FAST  |clk_BUFGP         |   0.000|
command<24>       |   10.185(R)|      SLOW  |   -3.344(R)|      FAST  |clk_BUFGP         |   0.000|
command<25>       |    9.843(R)|      SLOW  |   -3.211(R)|      FAST  |clk_BUFGP         |   0.000|
command<26>       |    8.807(R)|      SLOW  |   -2.807(R)|      FAST  |clk_BUFGP         |   0.000|
command<27>       |    8.386(R)|      SLOW  |   -2.703(R)|      FAST  |clk_BUFGP         |   0.000|
command<28>       |    7.631(R)|      SLOW  |   -2.266(R)|      FAST  |clk_BUFGP         |   0.000|
command<29>       |    6.401(R)|      SLOW  |   -2.337(R)|      FAST  |clk_BUFGP         |   0.000|
command<30>       |    4.584(R)|      SLOW  |   -1.474(R)|      FAST  |clk_BUFGP         |   0.000|
command<31>       |    3.425(R)|      SLOW  |   -1.326(R)|      FAST  |clk_BUFGP         |   0.000|
reset             |    9.878(R)|      SLOW  |   -1.678(R)|      FAST  |clk_BUFGP         |   0.000|
------------------+------------+------------+------------+------------+------------------+--------+

Clock clk to Pad
----------------+-----------------+------------+-----------------+------------+------------------+--------+
                |Max (slowest) clk|  Process   |Min (fastest) clk|  Process   |                  | Clock  |
Destination     |  (edge) to PAD  |   Corner   |  (edge) to PAD  |   Corner   |Internal Clock(s) | Phase  |
----------------+-----------------+------------+-----------------+------------+------------------+--------+
bus_data_out<0> |        10.083(R)|      SLOW  |         4.153(R)|      FAST  |clk_BUFGP         |   0.000|
bus_data_out<1> |        10.083(R)|      SLOW  |         4.153(R)|      FAST  |clk_BUFGP         |   0.000|
bus_data_out<2> |        10.492(R)|      SLOW  |         4.389(R)|      FAST  |clk_BUFGP         |   0.000|
bus_data_out<3> |         9.938(R)|      SLOW  |         4.055(R)|      FAST  |clk_BUFGP         |   0.000|
bus_data_out<4> |        10.234(R)|      SLOW  |         4.320(R)|      FAST  |clk_BUFGP         |   0.000|
bus_data_out<5> |        10.088(R)|      SLOW  |         4.168(R)|      FAST  |clk_BUFGP         |   0.000|
bus_data_out<6> |        10.435(R)|      SLOW  |         4.350(R)|      FAST  |clk_BUFGP         |   0.000|
bus_data_out<7> |        10.429(R)|      SLOW  |         4.348(R)|      FAST  |clk_BUFGP         |   0.000|
bus_data_out<8> |        10.278(R)|      SLOW  |         4.324(R)|      FAST  |clk_BUFGP         |   0.000|
bus_data_out<9> |        10.579(R)|      SLOW  |         4.459(R)|      FAST  |clk_BUFGP         |   0.000|
bus_data_out<10>|        10.213(R)|      SLOW  |         4.216(R)|      FAST  |clk_BUFGP         |   0.000|
bus_data_out<11>|        10.213(R)|      SLOW  |         4.216(R)|      FAST  |clk_BUFGP         |   0.000|
bus_data_out<12>|         9.997(R)|      SLOW  |         4.202(R)|      FAST  |clk_BUFGP         |   0.000|
bus_data_out<13>|        10.003(R)|      SLOW  |         4.204(R)|      FAST  |clk_BUFGP         |   0.000|
bus_data_out<14>|         9.766(R)|      SLOW  |         3.993(R)|      FAST  |clk_BUFGP         |   0.000|
bus_data_out<15>|         9.766(R)|      SLOW  |         3.993(R)|      FAST  |clk_BUFGP         |   0.000|
bus_data_out<16>|        10.159(R)|      SLOW  |         4.145(R)|      FAST  |clk_BUFGP         |   0.000|
bus_data_out<17>|        10.159(R)|      SLOW  |         4.145(R)|      FAST  |clk_BUFGP         |   0.000|
bus_data_out<18>|         9.894(R)|      SLOW  |         4.040(R)|      FAST  |clk_BUFGP         |   0.000|
bus_data_out<19>|         9.972(R)|      SLOW  |         4.108(R)|      FAST  |clk_BUFGP         |   0.000|
bus_data_out<20>|        10.232(R)|      SLOW  |         4.206(R)|      FAST  |clk_BUFGP         |   0.000|
bus_data_out<21>|        10.212(R)|      SLOW  |         4.214(R)|      FAST  |clk_BUFGP         |   0.000|
bus_data_out<22>|         9.616(R)|      SLOW  |         3.929(R)|      FAST  |clk_BUFGP         |   0.000|
bus_data_out<23>|         9.616(R)|      SLOW  |         3.929(R)|      FAST  |clk_BUFGP         |   0.000|
bus_data_out<24>|         9.643(R)|      SLOW  |         3.896(R)|      FAST  |clk_BUFGP         |   0.000|
bus_data_out<25>|         9.643(R)|      SLOW  |         3.896(R)|      FAST  |clk_BUFGP         |   0.000|
bus_data_out<26>|         9.937(R)|      SLOW  |         4.057(R)|      FAST  |clk_BUFGP         |   0.000|
bus_data_out<27>|         9.950(R)|      SLOW  |         4.063(R)|      FAST  |clk_BUFGP         |   0.000|
bus_data_out<28>|         9.842(R)|      SLOW  |         4.018(R)|      FAST  |clk_BUFGP         |   0.000|
bus_data_out<29>|         9.855(R)|      SLOW  |         4.024(R)|      FAST  |clk_BUFGP         |   0.000|
bus_data_out<30>|         9.503(R)|      SLOW  |         3.858(R)|      FAST  |clk_BUFGP         |   0.000|
bus_data_out<31>|         9.503(R)|      SLOW  |         3.858(R)|      FAST  |clk_BUFGP         |   0.000|
status<30>      |         9.727(R)|      SLOW  |         3.961(R)|      FAST  |clk_BUFGP         |   0.000|
status<31>      |         9.867(R)|      SLOW  |         4.017(R)|      FAST  |clk_BUFGP         |   0.000|
----------------+-----------------+------------+-----------------+------------+------------------+--------+

Clock to Setup on destination clock clk
---------------+---------+---------+---------+---------+
               | Src:Rise| Src:Fall| Src:Rise| Src:Fall|
Source Clock   |Dest:Rise|Dest:Rise|Dest:Fall|Dest:Fall|
---------------+---------+---------+---------+---------+
clk            |   14.824|    7.142|    4.738|         |
---------------+---------+---------+---------+---------+


Analysis completed Mon Nov 04 19:46:16 2013 
--------------------------------------------------------------------------------

Trace Settings:
-------------------------
Trace Settings 

Peak Memory Usage: 224 MB



